### ISSUE TITLE
Crashing issue in 2.9.1 (Urgent)

### ISSUE THREAD

**Issue by karimcambridge** [samp-incognito/samp-streamer-plugin#194]
```
backtrace:
#0  0xf7fd8be9 in __kernel_vsyscall ()
No symbol table info available.
#1  0xf7c34ea9 in raise () from /lib/i386-linux-gnu/libc.so.6
No symbol table info available.
#2  0xf7c36407 in abort () from /lib/i386-linux-gnu/libc.so.6
No symbol table info available.
#3  0xf7c7037c in ?? () from /lib/i386-linux-gnu/libc.so.6
No symbol table info available.
#4  0xf7c762f7 in ?? () from /lib/i386-linux-gnu/libc.so.6
No symbol table info available.
#5  0xf7c7868c in ?? () from /lib/i386-linux-gnu/libc.so.6
No symbol table info available.
#6  0xf7c79e45 in malloc () from /lib/i386-linux-gnu/libc.so.6
No symbol table info available.
#7  0xf7ea2187 in operator new(unsigned int) () from /usr/lib/i386-linux-gnu/libstdc++.so.6
No symbol table info available.
#8  0xf65bc7fe in Streamer::discoverObjects(Player&, std::vector<boost::intrusive_ptr<Cell>, std::allocator<boost::intrusive_ptr<Cell> > > const&) () from plugins/streamer.so
No symbol table info available.
#9  0xf65be7ba in Streamer::performPlayerUpdate(Player&, bool) () from plugins/streamer.so
No symbol table info available.
#10 0xf65bf3cd in Streamer::startAutomaticUpdate() () from plugins/streamer.so
No symbol table info available.
#11 0xf657d1d5 in ProcessTick () from plugins/streamer.so
No symbol table info available.
#12 0x080d1ce2 in ?? ()
No symbol table info available.
#13 0x080aef6c in ?? ()
No symbol table info available.
#14 0x080aa13a in ?? ()
No symbol table info available.
#15 0xf7c21637 in __libc_start_main () from /lib/i386-linux-gnu/libc.so.6
No symbol table info available.
#16 0x0804b4e1 in ?? ()
No symbol table info available.


registers:
eax            0x0	0
ecx            0x614	1556
edx            0x6	6
ebx            0x614	1556
esp            0xffffcea8	0xffffcea8
ebp            0xffffd168	0xffffd168
esi            0xf7dbb000	-136597504
edi            0xffffcf64	-12444
eip            0xf7fd8be9	0xf7fd8be9 <__kernel_vsyscall+9>
eflags         0x206	[ PF IF ]
cs             0x23	35
ss             0x2b	43
ds             0x2b	43
es             0x2b	43
fs             0x0	0
gs             0x63	99


current instructions:
=> 0xf7fd8be9 <__kernel_vsyscall+9>:	pop    %ebp
   0xf7fd8bea <__kernel_vsyscall+10>:	pop    %edx
   0xf7fd8beb <__kernel_vsyscall+11>:	pop    %ecx
   0xf7fd8bec <__kernel_vsyscall+12>:	ret    
   0xf7fd8bed:	adc    %bl,%bh
   0xf7fd8bef:	(bad)  
   0xf7fd8bf0:	pushl  (%eax)
   0xf7fd8bf2:	add    %al,(%eax)
   0xf7fd8bf4:	add    %dh,0x0(%ecx)
   0xf7fd8bf7:	add    (%ebx),%eax
   0xf7fd8bf9:	add    0x26fffffb,%eax
   0xf7fd8bff:	add    %al,(%eax)
   0xf7fd8c01:	add    %dh,0x0(%edx)
   0xf7fd8c04:	add    (%ebx),%eax
   0xf7fd8c06:	add    %esp,%ebx
   0xf7fd8c08:	(bad)  


threads backtrace:

Thread 11 (Thread 0xec3cdb40 (LWP 1587)):
#0  0xf7fd8be9 in __kernel_vsyscall ()
#1  0xf7fb3a6c in pthread_cond_wait@@GLIBC_2.3.2 () from /lib/i386-linux-gnu/libpthread.so.0
#2  0xf6e48880 in boost::asio::detail::posix_thread::func<boost::asio::detail::resolver_service_base::work_io_service_runner>::run() () from plugins/irc.so
#3  0xf6e30a37 in boost_asio_detail_posix_thread_function () from plugins/irc.so
#4  0xf7fae295 in start_thread () from /lib/i386-linux-gnu/libpthread.so.0
#5  0xf7cefeee in clone () from /lib/i386-linux-gnu/libc.so.6

Thread 9 (Thread 0xf187ab40 (LWP 1585)):
#0  0xf7fd8be9 in __kernel_vsyscall ()
#1  0xf7fb3a6c in pthread_cond_wait@@GLIBC_2.3.2 () from /lib/i386-linux-gnu/libpthread.so.0
#2  0xf7ec8c6e in std::condition_variable::wait(std::unique_lock<std::mutex>&) () from /usr/lib/i386-linux-gnu/libstdc++.so.6
#3  0xf7b43106 in CThreadedConnection::WorkerFunc() () from plugins/mysql.so
#4  0xf7b4d68f in void std::_Mem_fn_base<void (CThreadedConnection::*)(), true>::operator()<, void>(CThreadedConnection*) const () from plugins/mysql.so
#5  0xf7b4d5f5 in void std::_Bind<std::_Mem_fn<void (CThreadedConnection::*)()> (CThreadedConnection*)>::__call<void, , 0u>(std::tuple<>&&, std::_Index_tuple<0u>) () from plugins/mysql.so
#6  0xf7b4d53d in void std::_Bind<std::_Mem_fn<void (CThreadedConnection::*)()> (CThreadedConnection*)>::operator()<, void>() () from plugins/mysql.so
#7  0xf7b4d4f2 in void std::_Bind_simple<std::_Bind<std::_Mem_fn<void (CThreadedConnection::*)()> (CThreadedConnection*)> ()>::_M_invoke<>(std::_Index_tuple<>) () from plugins/mysql.so
#8  0xf7b4d42f in std::_Bind_simple<std::_Bind<std::_Mem_fn<void (CThreadedConnection::*)()> (CThreadedConnection*)> ()>::operator()() () from plugins/mysql.so
#9  0xf7b4d2f9 in std::thread::_Impl<std::_Bind_simple<std::_Bind<std::_Mem_fn<void (CThreadedConnection::*)()> (CThreadedConnection*)> ()> >::_M_run() () from plugins/mysql.so
#10 0xf7ece62e in ?? () from /usr/lib/i386-linux-gnu/libstdc++.so.6
#11 0xf7fae295 in start_thread () from /lib/i386-linux-gnu/libpthread.so.0
#12 0xf7cefeee in clone () from /lib/i386-linux-gnu/libc.so.6

Thread 8 (Thread 0xf20fcb40 (LWP 1584)):
#0  0xf7fd8be9 in __kernel_vsyscall ()
#1  0xf7fb3a6c in pthread_cond_wait@@GLIBC_2.3.2 () from /lib/i386-linux-gnu/libpthread.so.0
#2  0xf7ec8c6e in std::condition_variable::wait(std::unique_lock<std::mutex>&) () from /usr/lib/i386-linux-gnu/libstdc++.so.6
#3  0xf7b43106 in CThreadedConnection::WorkerFunc() () from plugins/mysql.so
#4  0xf7b4d68f in void std::_Mem_fn_base<void (CThreadedConnection::*)(), true>::operator()<, void>(CThreadedConnection*) const () from plugins/mysql.so
#5  0xf7b4d5f5 in void std::_Bind<std::_Mem_fn<void (CThreadedConnection::*)()> (CThreadedConnection*)>::__call<void, , 0u>(std::tuple<>&&, std::_Index_tuple<0u>) () from plugins/mysql.so
#6  0xf7b4d53d in void std::_Bind<std::_Mem_fn<void (CThreadedConnection::*)()> (CThreadedConnection*)>::operator()<, void>() () from plugins/mysql.so
#7  0xf7b4d4f2 in void std::_Bind_simple<std::_Bind<std::_Mem_fn<void (CThreadedConnection::*)()> (CThreadedConnection*)> ()>::_M_invoke<>(std::_Index_tuple<>) () from plugins/mysql.so
#8  0xf7b4d42f in std::_Bind_simple<std::_Bind<std::_Mem_fn<void (CThreadedConnection::*)()> (CThreadedConnection*)> ()>::operator()() () from plugins/mysql.so
#9  0xf7b4d2f9 in std::thread::_Impl<std::_Bind_simple<std::_Bind<std::_Mem_fn<void (CThreadedConnection::*)()> (CThreadedConnection*)> ()> >::_M_run() () from plugins/mysql.so
#10 0xf7ece62e in ?? () from /usr/lib/i386-linux-gnu/libstdc++.so.6
#11 0xf7fae295 in start_thread () from /lib/i386-linux-gnu/libpthread.so.0
#12 0xf7cefeee in clone () from /lib/i386-linux-gnu/libc.so.6

Thread 7 (Thread 0xf297eb40 (LWP 1583)):
#0  0xf7fd8be9 in __kernel_vsyscall ()
#1  0xf7fb3a6c in pthread_cond_wait@@GLIBC_2.3.2 () from /lib/i386-linux-gnu/libpthread.so.0
#2  0xf7ec8c6e in std::condition_variable::wait(std::unique_lock<std::mutex>&) () from /usr/lib/i386-linux-gnu/libstdc++.so.6
#3  0xf7b43106 in CThreadedConnection::WorkerFunc() () from plugins/mysql.so
#4  0xf7b4d68f in void std::_Mem_fn_base<void (CThreadedConnection::*)(), true>::operator()<, void>(CThreadedConnection*) const () from plugins/mysql.so
#5  0xf7b4d5f5 in void std::_Bind<std::_Mem_fn<void (CThreadedConnection::*)()> (CThreadedConnection*)>::__call<void, , 0u>(std::tuple<>&&, std::_Index_tuple<0u>) () from plugins/mysql.so
#6  0xf7b4d53d in void std::_Bind<std::_Mem_fn<void (CThreadedConnection::*)()> (CThreadedConnection*)>::operator()<, void>() () from plugins/mysql.so
#7  0xf7b4d4f2 in void std::_Bind_simple<std::_Bind<std::_Mem_fn<void (CThreadedConnection::*)()> (CThreadedConnection*)> ()>::_M_invoke<>(std::_Index_tuple<>) () from plugins/mysql.so
#8  0xf7b4d42f in std::_Bind_simple<std::_Bind<std::_Mem_fn<void (CThreadedConnection::*)()> (CThreadedConnection*)> ()>::operator()() () from plugins/mysql.so
#9  0xf7b4d2f9 in std::thread::_Impl<std::_Bind_simple<std::_Bind<std::_Mem_fn<void (CThreadedConnection::*)()> (CThreadedConnection*)> ()> >::_M_run() () from plugins/mysql.so
#10 0xf7ece62e in ?? () from /usr/lib/i386-linux-gnu/libstdc++.so.6
#11 0xf7fae295 in start_thread () from /lib/i386-linux-gnu/libpthread.so.0
#12 0xf7cefeee in clone () from /lib/i386-linux-gnu/libc.so.6

Thread 6 (Thread 0xf3551b40 (LWP 1582)):
#0  0xf7fd8be9 in __kernel_vsyscall ()
#1  0xf7fb7389 in recv () from /lib/i386-linux-gnu/libpthread.so.0
#2  0xf76d9dfb in ?? () from /usr/lib/i386-linux-gnu/libmysqlclient.so.20
#3  0xf76da850 in ?? () from /usr/lib/i386-linux-gnu/libmysqlclient.so.20
#4  0xf770db17 in ?? () from /usr/lib/i386-linux-gnu/libmysqlclient.so.20
#5  0xf7709a7c in ?? () from /usr/lib/i386-linux-gnu/libmysqlclient.so.20
#6  0xf770a029 in ?? () from /usr/lib/i386-linux-gnu/libmysqlclient.so.20
#7  0xf770b189 in ?? () from /usr/lib/i386-linux-gnu/libmysqlclient.so.20
#8  0xf76efd7f in ?? () from /usr/lib/i386-linux-gnu/libmysqlclient.so.20
#9  0xf76da891 in ?? () from /usr/lib/i386-linux-gnu/libmysqlclient.so.20
#10 0xf76b8b28 in ?? () from /usr/lib/i386-linux-gnu/libmysqlclient.so.20
#11 0xf76b8dc3 in ?? () from /usr/lib/i386-linux-gnu/libmysqlclient.so.20
#12 0xf76b9b2c in ?? () from /usr/lib/i386-linux-gnu/libmysqlclient.so.20
#13 0xf76ada9f in ?? () from /usr/lib/i386-linux-gnu/libmysqlclient.so.20
#14 0xf76add7f in ?? () from /usr/lib/i386-linux-gnu/libmysqlclient.so.20
#15 0xf76aeb3a in ?? () from /usr/lib/i386-linux-gnu/libmysqlclient.so.20
#16 0xf76b086a in mysql_real_query () from /usr/lib/i386-linux-gnu/libmysqlclient.so.20
#17 0xf7b8038c in CQuery::Execute(st_mysql*) () from plugins/mysql.so
#18 0xf7b42c11 in CConnection::Execute(std::shared_ptr<CQuery>) () from plugins/mysql.so
#19 0xf7b4317b in CThreadedConnection::WorkerFunc() () from plugins/mysql.so
#20 0xf7b4d68f in void std::_Mem_fn_base<void (CThreadedConnection::*)(), true>::operator()<, void>(CThreadedConnection*) const () from plugins/mysql.so
#21 0xf7b4d5f5 in void std::_Bind<std::_Mem_fn<void (CThreadedConnection::*)()> (CThreadedConnection*)>::__call<void, , 0u>(std::tuple<>&&, std::_Index_tuple<0u>) () from plugins/mysql.so
#22 0xf7b4d53d in void std::_Bind<std::_Mem_fn<void (CThreadedConnection::*)()> (CThreadedConnection*)>::operator()<, void>() () from plugins/mysql.so
#23 0xf7b4d4f2 in void std::_Bind_simple<std::_Bind<std::_Mem_fn<void (CThreadedConnection::*)()> (CThreadedConnection*)> ()>::_M_invoke<>(std::_Index_tuple<>) () from plugins/mysql.so
#24 0xf7b4d42f in std::_Bind_simple<std::_Bind<std::_Mem_fn<void (CThreadedConnection::*)()> (CThreadedConnection*)> ()>::operator()() () from plugins/mysql.so
#25 0xf7b4d2f9 in std::thread::_Impl<std::_Bind_simple<std::_Bind<std::_Mem_fn<void (CThreadedConnection::*)()> (CThreadedConnection*)> ()> >::_M_run() () from plugins/mysql.so
#26 0xf7ece62e in ?? () from /usr/lib/i386-linux-gnu/libstdc++.so.6
#27 0xf7fae295 in start_thread () from /lib/i386-linux-gnu/libpthread.so.0
#28 0xf7cefeee in clone () from /lib/i386-linux-gnu/libc.so.6

Thread 4 (Thread 0xf63b0b40 (LWP 1562)):
#0  0xf7fd8be9 in __kernel_vsyscall ()
#1  0xf7cb925a in nanosleep () from /lib/i386-linux-gnu/libc.so.6
#2  0xf7ce9105 in usleep () from /lib/i386-linux-gnu/libc.so.6
#3  0x08076410 in ?? ()
#4  0xf7fae295 in start_thread () from /lib/i386-linux-gnu/libpthread.so.0
#5  0xf7cefeee in clone () from /lib/i386-linux-gnu/libc.so.6

Thread 3 (Thread 0xf6de6b40 (LWP 1561)):
#0  0xf7fd8be9 in __kernel_vsyscall ()
#1  0xf7cfc9a2 in ?? () from /lib/i386-linux-gnu/libc.so.6
#2  0xf7c76f2f in ?? () from /lib/i386-linux-gnu/libc.so.6
#3  0xf7e9fd88 in operator delete(void*) () from /usr/lib/i386-linux-gnu/libstdc++.so.6
#4  0xf6e35ce1 in boost::asio::detail::reactive_socket_recv_op<boost::asio::mutable_buffers_1, boost::_bi::bind_t<void, boost::_mfi::mf2<void, Client, boost::system::error_code const&, unsigned int>, boost::_bi::list3<boost::_bi::value<boost::shared_ptr<Client> >, boost::arg<1> (*)(), boost::arg<2> (*)()> > >::do_complete(boost::asio::detail::task_io_service*, boost::asio::detail::task_io_service_operation*, boost::system::error_code const&, unsigned int) () from plugins/irc.so
#5  0xf6e3efc0 in ?? () from plugins/irc.so
#6  0xf6e4d28c in ?? () from plugins/irc.so
#7  0xf6e4c162 in ?? () from plugins/irc.so
#8  0xf6e1db61 in ?? () from plugins/irc.so
#9  0xf7fae295 in start_thread () from /lib/i386-linux-gnu/libpthread.so.0
#10 0xf7cefeee in clone () from /lib/i386-linux-gnu/libc.so.6

Thread 2 (Thread 0xf767ab40 (LWP 1560)):
#0  0xf7fd8be9 in __kernel_vsyscall ()
#1  0xf7fb3a6c in pthread_cond_wait@@GLIBC_2.3.2 () from /lib/i386-linux-gnu/libpthread.so.0
#2  0xf7ec8c6e in std::condition_variable::wait(std::unique_lock<std::mutex>&) () from /usr/lib/i386-linux-gnu/libstdc++.so.6
#3  0xf7a9b884 in CLogManager::Process() () from log-core.so
#4  0xf7aa730b in void std::_Mem_fn_base<void (CLogManager::*)(), true>::operator()<, void>(CLogManager*) const () from log-core.so
#5  0xf7aa71f3 in void std::_Bind<std::_Mem_fn<void (CLogManager::*)()> (CLogManager*)>::__call<void, , 0u>(std::tuple<>&&, std::_Index_tuple<0u>) () from log-core.so
#6  0xf7aa70e1 in void std::_Bind<std::_Mem_fn<void (CLogManager::*)()> (CLogManager*)>::operator()<, void>() () from log-core.so
#7  0xf7aa706a in void std::_Bind_simple<std::_Bind<std::_Mem_fn<void (CLogManager::*)()> (CLogManager*)> ()>::_M_invoke<>(std::_Index_tuple<>) () from log-core.so
#8  0xf7aa6f33 in std::_Bind_simple<std::_Bind<std::_Mem_fn<void (CLogManager::*)()> (CLogManager*)> ()>::operator()() () from log-core.so
#9  0xf7aa6de7 in std::thread::_Impl<std::_Bind_simple<std::_Bind<std::_Mem_fn<void (CLogManager::*)()> (CLogManager*)> ()> >::_M_run() () from log-core.so
#10 0xf7ece62e in ?? () from /usr/lib/i386-linux-gnu/libstdc++.so.6
#11 0xf7fae295 in start_thread () from /lib/i386-linux-gnu/libpthread.so.0
#12 0xf7cefeee in clone () from /lib/i386-linux-gnu/libc.so.6

Thread 1 (Thread 0xf7c07700 (LWP 1556)):
#0  0xf7fd8be9 in __kernel_vsyscall ()
#1  0xf7c34ea9 in raise () from /lib/i386-linux-gnu/libc.so.6
#2  0xf7c36407 in abort () from /lib/i386-linux-gnu/libc.so.6
#3  0xf7c7037c in ?? () from /lib/i386-linux-gnu/libc.so.6
#4  0xf7c762f7 in ?? () from /lib/i386-linux-gnu/libc.so.6
#5  0xf7c7868c in ?? () from /lib/i386-linux-gnu/libc.so.6
#6  0xf7c79e45 in malloc () from /lib/i386-linux-gnu/libc.so.6
#7  0xf7ea2187 in operator new(unsigned int) () from /usr/lib/i386-linux-gnu/libstdc++.so.6
#8  0xf65bc7fe in Streamer::discoverObjects(Player&, std::vector<boost::intrusive_ptr<Cell>, std::allocator<boost::intrusive_ptr<Cell> > > const&) () from plugins/streamer.so
#9  0xf65be7ba in Streamer::performPlayerUpdate(Player&, bool) () from plugins/streamer.so
#10 0xf65bf3cd in Streamer::startAutomaticUpdate() () from plugins/streamer.so
#11 0xf657d1d5 in ProcessTick () from plugins/streamer.so
#12 0x080d1ce2 in ?? ()
#13 0x080aef6c in ?? ()
#14 0x080aa13a in ?? ()
#15 0xf7c21637 in __libc_start_main () from /lib/i386-linux-gnu/libc.so.6
#16 0x0804b4e1 in ?? ()


Memory map:
Symbols from "/home/ubuntu/kcnr/samp03svr".
Native process:
	Using the running image of child Thread 0xf7c07700 (LWP 1556).
	While running this, GDB does not access memory from...
Local exec file:
	`/home/ubuntu/kcnr/samp03svr', file type elf32-i386.
	Entry point: 0x804b4c0
	0x08048134 - 0x08048147 is .interp
	0x08048148 - 0x08048168 is .note.ABI-tag
	0x08048168 - 0x080487c0 is .hash
	0x080487c0 - 0x080494b0 is .dynsym
	0x080494b0 - 0x08049ed4 is .dynstr
	0x08049ed4 - 0x0804a072 is .gnu.version
	0x0804a074 - 0x0804a1d4 is .gnu.version_r
	0x0804a1d4 - 0x0804a21c is .rel.dyn
	0x0804a21c - 0x0804a83c is .rel.plt
	0x0804a83c - 0x0804a86c is .init
	0x0804a86c - 0x0804b4bc is .plt
	0x0804b4c0 - 0x081506d4 is .text
	0x081506d4 - 0x081506f0 is .fini
	0x08150700 - 0x0816a2c0 is .rodata
	0x0816a2c0 - 0x0816d4bc is .eh_frame_hdr
	0x0816d4bc - 0x0817b468 is .eh_frame
	0x0817b468 - 0x0817fef8 is .gcc_except_table
	0x08180000 - 0x08180024 is .ctors
	0x08180024 - 0x0818002c is .dtors
	0x0818002c - 0x08180030 is .jcr
	0x08180030 - 0x08180120 is .dynamic
	0x08180120 - 0x08180124 is .got
	0x08180124 - 0x08180440 is .got.plt
	0x08180440 - 0x081a188c is .data
	0x081a18a0 - 0x081ccaac is .bss
	0xf7fd9114 - 0xf7fd9138 is .note.gnu.build-id in /lib/ld-linux.so.2
	0xf7fd9138 - 0xf7fd91fc is .hash in /lib/ld-linux.so.2
	0xf7fd91fc - 0xf7fd92e4 is .gnu.hash in /lib/ld-linux.so.2
	0xf7fd92e4 - 0xf7fd94c4 is .dynsym in /lib/ld-linux.so.2
	0xf7fd94c4 - 0xf7fd966d is .dynstr in /lib/ld-linux.so.2
	0xf7fd966e - 0xf7fd96aa is .gnu.version in /lib/ld-linux.so.2
	0xf7fd96ac - 0xf7fd9774 is .gnu.version_d in /lib/ld-linux.so.2
	0xf7fd9774 - 0xf7fd97dc is .rel.dyn in /lib/ld-linux.so.2
	0xf7fd97dc - 0xf7fd97fc is .rel.plt in /lib/ld-linux.so.2
	0xf7fd9800 - 0xf7fd9850 is .plt in /lib/ld-linux.so.2
	0xf7fd9850 - 0xf7fd9858 is .plt.got in /lib/ld-linux.so.2
	0xf7fd9860 - 0xf7ff261d is .text in /lib/ld-linux.so.2
	0xf7ff2620 - 0xf7ff68c0 is .rodata in /lib/ld-linux.so.2
	0xf7ff68c0 - 0xf7ff68c1 is .stapsdt.base in /lib/ld-linux.so.2
	0xf7ff68c4 - 0xf7ff6f78 is .eh_frame_hdr in /lib/ld-linux.so.2
	0xf7ff6f78 - 0xf7ffae30 is .eh_frame in /lib/ld-linux.so.2
	0xf7ffcc80 - 0xf7ffcf3c is .data.rel.ro in /lib/ld-linux.so.2
	0xf7ffcf3c - 0xf7ffcff4 is .dynamic in /lib/ld-linux.so.2
	0xf7ffcff4 - 0xf7ffcffc is .got in /lib/ld-linux.so.2
	0xf7ffd000 - 0xf7ffd01c is .got.plt in /lib/ld-linux.so.2
	0xf7ffd020 - 0xf7ffd858 is .data in /lib/ld-linux.so.2
	0xf7ffd858 - 0xf7ffd918 is .bss in /lib/ld-linux.so.2
	0xf7fd80b4 - 0xf7fd80ec is .hash in system-supplied DSO at 0xf7fd8000
	0xf7fd80ec - 0xf7fd8130 is .gnu.hash in system-supplied DSO at 0xf7fd8000
	0xf7fd8130 - 0xf7fd81c0 is .dynsym in system-supplied DSO at 0xf7fd8000
	0xf7fd81c0 - 0xf7fd8255 is .dynstr in system-supplied DSO at 0xf7fd8000
	0xf7fd8256 - 0xf7fd8268 is .gnu.version in system-supplied DSO at 0xf7fd8000
	0xf7fd8268 - 0xf7fd82bc is .gnu.version_d in system-supplied DSO at 0xf7fd8000
	0xf7fd82bc - 0xf7fd8344 is .dynamic in system-supplied DSO at 0xf7fd8000
	0xf7fd8344 - 0xf7fd8558 is .rodata in system-supplied DSO at 0xf7fd8000
	0xf7fd8558 - 0xf7fd85b8 is .note in system-supplied DSO at 0xf7fd8000
	0xf7fd85b8 - 0xf7fd85dc is .eh_frame_hdr in system-supplied DSO at 0xf7fd8000
	0xf7fd85dc - 0xf7fd86e8 is .eh_frame in system-supplied DSO at 0xf7fd8000
	0xf7fd86f0 - 0xf7fd8bed is .text in system-supplied DSO at 0xf7fd8000
	0xf7fd8bed - 0xf7fd8c21 is .altinstructions in system-supplied DSO at 0xf7fd8000
	0xf7fd8c21 - 0xf7fd8c2f is .altinstr_replacement in system-supplied DSO at 0xf7fd8000
	0xf7fc5114 - 0xf7fc5138 is .note.gnu.build-id in /lib/i386-linux-gnu/libdl.so.2
	0xf7fc5138 - 0xf7fc5158 is .note.ABI-tag in /lib/i386-linux-gnu/libdl.so.2
	0xf7fc5158 - 0xf7fc5210 is .gnu.hash in /lib/i386-linux-gnu/libdl.so.2
	0xf7fc5210 - 0xf7fc54b0 is .dynsym in /lib/i386-linux-gnu/libdl.so.2
	0xf7fc54b0 - 0xf7fc56be is .dynstr in /lib/i386-linux-gnu/libdl.so.2
	0xf7fc56be - 0xf7fc5712 is .gnu.version in /lib/i386-linux-gnu/libdl.so.2
	0xf7fc5714 - 0xf7fc57dc is .gnu.version_d in /lib/i386-linux-gnu/libdl.so.2
	0xf7fc57dc - 0xf7fc584c is .gnu.version_r in /lib/i386-linux-gnu/libdl.so.2
	0xf7fc584c - 0xf7fc58dc is .rel.dyn in /lib/i386-linux-gnu/libdl.so.2
	0xf7fc58dc - 0xf7fc592c is .rel.plt in /lib/i386-linux-gnu/libdl.so.2
	0xf7fc592c - 0xf7fc594f is .init in /lib/i386-linux-gnu/libdl.so.2
	0xf7fc5950 - 0xf7fc5a00 is .plt in /lib/i386-linux-gnu/libdl.so.2
	0xf7fc5a00 - 0xf7fc5a30 is .plt.got in /lib/i386-linux-gnu/libdl.so.2
	0xf7fc5a30 - 0xf7fc6961 is .text in /lib/i386-linux-gnu/libdl.so.2
	0xf7fc6964 - 0xf7fc6978 is .fini in /lib/i386-linux-gnu/libdl.so.2
	0xf7fc6978 - 0xf7fc6a1b is .rodata in /lib/i386-linux-gnu/libdl.so.2
	0xf7fc6a1c - 0xf7fc6af8 is .eh_frame_hdr in /lib/i386-linux-gnu/libdl.so.2
	0xf7fc6af8 - 0xf7fc7320 is .eh_frame in /lib/i386-linux-gnu/libdl.so.2
	0xf7fc7320 - 0xf7fc74d4 is .hash in /lib/i386-linux-gnu/libdl.so.2
	0xf7fc8eb0 - 0xf7fc8eb8 is .init_array in /lib/i386-linux-gnu/libdl.so.2
	0xf7fc8eb8 - 0xf7fc8ec0 is .fini_array in /lib/i386-linux-gnu/libdl.so.2
	0xf7fc8ec0 - 0xf7fc8ec4 is .jcr in /lib/i386-linux-gnu/libdl.so.2
	0xf7fc8ec4 - 0xf7fc8fcc is .dynamic in /lib/i386-linux-gnu/libdl.so.2
	0xf7fc8fcc - 0xf7fc9000 is .got in /lib/i386-linux-gnu/libdl.so.2
	0xf7fc9000 - 0xf7fc9034 is .got.plt in /lib/i386-linux-gnu/libdl.so.2
	0xf7fc9034 - 0xf7fc9038 is .data in /lib/i386-linux-gnu/libdl.so.2
	0xf7fc9038 - 0xf7fc9068 is .bss in /lib/i386-linux-gnu/libdl.so.2
	0xf7fa8154 - 0xf7fa8178 is .note.gnu.build-id in /lib/i386-linux-gnu/libpthread.so.0
	0xf7fa8178 - 0xf7fa8198 is .note.ABI-tag in /lib/i386-linux-gnu/libpthread.so.0
	0xf7fa8198 - 0xf7fa8ee0 is .gnu.hash in /lib/i386-linux-gnu/libpthread.so.0
	0xf7fa8ee0 - 0xf7faa500 is .dynsym in /lib/i386-linux-gnu/libpthread.so.0
	0xf7faa500 - 0xf7fab93b is .dynstr in /lib/i386-linux-gnu/libpthread.so.0
	0xf7fab93c - 0xf7fabc00 is .gnu.version in /lib/i386-linux-gnu/libpthread.so.0
	0xf7fabc00 - 0xf7fabe30 is .gnu.version_d in /lib/i386-linux-gnu/libpthread.so.0
	0xf7fabe30 - 0xf7fabed0 is .gnu.version_r in /lib/i386-linux-gnu/libpthread.so.0
	0xf7fabed0 - 0xf7fac140 is .rel.dyn in /lib/i386-linux-gnu/libpthread.so.0
	0xf7fac140 - 0xf7fac388 is .rel.plt in /lib/i386-linux-gnu/libpthread.so.0
	0xf7fac388 - 0xf7fac3a1 is .init in /lib/i386-linux-gnu/libpthread.so.0
	0xf7fac3b0 - 0xf7fac850 is .plt in /lib/i386-linux-gnu/libpthread.so.0
	0xf7fac850 - 0xf7fac868 is .plt.got in /lib/i386-linux-gnu/libpthread.so.0
	0xf7fac870 - 0xf7fb9ef1 is .text in /lib/i386-linux-gnu/libpthread.so.0
	0xf7fb9f00 - 0xf7fb9f94 is __libc_freeres_fn in /lib/i386-linux-gnu/libpthread.so.0
	0xf7fb9f94 - 0xf7fb9fa8 is .fini in /lib/i386-linux-gnu/libpthread.so.0
	0xf7fb9fc0 - 0xf7fbac94 is .rodata in /lib/i386-linux-gnu/libpthread.so.0
	0xf7fbac94 - 0xf7fbaca7 is .interp in /lib/i386-linux-gnu/libpthread.so.0
	0xf7fbaca7 - 0xf7fbaca8 is .stapsdt.base in /lib/i386-linux-gnu/libpthread.so.0
	0xf7fbaca8 - 0xf7fbb5cc is .eh_frame_hdr in /lib/i386-linux-gnu/libpthread.so.0
	0xf7fbb5cc - 0xf7fbf3cc is .eh_frame in /lib/i386-linux-gnu/libpthread.so.0
	0xf7fbf3cc - 0xf7fbf470 is .gcc_except_table in /lib/i386-linux-gnu/libpthread.so.0
	0xf7fbf470 - 0xf7fc0434 is .hash in /lib/i386-linux-gnu/libpthread.so.0
	0xf7fc1dac - 0xf7fc1db4 is .init_array in /lib/i386-linux-gnu/libpthread.so.0
	0xf7fc1db4 - 0xf7fc1db8 is .fini_array in /lib/i386-linux-gnu/libpthread.so.0
	0xf7fc1db8 - 0xf7fc1dbc is .jcr in /lib/i386-linux-gnu/libpthread.so.0
	0xf7fc1dbc - 0xf7fc1dc0 is __libc_subfreeres in /lib/i386-linux-gnu/libpthread.so.0
	0xf7fc1dc0 - 0xf7fc1e98 is .data.rel.ro in /lib/i386-linux-gnu/libpthread.so.0
	0xf7fc1e98 - 0xf7fc1fb0 is .dynamic in /lib/i386-linux-gnu/libpthread.so.0
	0xf7fc1fb0 - 0xf7fc1fe8 is .got in /lib/i386-linux-gnu/libpthread.so.0
	0xf7fc2000 - 0xf7fc2130 is .got.plt in /lib/i386-linux-gnu/libpthread.so.0
	0xf7fc2130 - 0xf7fc2164 is .data in /lib/i386-linux-gnu/libpthread.so.0
	0xf7fc2180 - 0xf7fc4260 is .bss in /lib/i386-linux-gnu/libpthread.so.0
	0xf7e31134 - 0xf7e31158 is .note.gnu.build-id in /usr/lib/i386-linux-gnu/libstdc++.so.6
	0xf7e31158 - 0xf7e392ec is .gnu.hash in /usr/lib/i386-linux-gnu/libstdc++.so.6
	0xf7e392ec - 0xf7e4e32c is .dynsym in /usr/lib/i386-linux-gnu/libstdc++.so.6
	0xf7e4e32c - 0xf7e8dea5 is .dynstr in /usr/lib/i386-linux-gnu/libstdc++.so.6
	0xf7e8dea6 - 0xf7e908ae is .gnu.version in /usr/lib/i386-linux-gnu/libstdc++.so.6
	0xf7e908b0 - 0xf7e90d74 is .gnu.version_d in /usr/lib/i386-linux-gnu/libstdc++.so.6
	0xf7e90d74 - 0xf7e90eb4 is .gnu.version_r in /usr/lib/i386-linux-gnu/libstdc++.so.6
	0xf7e90eb4 - 0xf7e986f4 is .rel.dyn in /usr/lib/i386-linux-gnu/libstdc++.so.6
	0xf7e986f4 - 0xf7e9a01c is .rel.plt in /usr/lib/i386-linux-gnu/libstdc++.so.6
	0xf7e9a01c - 0xf7e9a03f is .init in /usr/lib/i386-linux-gnu/libstdc++.so.6
	0xf7e9a040 - 0xf7e9d2a0 is .plt in /usr/lib/i386-linux-gnu/libstdc++.so.6
	0xf7e9d2a0 - 0xf7e9d360 is .plt.got in /usr/lib/i386-linux-gnu/libstdc++.so.6
	0xf7e9d360 - 0xf7f51ca4 is .text in /usr/lib/i386-linux-gnu/libstdc++.so.6
	0xf7f51ca4 - 0xf7f51cb8 is .fini in /usr/lib/i386-linux-gnu/libstdc++.so.6
	0xf7f51cc0 - 0xf7f58fe4 is .rodata in /usr/lib/i386-linux-gnu/libstdc++.so.6
	0xf7f58fe4 - 0xf7f58fe5 is .stapsdt.base in /usr/lib/i386-linux-gnu/libstdc++.so.6
	0xf7f58fe8 - 0xf7f604cc is .eh_frame_hdr in /usr/lib/i386-linux-gnu/libstdc++.so.6
	0xf7f604cc - 0xf7f97228 is .eh_frame in /usr/lib/i386-linux-gnu/libstdc++.so.6
	0xf7f97228 - 0xf7f9d3db is .gcc_except_table in /usr/lib/i386-linux-gnu/libstdc++.so.6
	0xf7f9f08c - 0xf7f9f09c is .tbss in /usr/lib/i386-linux-gnu/libstdc++.so.6
	0xf7f9f08c - 0xf7f9f0b8 is .init_array in /usr/lib/i386-linux-gnu/libstdc++.so.6
	0xf7f9f0b8 - 0xf7f9f0bc is .fini_array in /usr/lib/i386-linux-gnu/libstdc++.so.6
	0xf7f9f0bc - 0xf7f9f0c0 is .jcr in /usr/lib/i386-linux-gnu/libstdc++.so.6
	0xf7f9f0c0 - 0xf7fa3664 is .data.rel.ro in /usr/lib/i386-linux-gnu/libstdc++.so.6
	0xf7fa3664 - 0xf7fa3774 is .dynamic in /usr/lib/i386-linux-gnu/libstdc++.so.6
	0xf7fa3774 - 0xf7fa3ff4 is .got in /usr/lib/i386-linux-gnu/libstdc++.so.6
	0xf7fa4000 - 0xf7fa4ca0 is .got.plt in /usr/lib/i386-linux-gnu/libstdc++.so.6
	0xf7fa4ca0 - 0xf7fa4e44 is .data in /usr/lib/i386-linux-gnu/libstdc++.so.6
	0xf7fa4e60 - 0xf7fa7260 is .bss in /usr/lib/i386-linux-gnu/libstdc++.so.6
	0xf7ddc114 - 0xf7ddc138 is .note.gnu.build-id in /lib/i386-linux-gnu/libm.so.6
	0xf7ddc138 - 0xf7ddc158 is .note.ABI-tag in /lib/i386-linux-gnu/libm.so.6
	0xf7ddc158 - 0xf7ddd688 is .gnu.hash in /lib/i386-linux-gnu/libm.so.6
	0xf7ddd688 - 0xf7ddf1b8 is .dynsym in /lib/i386-linux-gnu/libm.so.6
	0xf7ddf1b8 - 0xf7ddfebb is .dynstr in /lib/i386-linux-gnu/libm.so.6
	0xf7ddfebc - 0xf7de0222 is .gnu.version in /lib/i386-linux-gnu/libm.so.6
	0xf7de0224 - 0xf7de0334 is .gnu.version_d in /lib/i386-linux-gnu/libm.so.6
	0xf7de0334 - 0xf7de0394 is .gnu.version_r in /lib/i386-linux-gnu/libm.so.6
	0xf7de0394 - 0xf7de040c is .rel.dyn in /lib/i386-linux-gnu/libm.so.6
	0xf7de040c - 0xf7de0474 is .rel.plt in /lib/i386-linux-gnu/libm.so.6
	0xf7de0474 - 0xf7de0497 is .init in /lib/i386-linux-gnu/libm.so.6
	0xf7de04a0 - 0xf7de0580 is .plt in /lib/i386-linux-gnu/libm.so.6
	0xf7de0580 - 0xf7de0590 is .plt.got in /lib/i386-linux-gnu/libm.so.6
	0xf7de0590 - 0xf7e180f7 is .text in /lib/i386-linux-gnu/libm.so.6
	0xf7e180f8 - 0xf7e1810c is .fini in /lib/i386-linux-gnu/libm.so.6
	0xf7e18120 - 0xf7e233d4 is .rodata in /lib/i386-linux-gnu/libm.so.6
	0xf7e233d4 - 0xf7e233d5 is .stapsdt.base in /lib/i386-linux-gnu/libm.so.6
	0xf7e233d8 - 0xf7e2440c is .eh_frame_hdr in /lib/i386-linux-gnu/libm.so.6
	0xf7e2440c - 0xf7e2d778 is .eh_frame in /lib/i386-linux-gnu/libm.so.6
	0xf7e2d778 - 0xf7e2eba0 is .hash in /lib/i386-linux-gnu/libm.so.6
	0xf7e2feb4 - 0xf7e2feb8 is .init_array in /lib/i386-linux-gnu/libm.so.6
	0xf7e2feb8 - 0xf7e2febc is .fini_array in /lib/i386-linux-gnu/libm.so.6
	0xf7e2febc - 0xf7e2fec0 is .jcr in /lib/i386-linux-gnu/libm.so.6
	0xf7e2fec0 - 0xf7e2ffd0 is .dynamic in /lib/i386-linux-gnu/libm.so.6
	0xf7e2ffd0 - 0xf7e30000 is .got in /lib/i386-linux-gnu/libm.so.6
	0xf7e30000 - 0xf7e30040 is .got.plt in /lib/i386-linux-gnu/libm.so.6
	0xf7e30040 - 0xf7e30048 is .data in /lib/i386-linux-gnu/libm.so.6
	0xf7e30048 - 0xf7e30050 is .bss in /lib/i386-linux-gnu/libm.so.6
	0xf7dbf0f4 - 0xf7dbf118 is .note.gnu.build-id in /lib/i386-linux-gnu/libgcc_s.so.1
	0xf7dbf118 - 0xf7dbf5e0 is .gnu.hash in /lib/i386-linux-gnu/libgcc_s.so.1
	0xf7dbf5e0 - 0xf7dbfff0 is .dynsym in /lib/i386-linux-gnu/libgcc_s.so.1
	0xf7dbfff0 - 0xf7dc0872 is .dynstr in /lib/i386-linux-gnu/libgcc_s.so.1
	0xf7dc0872 - 0xf7dc09b4 is .gnu.version in /lib/i386-linux-gnu/libgcc_s.so.1
	0xf7dc09b4 - 0xf7dc0b9c is .gnu.version_d in /lib/i386-linux-gnu/libgcc_s.so.1
	0xf7dc0b9c - 0xf7dc0bdc is .gnu.version_r in /lib/i386-linux-gnu/libgcc_s.so.1
	0xf7dc0bdc - 0xf7dc0c34 is .rel.dyn in /lib/i386-linux-gnu/libgcc_s.so.1
	0xf7dc0c34 - 0xf7dc0d8c is .rel.plt in /lib/i386-linux-gnu/libgcc_s.so.1
	0xf7dc0d8c - 0xf7dc0daf is .init in /lib/i386-linux-gnu/libgcc_s.so.1
	0xf7dc0db0 - 0xf7dc1070 is .plt in /lib/i386-linux-gnu/libgcc_s.so.1
	0xf7dc1070 - 0xf7dc1080 is .plt.got in /lib/i386-linux-gnu/libgcc_s.so.1
	0xf7dc1080 - 0xf7dd6d35 is .text in /lib/i386-linux-gnu/libgcc_s.so.1
	0xf7dd6d38 - 0xf7dd6d4c is .fini in /lib/i386-linux-gnu/libgcc_s.so.1
	0xf7dd6d60 - 0xf7dd76e0 is .rodata in /lib/i386-linux-gnu/libgcc_s.so.1
	0xf7dd76e0 - 0xf7dd7c14 is .eh_frame_hdr in /lib/i386-linux-gnu/libgcc_s.so.1
	0xf7dd7c14 - 0xf7dda824 is .eh_frame in /lib/i386-linux-gnu/libgcc_s.so.1
	0xf7ddb824 - 0xf7ddb82c is .init_array in /lib/i386-linux-gnu/libgcc_s.so.1
	0xf7ddb82c - 0xf7ddb830 is .fini_array in /lib/i386-linux-gnu/libgcc_s.so.1
	0xf7ddb830 - 0xf7ddb834 is .jcr in /lib/i386-linux-gnu/libgcc_s.so.1
	0xf7ddb834 - 0xf7ddb92c is .dynamic in /lib/i386-linux-gnu/libgcc_s.so.1
	0xf7ddb92c - 0xf7ddb948 is .got in /lib/i386-linux-gnu/libgcc_s.so.1
	0xf7ddb948 - 0xf7ddba00 is .got.plt in /lib/i386-linux-gnu/libgcc_s.so.1
	0xf7ddba00 - 0xf7ddba10 is .data in /lib/i386-linux-gnu/libgcc_s.so.1
	0xf7ddba20 - 0xf7ddbb94 is .bss in /lib/i386-linux-gnu/libgcc_s.so.1
	0xf7c09174 - 0xf7c09198 is .note.gnu.build-id in /lib/i386-linux-gnu/libc.so.6
	0xf7c09198 - 0xf7c091b8 is .note.ABI-tag in /lib/i386-linux-gnu/libc.so.6
	0xf7c091b8 - 0xf7c0cf28 is .gnu.hash in /lib/i386-linux-gnu/libc.so.6
	0xf7c0cf28 - 0xf7c16618 is .dynsym in /lib/i386-linux-gnu/libc.so.6
	0xf7c16618 - 0xf7c1c45c is .dynstr in /lib/i386-linux-gnu/libc.so.6
	0xf7c1c45c - 0xf7c1d73a is .gnu.version in /lib/i386-linux-gnu/libc.so.6
	0xf7c1d73c - 0xf7c1dc10 is .gnu.version_d in /lib/i386-linux-gnu/libc.so.6
	0xf7c1dc10 - 0xf7c1dc50 is .gnu.version_r in /lib/i386-linux-gnu/libc.so.6
	0xf7c1dc50 - 0xf7c20650 is .rel.dyn in /lib/i386-linux-gnu/libc.so.6
	0xf7c20650 - 0xf7c20698 is .rel.plt in /lib/i386-linux-gnu/libc.so.6
	0xf7c206a0 - 0xf7c20740 is .plt in /lib/i386-linux-gnu/libc.so.6
	0xf7c20740 - 0xf7c20750 is .plt.got in /lib/i386-linux-gnu/libc.so.6
	0xf7c20750 - 0xf7d4c04d is .text in /lib/i386-linux-gnu/libc.so.6
	0xf7d4c050 - 0xf7d4d07e is __libc_freeres_fn in /lib/i386-linux-gnu/libc.so.6
	0xf7d4d080 - 0xf7d4d2b9 is __libc_thread_freeres_fn in /lib/i386-linux-gnu/libc.so.6
	0xf7d4d2c0 - 0xf7d6de74 is .rodata in /lib/i386-linux-gnu/libc.so.6
	0xf7d6de74 - 0xf7d6de75 is .stapsdt.base in /lib/i386-linux-gnu/libc.so.6
	0xf7d6de78 - 0xf7d6de8b is .interp in /lib/i386-linux-gnu/libc.so.6
	0xf7d6de8c - 0xf7d74028 is .eh_frame_hdr in /lib/i386-linux-gnu/libc.so.6
	0xf7d74028 - 0xf7db44d4 is .eh_frame in /lib/i386-linux-gnu/libc.so.6
	0xf7db44d4 - 0xf7db4949 is .gcc_except_table in /lib/i386-linux-gnu/libc.so.6
	0xf7db494c - 0xf7db7f0c is .hash in /lib/i386-linux-gnu/libc.so.6
	0xf7db923c - 0xf7db9244 is .tdata in /lib/i386-linux-gnu/libc.so.6
	0xf7db9244 - 0xf7db9284 is .tbss in /lib/i386-linux-gnu/libc.so.6
	0xf7db9244 - 0xf7db9250 is .init_array in /lib/i386-linux-gnu/libc.so.6
	0xf7db9250 - 0xf7db92cc is __libc_subfreeres in /lib/i386-linux-gnu/libc.so.6
	0xf7db92cc - 0xf7db92d0 is __libc_atexit in /lib/i386-linux-gnu/libc.so.6
	0xf7db92d0 - 0xf7db92e0 is __libc_thread_subfreeres in /lib/i386-linux-gnu/libc.so.6
	0xf7db92e0 - 0xf7dbadb0 is .data.rel.ro in /lib/i386-linux-gnu/libc.so.6
	0xf7dbadb0 - 0xf7dbaea0 is .dynamic in /lib/i386-linux-gnu/libc.so.6
	0xf7dbaea0 - 0xf7dbaff0 is .got in /lib/i386-linux-gnu/libc.so.6
	0xf7dbb000 - 0xf7dbb030 is .got.plt in /lib/i386-linux-gnu/libc.so.6
	0xf7dbb040 - 0xf7dbbed4 is .data in /lib/i386-linux-gnu/libc.so.6
	0xf7dbbee0 - 0xf7dbea1c is .bss in /lib/i386-linux-gnu/libc.so.6
	0xf7adf114 - 0xf7adf138 is .note.gnu.build-id in plugins/mysql.so
	0xf7adf138 - 0xf7ae3c24 is .gnu.hash in plugins/mysql.so
	0xf7ae3c24 - 0xf7aed534 is .dynsym in plugins/mysql.so
	0xf7aed534 - 0xf7b2135c is .dynstr in plugins/mysql.so
	0xf7b2135c - 0xf7b2267e is .gnu.version in plugins/mysql.so
	0xf7b22680 - 0xf7b22830 is .gnu.version_r in plugins/mysql.so
	0xf7b22830 - 0xf7b24dc8 is .rel.dyn in plugins/mysql.so
	0xf7b24dc8 - 0xf7b27cb0 is .rel.plt in plugins/mysql.so
	0xf7b27cb0 - 0xf7b27cd3 is .init in plugins/mysql.so
	0xf7b27ce0 - 0xf7b2dac0 is .plt in plugins/mysql.so
	0xf7b2dac0 - 0xf7b2dae8 is .plt.got in plugins/mysql.so
	0xf7b2daf0 - 0xf7bb22e4 is .text in plugins/mysql.so
	0xf7bb22e4 - 0xf7bb22f8 is .fini in plugins/mysql.so
	0xf7bb2300 - 0xf7bbdf94 is .rodata in plugins/mysql.so
	0xf7bbdf94 - 0xf7bc99d8 is .eh_frame_hdr in plugins/mysql.so
	0xf7bc99d8 - 0xf7bfd1fc is .eh_frame in plugins/mysql.so
	0xf7bfd1fc - 0xf7c01878 is .gcc_except_table in plugins/mysql.so
	0xf7c032c4 - 0xf7c032d8 is .init_array in plugins/mysql.so
	0xf7c032d8 - 0xf7c032dc is .fini_array in plugins/mysql.so
	0xf7c032dc - 0xf7c032e0 is .jcr in plugins/mysql.so
	0xf7c032e0 - 0xf7c03e08 is .data.rel.ro in plugins/mysql.so
	0xf7c03e08 - 0xf7c03f28 is .dynamic in plugins/mysql.so
	0xf7c03f28 - 0xf7c03ff4 is .got in plugins/mysql.so
	0xf7c04000 - 0xf7c05780 is .got.plt in plugins/mysql.so
	0xf7c05780 - 0xf7c05949 is .data in plugins/mysql.so
	0xf7c05950 - 0xf7c05ae8 is .bss in plugins/mysql.so
	0xf7a77114 - 0xf7a77138 is .note.gnu.build-id in log-core.so
	0xf7a77138 - 0xf7a785f0 is .gnu.hash in log-core.so
	0xf7a785f0 - 0xf7a7b9e0 is .dynsym in log-core.so
	0xf7a7b9e0 - 0xf7a8b603 is .dynstr in log-core.so
	0xf7a8b604 - 0xf7a8bc82 is .gnu.version in log-core.so
	0xf7a8bc84 - 0xf7a8bda4 is .gnu.version_r in log-core.so
	0xf7a8bda4 - 0xf7a8f95c is .rel.dyn in log-core.so
	0xf7a8f95c - 0xf7a90b54 is .rel.plt in log-core.so
	0xf7a90b54 - 0xf7a90b77 is .init in log-core.so
	0xf7a90b80 - 0xf7a92f80 is .plt in log-core.so
	0xf7a92f80 - 0xf7a92f90 is .plt.got in log-core.so
	0xf7a92f90 - 0xf7ac42d4 is .text in log-core.so
	0xf7ac42d4 - 0xf7ac42e8 is .fini in log-core.so
	0xf7ac4300 - 0xf7ac75a4 is .rodata in log-core.so
	0xf7ac75a4 - 0xf7acb2f8 is .eh_frame_hdr in log-core.so
	0xf7acb2f8 - 0xf7adba9c is .eh_frame in log-core.so
	0xf7adba9c - 0xf7adc864 is .gcc_except_table in log-core.so
	0xf7addcdc - 0xf7addce4 is .init_array in log-core.so
	0xf7addce4 - 0xf7addce8 is .fini_array in log-core.so
	0xf7addce8 - 0xf7addcec is .jcr in log-core.so
	0xf7addcec - 0xf7addec0 is .data.rel.ro in log-core.so
	0xf7addec0 - 0xf7addfc0 is .dynamic in log-core.so
	0xf7addfc0 - 0xf7ade000 is .got in log-core.so
	0xf7ade000 - 0xf7ade908 is .got.plt in log-core.so
	0xf7ade920 - 0xf7adeae9 is .data in log-core.so
	0xf7adeaec - 0xf7adeb34 is .bss in log-core.so
	0xf7696114 - 0xf7696138 is .note.gnu.build-id in /usr/lib/i386-linux-gnu/libmysqlclient.so.20
	0xf7696138 - 0xf7696528 is .gnu.hash in /usr/lib/i386-linux-gnu/libmysqlclient.so.20
	0xf7696528 - 0xf76976b8 is .dynsym in /usr/lib/i386-linux-gnu/libmysqlclient.so.20
	0xf76976b8 - 0xf76986fc is .dynstr in /usr/lib/i386-linux-gnu/libmysqlclient.so.20
	0xf76986fc - 0xf769892e is .gnu.version in /usr/lib/i386-linux-gnu/libmysqlclient.so.20
	0xf7698930 - 0xf769898c is .gnu.version_d in /usr/lib/i386-linux-gnu/libmysqlclient.so.20
	0xf769898c - 0xf7698aec is .gnu.version_r in /usr/lib/i386-linux-gnu/libmysqlclient.so.20
	0xf7698aec - 0xf76a397c is .rel.dyn in /usr/lib/i386-linux-gnu/libmysqlclient.so.20
	0xf76a397c - 0xf76a399f is .init in /usr/lib/i386-linux-gnu/libmysqlclient.so.20
	0xf76a39a0 - 0xf76a39b0 is .plt in /usr/lib/i386-linux-gnu/libmysqlclient.so.20
	0xf76a39b0 - 0xf76a3e60 is .plt.got in /usr/lib/i386-linux-gnu/libmysqlclient.so.20
	0xf76a3e60 - 0xf77335b4 is .text in /usr/lib/i386-linux-gnu/libmysqlclient.so.20
	0xf77335b4 - 0xf77335c8 is .fini in /usr/lib/i386-linux-gnu/libmysqlclient.so.20
	0xf77335e0 - 0xf79ef2fe is .rodata in /usr/lib/i386-linux-gnu/libmysqlclient.so.20
	0xf79ef300 - 0xf79f3f9c is .eh_frame_hdr in /usr/lib/i386-linux-gnu/libmysqlclient.so.20
	0xf79f3f9c - 0xf7a0e0fc is .eh_frame in /usr/lib/i386-linux-gnu/libmysqlclient.so.20
	0xf7a0e0fc - 0xf7a10095 is .gcc_except_table in /usr/lib/i386-linux-gnu/libmysqlclient.so.20
	0xf7a111f4 - 0xf7a111f8 is .init_array in /usr/lib/i386-linux-gnu/libmysqlclient.so.20
	0xf7a111f8 - 0xf7a111fc is .fini_array in /usr/lib/i386-linux-gnu/libmysqlclient.so.20
	0xf7a111fc - 0xf7a11200 is .jcr in /usr/lib/i386-linux-gnu/libmysqlclient.so.20
	0xf7a11200 - 0xf7a13980 is .data.rel.ro in /usr/lib/i386-linux-gnu/libmysqlclient.so.20
	0xf7a13980 - 0xf7a13aa0 is .dynamic in /usr/lib/i386-linux-gnu/libmysqlclient.so.20
	0xf7a13aa0 - 0xf7a13fe8 is .got in /usr/lib/i386-linux-gnu/libmysqlclient.so.20
	0xf7a14000 - 0xf7a73c10 is .data in /usr/lib/i386-linux-gnu/libmysqlclient.so.20
	0xf7a73c20 - 0xf7a76b9c is .bss in /usr/lib/i386-linux-gnu/libmysqlclient.so.20
	0xf767b114 - 0xf767b138 is .note.gnu.build-id in /lib/i386-linux-gnu/libz.so.1
	0xf767b138 - 0xf767b3fc is .gnu.hash in /lib/i386-linux-gnu/libz.so.1
	0xf767b3fc - 0xf767bb0c is .dynsym in /lib/i386-linux-gnu/libz.so.1
	0xf767bb0c - 0xf767c059 is .dynstr in /lib/i386-linux-gnu/libz.so.1
	0xf767c05a - 0xf767c13c is .gnu.version in /lib/i386-linux-gnu/libz.so.1
	0xf767c13c - 0xf767c300 is .gnu.version_d in /lib/i386-linux-gnu/libz.so.1
	0xf767c300 - 0xf767c360 is .gnu.version_r in /lib/i386-linux-gnu/libz.so.1
	0xf767c360 - 0xf767c468 is .rel.dyn in /lib/i386-linux-gnu/libz.so.1
	0xf767c468 - 0xf767c500 is .rel.plt in /lib/i386-linux-gnu/libz.so.1
	0xf767c500 - 0xf767c523 is .init in /lib/i386-linux-gnu/libz.so.1
	0xf767c530 - 0xf767c670 is .plt in /lib/i386-linux-gnu/libz.so.1
	0xf767c670 - 0xf768c17d is .text in /lib/i386-linux-gnu/libz.so.1
	0xf768c180 - 0xf768c194 is .fini in /lib/i386-linux-gnu/libz.so.1
	0xf768c1a0 - 0xf7690464 is .rodata in /lib/i386-linux-gnu/libz.so.1
	0xf7690464 - 0xf76907f0 is .eh_frame_hdr in /lib/i386-linux-gnu/libz.so.1
	0xf76907f0 - 0xf7693274 is .eh_frame in /lib/i386-linux-gnu/libz.so.1
	0xf7694e34 - 0xf7694e38 is .init_array in /lib/i386-linux-gnu/libz.so.1
	0xf7694e38 - 0xf7694e3c is .fini_array in /lib/i386-linux-gnu/libz.so.1
	0xf7694e3c - 0xf7694e40 is .jcr in /lib/i386-linux-gnu/libz.so.1
	0xf7694e40 - 0xf7694ee8 is .data.rel.ro in /lib/i386-linux-gnu/libz.so.1
	0xf7694ee8 - 0xf7694fe0 is .dynamic in /lib/i386-linux-gnu/libz.so.1
	0xf7694fe0 - 0xf7694ff4 is .got in /lib/i386-linux-gnu/libz.so.1
	0xf7695000 - 0xf7695058 is .got.plt in /lib/i386-linux-gnu/libz.so.1
	0xf7695058 - 0xf7695098 is .data in /lib/i386-linux-gnu/libz.so.1
	0xf7695098 - 0xf769509c is .bss in /lib/i386-linux-gnu/libz.so.1
	0xf6e67114 - 0xf6e67138 is .note.gnu.build-id in /lib/i386-linux-gnu/libnss_files.so.2
	0xf6e67138 - 0xf6e67158 is .note.ABI-tag in /lib/i386-linux-gnu/libnss_files.so.2
	0xf6e67158 - 0xf6e67468 is .gnu.hash in /lib/i386-linux-gnu/libnss_files.so.2
	0xf6e67468 - 0xf6e67ba8 is .dynsym in /lib/i386-linux-gnu/libnss_files.so.2
	0xf6e67ba8 - 0xf6e68486 is .dynstr in /lib/i386-linux-gnu/libnss_files.so.2
	0xf6e68486 - 0xf6e6856e is .gnu.version in /lib/i386-linux-gnu/libnss_files.so.2
	0xf6e68570 - 0xf6e685a8 is .gnu.version_d in /lib/i386-linux-gnu/libnss_files.so.2
	0xf6e685a8 - 0xf6e68618 is .gnu.version_r in /lib/i386-linux-gnu/libnss_files.so.2
	0xf6e68618 - 0xf6e68680 is .rel.dyn in /lib/i386-linux-gnu/libnss_files.so.2
	0xf6e68680 - 0xf6e687a8 is .rel.plt in /lib/i386-linux-gnu/libnss_files.so.2
	0xf6e687a8 - 0xf6e687cb is .init in /lib/i386-linux-gnu/libnss_files.so.2
	0xf6e687d0 - 0xf6e68a30 is .plt in /lib/i386-linux-gnu/libnss_files.so.2
	0xf6e68a30 - 0xf6e68a50 is .plt.got in /lib/i386-linux-gnu/libnss_files.so.2
	0xf6e68a50 - 0xf6e6eb62 is .text in /lib/i386-linux-gnu/libnss_files.so.2
	0xf6e6eb64 - 0xf6e6eb78 is .fini in /lib/i386-linux-gnu/libnss_files.so.2
	0xf6e6eb78 - 0xf6e6ed46 is .rodata in /lib/i386-linux-gnu/libnss_files.so.2
	0xf6e6ed48 - 0xf6e6f04c is .eh_frame_hdr in /lib/i386-linux-gnu/libnss_files.so.2
	0xf6e6f04c - 0xf6e71384 is .eh_frame in /lib/i386-linux-gnu/libnss_files.so.2
	0xf6e71384 - 0xf6e718c0 is .hash in /lib/i386-linux-gnu/libnss_files.so.2
	0xf6e72ec4 - 0xf6e72ec8 is .init_array in /lib/i386-linux-gnu/libnss_files.so.2
	0xf6e72ec8 - 0xf6e72ecc is .fini_array in /lib/i386-linux-gnu/libnss_files.so.2
	0xf6e72ecc - 0xf6e72ed0 is .jcr in /lib/i386-linux-gnu/libnss_files.so.2
	0xf6e72ed0 - 0xf6e72fd8 is .dynamic in /lib/i386-linux-gnu/libnss_files.so.2
	0xf6e72fd8 - 0xf6e73000 is .got in /lib/i386-linux-gnu/libnss_files.so.2
	0xf6e73000 - 0xf6e730a0 is .got.plt in /lib/i386-linux-gnu/libnss_files.so.2
	0xf6e730a0 - 0xf6e730a4 is .data in /lib/i386-linux-gnu/libnss_files.so.2
	0xf6e730c0 - 0xf6e79364 is .bss in /lib/i386-linux-gnu/libnss_files.so.2
	0xf6df00f4 - 0xf6df1764 is .hash in plugins/irc.so
	0xf6df1764 - 0xf6df2c98 is .gnu.hash in plugins/irc.so
	0xf6df2c98 - 0xf6df65a8 is .dynsym in plugins/irc.so
	0xf6df65a8 - 0xf6e0644d is .dynstr in plugins/irc.so
	0xf6e0644e - 0xf6e06b70 is .gnu.version in plugins/irc.so
	0xf6e06b70 - 0xf6e06c50 is .gnu.version_r in plugins/irc.so
	0xf6e06c50 - 0xf6e192d8 is .rel.dyn in plugins/irc.so
	0xf6e192d8 - 0xf6e192e8 is .rel.plt in plugins/irc.so
	0xf6e192e8 - 0xf6e19318 is .init in plugins/irc.so
	0xf6e19318 - 0xf6e19348 is .plt in plugins/irc.so
	0xf6e19350 - 0xf6e56708 is .text in plugins/irc.so
	0xf6e56708 - 0xf6e56724 is .fini in plugins/irc.so
	0xf6e56740 - 0xf6e5b60c is .rodata in plugins/irc.so
	0xf6e5b60c - 0xf6e5c4d8 is .eh_frame_hdr in plugins/irc.so
	0xf6e5c4d8 - 0xf6e6067c is .eh_frame in plugins/irc.so
	0xf6e6067c - 0xf6e65765 is .gcc_except_table in plugins/irc.so
	0xf6e66768 - 0xf6e6676c is .tbss in plugins/irc.so
	0xf6e66768 - 0xf6e6678c is .ctors in plugins/irc.so
	0xf6e6678c - 0xf6e66794 is .dtors in plugins/irc.so
	0xf6e66794 - 0xf6e66798 is .jcr in plugins/irc.so
	0xf6e66798 - 0xf6e66890 is .dynamic in plugins/irc.so
	0xf6e66890 - 0xf6e6689c is .got in plugins/irc.so
	0xf6e6689c - 0xf6e668b0 is .got.plt in plugins/irc.so
	0xf6e668c0 - 0xf6e669a8 is .data in plugins/irc.so
	0xf6e669c0 - 0xf6e66b98 is .bss in plugins/irc.so
	0xf6de7114 - 0xf6de7138 is .note.gnu.build-id in /lib/i386-linux-gnu/librt.so.1
	0xf6de7138 - 0xf6de7158 is .note.ABI-tag in /lib/i386-linux-gnu/librt.so.1
	0xf6de7158 - 0xf6de7380 is .gnu.hash in /lib/i386-linux-gnu/librt.so.1
	0xf6de7380 - 0xf6de7a80 is .dynsym in /lib/i386-linux-gnu/librt.so.1
	0xf6de7a80 - 0xf6de801b is .dynstr in /lib/i386-linux-gnu/librt.so.1
	0xf6de801c - 0xf6de80fc is .gnu.version in /lib/i386-linux-gnu/librt.so.1
	0xf6de80fc - 0xf6de81c4 is .gnu.version_d in /lib/i386-linux-gnu/librt.so.1
	0xf6de81c4 - 0xf6de8274 is .gnu.version_r in /lib/i386-linux-gnu/librt.so.1
	0xf6de8274 - 0xf6de82fc is .rel.dyn in /lib/i386-linux-gnu/librt.so.1
	0xf6de82fc - 0xf6de84a4 is .rel.plt in /lib/i386-linux-gnu/librt.so.1
	0xf6de84a4 - 0xf6de84c7 is .init in /lib/i386-linux-gnu/librt.so.1
	0xf6de84d0 - 0xf6de8830 is .plt in /lib/i386-linux-gnu/librt.so.1
	0xf6de8830 - 0xf6de8840 is .plt.got in /lib/i386-linux-gnu/librt.so.1
	0xf6de8840 - 0xf6dec05c is .text in /lib/i386-linux-gnu/librt.so.1
	0xf6dec060 - 0xf6dec0af is __libc_freeres_fn in /lib/i386-linux-gnu/librt.so.1
	0xf6dec0b0 - 0xf6dec0c4 is .fini in /lib/i386-linux-gnu/librt.so.1
	0xf6dec0c4 - 0xf6dec3c8 is .rodata in /lib/i386-linux-gnu/librt.so.1
	0xf6dec3c8 - 0xf6dec624 is .eh_frame_hdr in /lib/i386-linux-gnu/librt.so.1
	0xf6dec624 - 0xf6ded994 is .eh_frame in /lib/i386-linux-gnu/librt.so.1
	0xf6ded994 - 0xf6ded9a8 is .gcc_except_table in /lib/i386-linux-gnu/librt.so.1
	0xf6ded9a8 - 0xf6dede94 is .hash in /lib/i386-linux-gnu/librt.so.1
	0xf6deeea8 - 0xf6deeeac is .init_array in /lib/i386-linux-gnu/librt.so.1
	0xf6deeeac - 0xf6deeeb0 is .fini_array in /lib/i386-linux-gnu/librt.so.1
	0xf6deeeb0 - 0xf6deeeb4 is .jcr in /lib/i386-linux-gnu/librt.so.1
	0xf6deeeb4 - 0xf6deeeb8 is __libc_subfreeres in /lib/i386-linux-gnu/librt.so.1
	0xf6deeeb8 - 0xf6deefd0 is .dynamic in /lib/i386-linux-gnu/librt.so.1
	0xf6deefd0 - 0xf6def000 is .got in /lib/i386-linux-gnu/librt.so.1
	0xf6def000 - 0xf6def0e0 is .got.plt in /lib/i386-linux-gnu/librt.so.1
	0xf6def0e0 - 0xf6def148 is .data in /lib/i386-linux-gnu/librt.so.1
	0xf6def160 - 0xf6def218 is .bss in /lib/i386-linux-gnu/librt.so.1
	0xf65280d4 - 0xf652a70c is .hash in plugins/streamer.so
	0xf652a70c - 0xf652cf98 is .gnu.hash in plugins/streamer.so
	0xf652cf98 - 0xf65327e8 is .dynsym in plugins/streamer.so
	0xf65327e8 - 0xf6545327 is .dynstr in plugins/streamer.so
	0xf6545328 - 0xf6545e32 is .gnu.version in plugins/streamer.so
	0xf6545e34 - 0xf6545f14 is .gnu.version_r in plugins/streamer.so
	0xf6545f14 - 0xf65472dc is .rel.dyn in plugins/streamer.so
	0xf65472dc - 0xf65486d4 is .rel.plt in plugins/streamer.so
	0xf65486d4 - 0xf6548704 is .init in plugins/streamer.so
	0xf6548704 - 0xf654af04 is .plt in plugins/streamer.so
	0xf654af10 - 0xf65ca5a8 is .text in plugins/streamer.so
	0xf65ca5a8 - 0xf65ca5c4 is .fini in plugins/streamer.so
	0xf65ca5e0 - 0xf65d7670 is .rodata in plugins/streamer.so
	0xf65d7670 - 0xf65d89ec is .eh_frame_hdr in plugins/streamer.so
	0xf65d89ec - 0xf65ddf6c is .eh_frame in plugins/streamer.so
	0xf65ddf6c - 0xf65e2dfe is .gcc_except_table in plugins/streamer.so
	0xf65e3e00 - 0xf65e3e80 is .ctors in plugins/streamer.so
	0xf65e3e80 - 0xf65e3e88 is .dtors in plugins/streamer.so
	0xf65e3e88 - 0xf65e3e8c is .jcr in plugins/streamer.so
	0xf65e3ea0 - 0xf65e41cc is .data.rel.ro in plugins/streamer.so
	0xf65e41cc - 0xf65e42b4 is .dynamic in plugins/streamer.so
	0xf65e42b4 - 0xf65e43c0 is .got in plugins/streamer.so
	0xf65e43c0 - 0xf65e4dc8 is .got.plt in plugins/streamer.so
	0xf65e4de0 - 0xf65e5428 is .data in plugins/streamer.so
	0xf65e5440 - 0xf65e5f38 is .bss in plugins/streamer.so
	0xf65180f4 - 0xf6518118 is .note.gnu.build-id in plugins/sscanf.so
	0xf6518118 - 0xf6518610 is .gnu.hash in plugins/sscanf.so
	0xf6518610 - 0xf6519080 is .dynsym in plugins/sscanf.so
	0xf6519080 - 0xf6519a0f is .dynstr in plugins/sscanf.so
	0xf6519a10 - 0xf6519b5e is .gnu.version in plugins/sscanf.so
	0xf6519b60 - 0xf6519bc0 is .gnu.version_r in plugins/sscanf.so
	0xf6519bc0 - 0xf6519cc0 is .rel.dyn in plugins/sscanf.so
	0xf6519cc0 - 0xf6519fd8 is .rel.plt in plugins/sscanf.so
	0xf6519fd8 - 0xf651a008 is .init in plugins/sscanf.so
	0xf651a008 - 0xf651a648 is .plt in plugins/sscanf.so
	0xf651a650 - 0xf65233d8 is .text in plugins/sscanf.so
	0xf65233d8 - 0xf65233f4 is .fini in plugins/sscanf.so
	0xf65233f4 - 0xf6524dce is .rodata in plugins/sscanf.so
	0xf6524dd0 - 0xf6525244 is .eh_frame_hdr in plugins/sscanf.so
	0xf6525244 - 0xf6526b24 is .eh_frame in plugins/sscanf.so
	0xf6527b24 - 0xf6527b2c is .ctors in plugins/sscanf.so
	0xf6527b2c - 0xf6527b34 is .dtors in plugins/sscanf.so
	0xf6527b34 - 0xf6527b38 is .jcr in plugins/sscanf.so
	0xf6527b38 - 0xf6527b3c is .data.rel.ro in plugins/sscanf.so
	0xf6527b3c - 0xf6527c14 is .dynamic in plugins/sscanf.so
	0xf6527c14 - 0xf6527c58 is .got in plugins/sscanf.so
	0xf6527c58 - 0xf6527df0 is .got.plt in plugins/sscanf.so
	0xf6527e00 - 0xf6527e5c is .data in plugins/sscanf.so
	0xf6527e5c - 0xf6527e9c is .bss in plugins/sscanf.so
	0xf7fca0d4 - 0xf7fca2ac is .gnu.hash in plugins/Whirlpool.so
	0xf7fca2ac - 0xf7fca72c is .dynsym in plugins/Whirlpool.so
	0xf7fca72c - 0xf7fcaaf7 is .dynstr in plugins/Whirlpool.so
	0xf7fcaaf8 - 0xf7fcab88 is .gnu.version in plugins/Whirlpool.so
	0xf7fcab88 - 0xf7fcabd8 is .gnu.version_r in plugins/Whirlpool.so
	0xf7fcabd8 - 0xf7fcb768 is .rel.dyn in plugins/Whirlpool.so
	0xf7fcb768 - 0xf7fcb778 is .rel.plt in plugins/Whirlpool.so
	0xf7fcb778 - 0xf7fcb78f is .init in plugins/Whirlpool.so
	0xf7fcb790 - 0xf7fcb7c0 is .plt in plugins/Whirlpool.so
	0xf7fcb7c0 - 0xf7fce8a4 is .text in plugins/Whirlpool.so
	0xf7fce8a4 - 0xf7fce8c0 is .fini in plugins/Whirlpool.so
	0xf7fce8c0 - 0xf7fd2a18 is .rodata in plugins/Whirlpool.so
	0xf7fd2a18 - 0xf7fd2a44 is .eh_frame_hdr in plugins/Whirlpool.so
	0xf7fd2a44 - 0xf7fd2ad8 is .eh_frame in plugins/Whirlpool.so
	0xf7fd3ad8 - 0xf7fd3ae0 is .ctors in plugins/Whirlpool.so
	0xf7fd3ae0 - 0xf7fd3ae8 is .dtors in plugins/Whirlpool.so
	0xf7fd3ae8 - 0xf7fd3aec is .jcr in plugins/Whirlpool.so
	0xf7fd3aec - 0xf7fd3af0 is .data.rel.ro in plugins/Whirlpool.so
	0xf7fd3af0 - 0xf7fd3bd0 is .dynamic in plugins/Whirlpool.so
	0xf7fd3bd0 - 0xf7fd3bdc is .got in plugins/Whirlpool.so
	0xf7fd3bdc - 0xf7fd3bf0 is .got.plt in plugins/Whirlpool.so
	0xf7fd3bf0 - 0xf7fd3c00 is .data in plugins/Whirlpool.so
	0xf7fd3c00 - 0xf7fd3c10 is .bss in plugins/Whirlpool.so
	0xf6512114 - 0xf6512138 is .note.gnu.build-id in plugins/MapAndreas.so
	0xf6512138 - 0xf65123d4 is .gnu.hash in plugins/MapAndreas.so
	0xf65123d4 - 0xf65129d4 is .dynsym in plugins/MapAndreas.so
	0xf65129d4 - 0xf6512f81 is .dynstr in plugins/MapAndreas.so
	0xf6512f82 - 0xf6513042 is .gnu.version in plugins/MapAndreas.so
	0xf6513044 - 0xf65130b4 is .gnu.version_r in plugins/MapAndreas.so
	0xf65130b4 - 0xf651355c is .rel.dyn in plugins/MapAndreas.so
	0xf651355c - 0xf651356c is .rel.plt in plugins/MapAndreas.so
	0xf651356c - 0xf651358f is .init in plugins/MapAndreas.so
	0xf6513590 - 0xf65135c0 is .plt in plugins/MapAndreas.so
	0xf65135c0 - 0xf6514583 is .text in plugins/MapAndreas.so
	0xf6514584 - 0xf6514598 is .fini in plugins/MapAndreas.so
	0xf6514598 - 0xf65146e6 is .rodata in plugins/MapAndreas.so
	0xf65146e8 - 0xf651491c is .eh_frame_hdr in plugins/MapAndreas.so
	0xf651491c - 0xf651502c is .eh_frame in plugins/MapAndreas.so
	0xf6516eec - 0xf6516ef4 is .init_array in plugins/MapAndreas.so
	0xf6516ef4 - 0xf6516ef8 is .fini_array in plugins/MapAndreas.so
	0xf6516ef8 - 0xf6516efc is .jcr in plugins/MapAndreas.so
	0xf6516efc - 0xf6516fec is .dynamic in plugins/MapAndreas.so
	0xf6516fec - 0xf6517000 is .got in plugins/MapAndreas.so
	0xf6517000 - 0xf6517014 is .got.plt in plugins/MapAndreas.so
	0xf6517014 - 0xf6517018 is .data in plugins/MapAndreas.so
	0xf6517018 - 0xf651703c is .bss in plugins/MapAndreas.so
	0xf64c8114 - 0xf64c8138 is .note.gnu.build-id in plugins/FCNPC.so
	0xf64c8138 - 0xf64c9718 is .gnu.hash in plugins/FCNPC.so
	0xf64c9718 - 0xf64cc9b8 is .dynsym in plugins/FCNPC.so
	0xf64cc9b8 - 0xf64d2f8d is .dynstr in plugins/FCNPC.so
	0xf64d2f8e - 0xf64d35e2 is .gnu.version in plugins/FCNPC.so
	0xf64d35e4 - 0xf64d36c4 is .gnu.version_r in plugins/FCNPC.so
	0xf64d36c4 - 0xf64d439c is .rel.dyn in plugins/FCNPC.so
	0xf64d439c - 0xf64d503c is .rel.plt in plugins/FCNPC.so
	0xf64d503c - 0xf64d505f is .init in plugins/FCNPC.so
	0xf64d5060 - 0xf64d69b0 is .plt in plugins/FCNPC.so
	0xf64d69b0 - 0xf64d69c0 is .plt.got in plugins/FCNPC.so
	0xf64d69c0 - 0xf64ef444 is .text in plugins/FCNPC.so
	0xf64ef444 - 0xf64ef458 is .fini in plugins/FCNPC.so
	0xf64ef460 - 0xf64f131b is .rodata in plugins/FCNPC.so
	0xf64f131c - 0xf64f26f0 is .eh_frame_hdr in plugins/FCNPC.so
	0xf64f26f0 - 0xf64fe5c4 is .eh_frame in plugins/FCNPC.so
	0xf64fe5c4 - 0xf64fe7e9 is .gcc_except_table in plugins/FCNPC.so
	0xf64ffd98 - 0xf64ffda4 is .init_array in plugins/FCNPC.so
	0xf64ffda4 - 0xf64ffda8 is .fini_array in plugins/FCNPC.so
	0xf64ffda8 - 0xf64ffdac is .jcr in plugins/FCNPC.so
	0xf64ffdac - 0xf64ffeac is .dynamic in plugins/FCNPC.so
	0xf64ffeac - 0xf6500000 is .got in plugins/FCNPC.so
	0xf6500000 - 0xf650065c is .got.plt in plugins/FCNPC.so
	0xf6500660 - 0xf6510f94 is .data in plugins/FCNPC.so
	0xf6510fa0 - 0xf6511168 is .bss in plugins/FCNPC.so
	0xf64c4114 - 0xf64c4138 is .note.gnu.build-id in plugins/nativechecker.so
	0xf64c4138 - 0xf64c42f4 is .gnu.hash in plugins/nativechecker.so
	0xf64c42f4 - 0xf64c46a4 is .dynsym in plugins/nativechecker.so
	0xf64c46a4 - 0xf64c49b5 is .dynstr in plugins/nativechecker.so
	0xf64c49b6 - 0xf64c4a2c is .gnu.version in plugins/nativechecker.so
	0xf64c4a2c - 0xf64c4a6c is .gnu.version_r in plugins/nativechecker.so
	0xf64c4a6c - 0xf64c4c0c is .rel.dyn in plugins/nativechecker.so
	0xf64c4c0c - 0xf64c4c1c is .rel.plt in plugins/nativechecker.so
	0xf64c4c1c - 0xf64c4c4c is .init in plugins/nativechecker.so
	0xf64c4c4c - 0xf64c4c7c is .plt in plugins/nativechecker.so
	0xf64c4c80 - 0xf64c5378 is .text in plugins/nativechecker.so
	0xf64c5378 - 0xf64c5394 is .fini in plugins/nativechecker.so
	0xf64c5394 - 0xf64c53bc is .rodata in plugins/nativechecker.so
	0xf64c53bc - 0xf64c5548 is .eh_frame_hdr in plugins/nativechecker.so
	0xf64c5548 - 0xf64c5aac is .eh_frame in plugins/nativechecker.so
	0xf64c6ef4 - 0xf64c6efc is .ctors in plugins/nativechecker.so
	0xf64c6efc - 0xf64c6f04 is .dtors in plugins/nativechecker.so
	0xf64c6f04 - 0xf64c6f08 is .jcr in plugins/nativechecker.so
	0xf64c6f08 - 0xf64c6fe8 is .dynamic in plugins/nativechecker.so
	0xf64c6fe8 - 0xf64c6ff4 is .got in plugins/nativechecker.so
	0xf64c6ff4 - 0xf64c7008 is .got.plt in plugins/nativechecker.so
	0xf64c7008 - 0xf64c700c is .data in plugins/nativechecker.so
	0xf64c700c - 0xf64c701c is .bss in plugins/nativechecker.so
	0xf63ca114 - 0xf63ca138 is .note.gnu.build-id in /lib/i386-linux-gnu/libnss_dns.so.2
	0xf63ca138 - 0xf63ca158 is .note.ABI-tag in /lib/i386-linux-gnu/libnss_dns.so.2
	0xf63ca158 - 0xf63ca1cc is .gnu.hash in /lib/i386-linux-gnu/libnss_dns.so.2
	0xf63ca1cc - 0xf63ca47c is .dynsym in /lib/i386-linux-gnu/libnss_dns.so.2
	0xf63ca47c - 0xf63ca759 is .dynstr in /lib/i386-linux-gnu/libnss_dns.so.2
	0xf63ca75a - 0xf63ca7b0 is .gnu.version in /lib/i386-linux-gnu/libnss_dns.so.2
	0xf63ca7b0 - 0xf63ca7e8 is .gnu.version_d in /lib/i386-linux-gnu/libnss_dns.so.2
	0xf63ca7e8 - 0xf63ca878 is .gnu.version_r in /lib/i386-linux-gnu/libnss_dns.so.2
	0xf63ca878 - 0xf63ca8e0 is .rel.dyn in /lib/i386-linux-gnu/libnss_dns.so.2
	0xf63ca8e0 - 0xf63ca990 is .rel.plt in /lib/i386-linux-gnu/libnss_dns.so.2
	0xf63ca990 - 0xf63ca9b3 is .init in /lib/i386-linux-gnu/libnss_dns.so.2
	0xf63ca9c0 - 0xf63cab30 is .plt in /lib/i386-linux-gnu/libnss_dns.so.2
	0xf63cab30 - 0xf63cab50 is .plt.got in /lib/i386-linux-gnu/libnss_dns.so.2
	0xf63cab50 - 0xf63cd933 is .text in /lib/i386-linux-gnu/libnss_dns.so.2
	0xf63cd934 - 0xf63cd948 is .fini in /lib/i386-linux-gnu/libnss_dns.so.2
	0xf63cd948 - 0xf63cda2c is .rodata in /lib/i386-linux-gnu/libnss_dns.so.2
	0xf63cda2c - 0xf63cdab8 is .eh_frame_hdr in /lib/i386-linux-gnu/libnss_dns.so.2
	0xf63cdab8 - 0xf63ce384 is .eh_frame in /lib/i386-linux-gnu/libnss_dns.so.2
	0xf63ce384 - 0xf63ce564 is .hash in /lib/i386-linux-gnu/libnss_dns.so.2
	0xf63cfebc - 0xf63cfec0 is .init_array in /lib/i386-linux-gnu/libnss_dns.so.2
	0xf63cfec0 - 0xf63cfec4 is .fini_array in /lib/i386-linux-gnu/libnss_dns.so.2
	0xf63cfec4 - 0xf63cfec8 is .jcr in /lib/i386-linux-gnu/libnss_dns.so.2
	0xf63cfec8 - 0xf63cffd8 is .dynamic in /lib/i386-linux-gnu/libnss_dns.so.2
	0xf63cffd8 - 0xf63d0000 is .got in /lib/i386-linux-gnu/libnss_dns.so.2
	0xf63d0000 - 0xf63d0064 is .got.plt in /lib/i386-linux-gnu/libnss_dns.so.2
	0xf63d0064 - 0xf63d0068 is .data in /lib/i386-linux-gnu/libnss_dns.so.2
	0xf63d0068 - 0xf63d006c is .bss in /lib/i386-linux-gnu/libnss_dns.so.2
	0xf63b1114 - 0xf63b1138 is .note.gnu.build-id in /lib/i386-linux-gnu/libresolv.so.2
	0xf63b1138 - 0xf63b1158 is .note.ABI-tag in /lib/i386-linux-gnu/libresolv.so.2
	0xf63b1158 - 0xf63b16d8 is .gnu.hash in /lib/i386-linux-gnu/libresolv.so.2
	0xf63b16d8 - 0xf63b2168 is .dynsym in /lib/i386-linux-gnu/libresolv.so.2
	0xf63b2168 - 0xf63b2906 is .dynstr in /lib/i386-linux-gnu/libresolv.so.2
	0xf63b2906 - 0xf63b2a58 is .gnu.version in /lib/i386-linux-gnu/libresolv.so.2
	0xf63b2a58 - 0xf63b2b20 is .gnu.version_d in /lib/i386-linux-gnu/libresolv.so.2
	0xf63b2b20 - 0xf63b2b90 is .gnu.version_r in /lib/i386-linux-gnu/libresolv.so.2
	0xf63b2b90 - 0xf63b3148 is .rel.dyn in /lib/i386-linux-gnu/libresolv.so.2
	0xf63b3148 - 0xf63b32e0 is .rel.plt in /lib/i386-linux-gnu/libresolv.so.2
	0xf63b32e0 - 0xf63b3303 is .init in /lib/i386-linux-gnu/libresolv.so.2
	0xf63b3310 - 0xf63b3650 is .plt in /lib/i386-linux-gnu/libresolv.so.2
	0xf63b3650 - 0xf63b3660 is .plt.got in /lib/i386-linux-gnu/libresolv.so.2
	0xf63b3660 - 0xf63bff04 is .text in /lib/i386-linux-gnu/libresolv.so.2
	0xf63bff04 - 0xf63bff18 is .fini in /lib/i386-linux-gnu/libresolv.so.2
	0xf63bff20 - 0xf63c1410 is .rodata in /lib/i386-linux-gnu/libresolv.so.2
	0xf63c1410 - 0xf63c17f4 is .eh_frame_hdr in /lib/i386-linux-gnu/libresolv.so.2
	0xf63c17f4 - 0xf63c4484 is .eh_frame in /lib/i386-linux-gnu/libresolv.so.2
	0xf63c4484 - 0xf63c4ba4 is .hash in /lib/i386-linux-gnu/libresolv.so.2
	0xf63c6a14 - 0xf63c6a18 is .init_array in /lib/i386-linux-gnu/libresolv.so.2
	0xf63c6a18 - 0xf63c6a1c is .fini_array in /lib/i386-linux-gnu/libresolv.so.2
	0xf63c6a1c - 0xf63c6a20 is .jcr in /lib/i386-linux-gnu/libresolv.so.2
	0xf63c6a20 - 0xf63c6eb4 is .data.rel.ro in /lib/i386-linux-gnu/libresolv.so.2
	0xf63c6eb4 - 0xf63c6fbc is .dynamic in /lib/i386-linux-gnu/libresolv.so.2
	0xf63c6fbc - 0xf63c6fe4 is .got in /lib/i386-linux-gnu/libresolv.so.2
	0xf63c7000 - 0xf63c70d8 is .got.plt in /lib/i386-linux-gnu/libresolv.so.2
	0xf63c70e0 - 0xf63c7140 is .data in /lib/i386-linux-gnu/libresolv.so.2
	0xf63c7140 - 0xf63c97e8 is .bss in /lib/i386-linux-gnu/libresolv.so.2
Saved corefile core.1556

```

**Comment by samp-incognito** [comment]
If you could compile a debug version of the plugin and run it, that would help.

**Comment by karimcambridge** [comment]
How do I do that with premake on ubuntu 16? Wiki isn't descriptive enough.

**Comment by karimcambridge** [comment]
```
backtrace:
#0  0x080965d7 in ?? ()
No symbol table info available.
#1  0x080dce72 in ?? ()
No symbol table info available.
#2  0x08096a07 in ?? ()
No symbol table info available.
#3  0xf63ff500 in _sampgdk_amxhooks_Exec (amx=0x89f62e8, retval=0xffffb70c, index=55) at lib/sampgdk/sampgdk.c:2817
        paramcount = 1
        error = 0
        do_exec = true
        do_cleanup = false
#4  0xf6260c41 in amx_Exec_Hook(tagAMX*, long*, int) () from plugins/FCNPC.so
No symbol table info available.
#5  0x080dfd62 in ?? ()
No symbol table info available.
#6  0x08096a07 in ?? ()
No symbol table info available.
#7  0xf63ff500 in _sampgdk_amxhooks_Exec (amx=0x89f62e8, retval=0xffffbc5c, index=89) at lib/sampgdk/sampgdk.c:2817
        paramcount = 1
        error = 0
        do_exec = true
        do_cleanup = false
#8  0xf6260c41 in amx_Exec_Hook(tagAMX*, long*, int) () from plugins/FCNPC.so
No symbol table info available.
#9  0x080a51c9 in ?? ()
No symbol table info available.
#10 0x080d09ff in ?? ()
No symbol table info available.
#11 0x080b5515 in ?? ()
No symbol table info available.
#12 0x08071d38 in ?? ()
No symbol table info available.
#13 0x08071e32 in ?? ()
No symbol table info available.
#14 0x0807bc50 in ?? ()
No symbol table info available.
#15 0x080aed3d in ?? ()
No symbol table info available.
#16 0x080aef02 in ?? ()
No symbol table info available.
#17 0x080aa13a in ?? ()
No symbol table info available.
#18 0xf7c21637 in __libc_start_main () from /lib/i386-linux-gnu/libc.so.6
No symbol table info available.
#19 0x0804b4e1 in ?? ()
No symbol table info available.


registers:
eax            0x4a	74
ecx            0x81cb620	136099360
edx            0x0	0
ebx            0xf3184154	-216514220
esp            0xffffbbc0	0xffffbbc0
ebp            0xffffbc08	0xffffbc08
esi            0x186f934	25622836
edi            0x186f944	25622852
eip            0xf63ff500	0xf63ff500 <_sampgdk_amxhooks_Exec+457>
eflags         0x10293	[ CF AF SF IF RF ]
cs             0x23	35
ss             0x2b	43
ds             0x2b	43
es             0x2b	43
fs             0x0	0
gs             0x63	99


current instructions:
=> 0xf63ff500 <_sampgdk_amxhooks_Exec+457>:	add    $0x10,%esp
   0xf63ff503 <_sampgdk_amxhooks_Exec+460>:	mov    %eax,-0x1c(%ebp)
   0xf63ff506 <_sampgdk_amxhooks_Exec+463>:	sub    $0x8,%esp
   0xf63ff509 <_sampgdk_amxhooks_Exec+466>:	pushl  -0x1c(%ebp)
   0xf63ff50c <_sampgdk_amxhooks_Exec+469>:	lea    -0xfbb98(%ebx),%eax
   0xf63ff512 <_sampgdk_amxhooks_Exec+475>:	push   %eax
   0xf63ff513 <_sampgdk_amxhooks_Exec+476>:	call   0xf63f6910 <sampgdk_log_debug@plt>
   0xf63ff518 <_sampgdk_amxhooks_Exec+481>:	add    $0x10,%esp
   0xf63ff51b <_sampgdk_amxhooks_Exec+484>:	cmpl   $0x14,-0x1c(%ebp)
   0xf63ff51f <_sampgdk_amxhooks_Exec+488>:	jne    0xf63ff535 <_sampgdk_amxhooks_Exec+510>
   0xf63ff521 <_sampgdk_amxhooks_Exec+490>:	cmpl   $0xffffd8f1,0x10(%ebp)
   0xf63ff528 <_sampgdk_amxhooks_Exec+497>:	jge    0xf63ff535 <_sampgdk_amxhooks_Exec+510>
   0xf63ff52a <_sampgdk_amxhooks_Exec+499>:	movl   $0x0,-0x1c(%ebp)
   0xf63ff531 <_sampgdk_amxhooks_Exec+506>:	movb   $0x1,-0x21(%ebp)
   0xf63ff535 <_sampgdk_amxhooks_Exec+510>:	movzbl -0x22(%ebp),%eax
   0xf63ff539 <_sampgdk_amxhooks_Exec+514>:	xor    $0x1,%eax


threads backtrace:

Thread 111 (Thread 0xeb94bb40 (LWP 26486)):
#0  0xf7fd8be9 in __kernel_vsyscall ()
#1  0xf7fb72f4 in connect () from /lib/i386-linux-gnu/libpthread.so.0
#2  0x080a84c5 in ?? ()
#3  0x080a8cc9 in ?? ()
#4  0x080a8ed6 in ?? ()
#5  0x080ea2b9 in ?? ()
#6  0xf7fae295 in start_thread () from /lib/i386-linux-gnu/libpthread.so.0
#7  0xf7cefeee in clone () from /lib/i386-linux-gnu/libc.so.6

Thread 11 (Thread 0xec14cb40 (LWP 26259)):
#0  0xf7fd8be9 in __kernel_vsyscall ()
#1  0xf7fb3a6c in pthread_cond_wait@@GLIBC_2.3.2 () from /lib/i386-linux-gnu/libpthread.so.0
#2  0xf6e48880 in boost::asio::detail::posix_thread::func<boost::asio::detail::resolver_service_base::work_io_service_runner>::run() () from plugins/irc.so
#3  0xf6e30a37 in boost_asio_detail_posix_thread_function () from plugins/irc.so
#4  0xf7fae295 in start_thread () from /lib/i386-linux-gnu/libpthread.so.0
#5  0xf7cefeee in clone () from /lib/i386-linux-gnu/libc.so.6

Thread 9 (Thread 0xf15f9b40 (LWP 26257)):
#0  0xf7fd8be9 in __kernel_vsyscall ()
#1  0xf7fb3a6c in pthread_cond_wait@@GLIBC_2.3.2 () from /lib/i386-linux-gnu/libpthread.so.0
#2  0xf7ec8c6e in std::condition_variable::wait(std::unique_lock<std::mutex>&) () from /usr/lib/i386-linux-gnu/libstdc++.so.6
#3  0xf7b43106 in CThreadedConnection::WorkerFunc() () from plugins/mysql.so
#4  0xf7b4d68f in void std::_Mem_fn_base<void (CThreadedConnection::*)(), true>::operator()<, void>(CThreadedConnection*) const () from plugins/mysql.so
#5  0xf7b4d5f5 in void std::_Bind<std::_Mem_fn<void (CThreadedConnection::*)()> (CThreadedConnection*)>::__call<void, , 0u>(std::tuple<>&&, std::_Index_tuple<0u>) () from plugins/mysql.so
#6  0xf7b4d53d in void std::_Bind<std::_Mem_fn<void (CThreadedConnection::*)()> (CThreadedConnection*)>::operator()<, void>() () from plugins/mysql.so
#7  0xf7b4d4f2 in void std::_Bind_simple<std::_Bind<std::_Mem_fn<void (CThreadedConnection::*)()> (CThreadedConnection*)> ()>::_M_invoke<>(std::_Index_tuple<>) () from plugins/mysql.so
#8  0xf7b4d42f in std::_Bind_simple<std::_Bind<std::_Mem_fn<void (CThreadedConnection::*)()> (CThreadedConnection*)> ()>::operator()() () from plugins/mysql.so
#9  0xf7b4d2f9 in std::thread::_Impl<std::_Bind_simple<std::_Bind<std::_Mem_fn<void (CThreadedConnection::*)()> (CThreadedConnection*)> ()> >::_M_run() () from plugins/mysql.so
#10 0xf7ece62e in ?? () from /usr/lib/i386-linux-gnu/libstdc++.so.6
#11 0xf7fae295 in start_thread () from /lib/i386-linux-gnu/libpthread.so.0
#12 0xf7cefeee in clone () from /lib/i386-linux-gnu/libc.so.6

Thread 8 (Thread 0xf1e7bb40 (LWP 26256)):
#0  0xf7fd8be9 in __kernel_vsyscall ()
#1  0xf7fb3a6c in pthread_cond_wait@@GLIBC_2.3.2 () from /lib/i386-linux-gnu/libpthread.so.0
#2  0xf7ec8c6e in std::condition_variable::wait(std::unique_lock<std::mutex>&) () from /usr/lib/i386-linux-gnu/libstdc++.so.6
#3  0xf7b43106 in CThreadedConnection::WorkerFunc() () from plugins/mysql.so
#4  0xf7b4d68f in void std::_Mem_fn_base<void (CThreadedConnection::*)(), true>::operator()<, void>(CThreadedConnection*) const () from plugins/mysql.so
#5  0xf7b4d5f5 in void std::_Bind<std::_Mem_fn<void (CThreadedConnection::*)()> (CThreadedConnection*)>::__call<void, , 0u>(std::tuple<>&&, std::_Index_tuple<0u>) () from plugins/mysql.so
#6  0xf7b4d53d in void std::_Bind<std::_Mem_fn<void (CThreadedConnection::*)()> (CThreadedConnection*)>::operator()<, void>() () from plugins/mysql.so
#7  0xf7b4d4f2 in void std::_Bind_simple<std::_Bind<std::_Mem_fn<void (CThreadedConnection::*)()> (CThreadedConnection*)> ()>::_M_invoke<>(std::_Index_tuple<>) () from plugins/mysql.so
#8  0xf7b4d42f in std::_Bind_simple<std::_Bind<std::_Mem_fn<void (CThreadedConnection::*)()> (CThreadedConnection*)> ()>::operator()() () from plugins/mysql.so
#9  0xf7b4d2f9 in std::thread::_Impl<std::_Bind_simple<std::_Bind<std::_Mem_fn<void (CThreadedConnection::*)()> (CThreadedConnection*)> ()> >::_M_run() () from plugins/mysql.so
#10 0xf7ece62e in ?? () from /usr/lib/i386-linux-gnu/libstdc++.so.6
#11 0xf7fae295 in start_thread () from /lib/i386-linux-gnu/libpthread.so.0
#12 0xf7cefeee in clone () from /lib/i386-linux-gnu/libc.so.6

Thread 7 (Thread 0xf26fdb40 (LWP 26255)):
#0  0xf7fd8be9 in __kernel_vsyscall ()
#1  0xf7fb3a6c in pthread_cond_wait@@GLIBC_2.3.2 () from /lib/i386-linux-gnu/libpthread.so.0
#2  0xf7ec8c6e in std::condition_variable::wait(std::unique_lock<std::mutex>&) () from /usr/lib/i386-linux-gnu/libstdc++.so.6
#3  0xf7b43106 in CThreadedConnection::WorkerFunc() () from plugins/mysql.so
#4  0xf7b4d68f in void std::_Mem_fn_base<void (CThreadedConnection::*)(), true>::operator()<, void>(CThreadedConnection*) const () from plugins/mysql.so
#5  0xf7b4d5f5 in void std::_Bind<std::_Mem_fn<void (CThreadedConnection::*)()> (CThreadedConnection*)>::__call<void, , 0u>(std::tuple<>&&, std::_Index_tuple<0u>) () from plugins/mysql.so
#6  0xf7b4d53d in void std::_Bind<std::_Mem_fn<void (CThreadedConnection::*)()> (CThreadedConnection*)>::operator()<, void>() () from plugins/mysql.so
#7  0xf7b4d4f2 in void std::_Bind_simple<std::_Bind<std::_Mem_fn<void (CThreadedConnection::*)()> (CThreadedConnection*)> ()>::_M_invoke<>(std::_Index_tuple<>) () from plugins/mysql.so
#8  0xf7b4d42f in std::_Bind_simple<std::_Bind<std::_Mem_fn<void (CThreadedConnection::*)()> (CThreadedConnection*)> ()>::operator()() () from plugins/mysql.so
#9  0xf7b4d2f9 in std::thread::_Impl<std::_Bind_simple<std::_Bind<std::_Mem_fn<void (CThreadedConnection::*)()> (CThreadedConnection*)> ()> >::_M_run() () from plugins/mysql.so
#10 0xf7ece62e in ?? () from /usr/lib/i386-linux-gnu/libstdc++.so.6
#11 0xf7fae295 in start_thread () from /lib/i386-linux-gnu/libpthread.so.0
#12 0xf7cefeee in clone () from /lib/i386-linux-gnu/libc.so.6

Thread 6 (Thread 0xf3172b40 (LWP 26254)):
#0  0xf7fd8be9 in __kernel_vsyscall ()
#1  0xf7fb3a6c in pthread_cond_wait@@GLIBC_2.3.2 () from /lib/i386-linux-gnu/libpthread.so.0
#2  0xf7ec8c6e in std::condition_variable::wait(std::unique_lock<std::mutex>&) () from /usr/lib/i386-linux-gnu/libstdc++.so.6
#3  0xf7b43106 in CThreadedConnection::WorkerFunc() () from plugins/mysql.so
#4  0xf7b4d68f in void std::_Mem_fn_base<void (CThreadedConnection::*)(), true>::operator()<, void>(CThreadedConnection*) const () from plugins/mysql.so
#5  0xf7b4d5f5 in void std::_Bind<std::_Mem_fn<void (CThreadedConnection::*)()> (CThreadedConnection*)>::__call<void, , 0u>(std::tuple<>&&, std::_Index_tuple<0u>) () from plugins/mysql.so
#6  0xf7b4d53d in void std::_Bind<std::_Mem_fn<void (CThreadedConnection::*)()> (CThreadedConnection*)>::operator()<, void>() () from plugins/mysql.so
#7  0xf7b4d4f2 in void std::_Bind_simple<std::_Bind<std::_Mem_fn<void (CThreadedConnection::*)()> (CThreadedConnection*)> ()>::_M_invoke<>(std::_Index_tuple<>) () from plugins/mysql.so
#8  0xf7b4d42f in std::_Bind_simple<std::_Bind<std::_Mem_fn<void (CThreadedConnection::*)()> (CThreadedConnection*)> ()>::operator()() () from plugins/mysql.so
#9  0xf7b4d2f9 in std::thread::_Impl<std::_Bind_simple<std::_Bind<std::_Mem_fn<void (CThreadedConnection::*)()> (CThreadedConnection*)> ()> >::_M_run() () from plugins/mysql.so
#10 0xf7ece62e in ?? () from /usr/lib/i386-linux-gnu/libstdc++.so.6
#11 0xf7fae295 in start_thread () from /lib/i386-linux-gnu/libpthread.so.0
#12 0xf7cefeee in clone () from /lib/i386-linux-gnu/libc.so.6

Thread 4 (Thread 0xf6124b40 (LWP 26234)):
#0  0xf7fd8be9 in __kernel_vsyscall ()
#1  0xf7cb925a in nanosleep () from /lib/i386-linux-gnu/libc.so.6
#2  0xf7ce9105 in usleep () from /lib/i386-linux-gnu/libc.so.6
#3  0x08076410 in ?? ()
#4  0xf7fae295 in start_thread () from /lib/i386-linux-gnu/libpthread.so.0
#5  0xf7cefeee in clone () from /lib/i386-linux-gnu/libc.so.6

Thread 3 (Thread 0xf6de6b40 (LWP 26233)):
#0  0xf7fd8be9 in __kernel_vsyscall ()
#1  0xf7cf06ca in epoll_wait () from /lib/i386-linux-gnu/libc.so.6
#2  0xf6e3300b in ?? () from plugins/irc.so
#3  0xf6e4d04d in ?? () from plugins/irc.so
#4  0xf6e4c162 in ?? () from plugins/irc.so
#5  0xf6e1db61 in ?? () from plugins/irc.so
#6  0xf7fae295 in start_thread () from /lib/i386-linux-gnu/libpthread.so.0
#7  0xf7cefeee in clone () from /lib/i386-linux-gnu/libc.so.6

Thread 2 (Thread 0xf767ab40 (LWP 26232)):
#0  0xf7fd8be9 in __kernel_vsyscall ()
#1  0xf7fb3a6c in pthread_cond_wait@@GLIBC_2.3.2 () from /lib/i386-linux-gnu/libpthread.so.0
#2  0xf7ec8c6e in std::condition_variable::wait(std::unique_lock<std::mutex>&) () from /usr/lib/i386-linux-gnu/libstdc++.so.6
#3  0xf7a9b884 in CLogManager::Process() () from log-core.so
#4  0xf7aa730b in void std::_Mem_fn_base<void (CLogManager::*)(), true>::operator()<, void>(CLogManager*) const () from log-core.so
#5  0xf7aa71f3 in void std::_Bind<std::_Mem_fn<void (CLogManager::*)()> (CLogManager*)>::__call<void, , 0u>(std::tuple<>&&, std::_Index_tuple<0u>) () from log-core.so
#6  0xf7aa70e1 in void std::_Bind<std::_Mem_fn<void (CLogManager::*)()> (CLogManager*)>::operator()<, void>() () from log-core.so
#7  0xf7aa706a in void std::_Bind_simple<std::_Bind<std::_Mem_fn<void (CLogManager::*)()> (CLogManager*)> ()>::_M_invoke<>(std::_Index_tuple<>) () from log-core.so
#8  0xf7aa6f33 in std::_Bind_simple<std::_Bind<std::_Mem_fn<void (CLogManager::*)()> (CLogManager*)> ()>::operator()() () from log-core.so
#9  0xf7aa6de7 in std::thread::_Impl<std::_Bind_simple<std::_Bind<std::_Mem_fn<void (CLogManager::*)()> (CLogManager*)> ()> >::_M_run() () from log-core.so
#10 0xf7ece62e in ?? () from /usr/lib/i386-linux-gnu/libstdc++.so.6
#11 0xf7fae295 in start_thread () from /lib/i386-linux-gnu/libpthread.so.0
#12 0xf7cefeee in clone () from /lib/i386-linux-gnu/libc.so.6

Thread 1 (Thread 0xf7c07700 (LWP 26228)):
#0  0x080965d7 in ?? ()
#1  0x080dce72 in ?? ()
#2  0x08096a07 in ?? ()
#3  0xf63ff500 in _sampgdk_amxhooks_Exec (amx=0x89f62e8, retval=0xffffb70c, index=55) at lib/sampgdk/sampgdk.c:2817
#4  0xf6260c41 in amx_Exec_Hook(tagAMX*, long*, int) () from plugins/FCNPC.so
#5  0x080dfd62 in ?? ()
#6  0x08096a07 in ?? ()
#7  0xf63ff500 in _sampgdk_amxhooks_Exec (amx=0x89f62e8, retval=0xffffbc5c, index=89) at lib/sampgdk/sampgdk.c:2817
#8  0xf6260c41 in amx_Exec_Hook(tagAMX*, long*, int) () from plugins/FCNPC.so
#9  0x080a51c9 in ?? ()
#10 0x080d09ff in ?? ()
#11 0x080b5515 in ?? ()
#12 0x08071d38 in ?? ()
#13 0x08071e32 in ?? ()
#14 0x0807bc50 in ?? ()
#15 0x080aed3d in ?? ()
#16 0x080aef02 in ?? ()
#17 0x080aa13a in ?? ()
#18 0xf7c21637 in __libc_start_main () from /lib/i386-linux-gnu/libc.so.6
#19 0x0804b4e1 in ?? ()


Memory map:
Symbols from "/home/ubuntu/kcnr/samp03svr".
Native process:
	Using the running image of child Thread 0xf7c07700 (LWP 26228).
	While running this, GDB does not access memory from...
Local exec file:
	`/home/ubuntu/kcnr/samp03svr', file type elf32-i386.
	Entry point: 0x804b4c0
	0x08048134 - 0x08048147 is .interp
	0x08048148 - 0x08048168 is .note.ABI-tag
	0x08048168 - 0x080487c0 is .hash
	0x080487c0 - 0x080494b0 is .dynsym
	0x080494b0 - 0x08049ed4 is .dynstr
	0x08049ed4 - 0x0804a072 is .gnu.version
	0x0804a074 - 0x0804a1d4 is .gnu.version_r
	0x0804a1d4 - 0x0804a21c is .rel.dyn
	0x0804a21c - 0x0804a83c is .rel.plt
	0x0804a83c - 0x0804a86c is .init
	0x0804a86c - 0x0804b4bc is .plt
	0x0804b4c0 - 0x081506d4 is .text
	0x081506d4 - 0x081506f0 is .fini
	0x08150700 - 0x0816a2c0 is .rodata
	0x0816a2c0 - 0x0816d4bc is .eh_frame_hdr
	0x0816d4bc - 0x0817b468 is .eh_frame
	0x0817b468 - 0x0817fef8 is .gcc_except_table
	0x08180000 - 0x08180024 is .ctors
	0x08180024 - 0x0818002c is .dtors
	0x0818002c - 0x08180030 is .jcr
	0x08180030 - 0x08180120 is .dynamic
	0x08180120 - 0x08180124 is .got
	0x08180124 - 0x08180440 is .got.plt
	0x08180440 - 0x081a188c is .data
	0x081a18a0 - 0x081ccaac is .bss
	0xf7fd9114 - 0xf7fd9138 is .note.gnu.build-id in /lib/ld-linux.so.2
	0xf7fd9138 - 0xf7fd91fc is .hash in /lib/ld-linux.so.2
	0xf7fd91fc - 0xf7fd92e4 is .gnu.hash in /lib/ld-linux.so.2
	0xf7fd92e4 - 0xf7fd94c4 is .dynsym in /lib/ld-linux.so.2
	0xf7fd94c4 - 0xf7fd966d is .dynstr in /lib/ld-linux.so.2
	0xf7fd966e - 0xf7fd96aa is .gnu.version in /lib/ld-linux.so.2
	0xf7fd96ac - 0xf7fd9774 is .gnu.version_d in /lib/ld-linux.so.2
	0xf7fd9774 - 0xf7fd97dc is .rel.dyn in /lib/ld-linux.so.2
	0xf7fd97dc - 0xf7fd97fc is .rel.plt in /lib/ld-linux.so.2
	0xf7fd9800 - 0xf7fd9850 is .plt in /lib/ld-linux.so.2
	0xf7fd9850 - 0xf7fd9858 is .plt.got in /lib/ld-linux.so.2
	0xf7fd9860 - 0xf7ff261d is .text in /lib/ld-linux.so.2
	0xf7ff2620 - 0xf7ff68c0 is .rodata in /lib/ld-linux.so.2
	0xf7ff68c0 - 0xf7ff68c1 is .stapsdt.base in /lib/ld-linux.so.2
	0xf7ff68c4 - 0xf7ff6f78 is .eh_frame_hdr in /lib/ld-linux.so.2
	0xf7ff6f78 - 0xf7ffae30 is .eh_frame in /lib/ld-linux.so.2
	0xf7ffcc80 - 0xf7ffcf3c is .data.rel.ro in /lib/ld-linux.so.2
	0xf7ffcf3c - 0xf7ffcff4 is .dynamic in /lib/ld-linux.so.2
	0xf7ffcff4 - 0xf7ffcffc is .got in /lib/ld-linux.so.2
	0xf7ffd000 - 0xf7ffd01c is .got.plt in /lib/ld-linux.so.2
	0xf7ffd020 - 0xf7ffd858 is .data in /lib/ld-linux.so.2
	0xf7ffd858 - 0xf7ffd918 is .bss in /lib/ld-linux.so.2
	0xf7fd80b4 - 0xf7fd80ec is .hash in system-supplied DSO at 0xf7fd8000
	0xf7fd80ec - 0xf7fd8130 is .gnu.hash in system-supplied DSO at 0xf7fd8000
	0xf7fd8130 - 0xf7fd81c0 is .dynsym in system-supplied DSO at 0xf7fd8000
	0xf7fd81c0 - 0xf7fd8255 is .dynstr in system-supplied DSO at 0xf7fd8000
	0xf7fd8256 - 0xf7fd8268 is .gnu.version in system-supplied DSO at 0xf7fd8000
	0xf7fd8268 - 0xf7fd82bc is .gnu.version_d in system-supplied DSO at 0xf7fd8000
	0xf7fd82bc - 0xf7fd8344 is .dynamic in system-supplied DSO at 0xf7fd8000
	0xf7fd8344 - 0xf7fd8558 is .rodata in system-supplied DSO at 0xf7fd8000
	0xf7fd8558 - 0xf7fd85b8 is .note in system-supplied DSO at 0xf7fd8000
	0xf7fd85b8 - 0xf7fd85dc is .eh_frame_hdr in system-supplied DSO at 0xf7fd8000
	0xf7fd85dc - 0xf7fd86e8 is .eh_frame in system-supplied DSO at 0xf7fd8000
	0xf7fd86f0 - 0xf7fd8bed is .text in system-supplied DSO at 0xf7fd8000
	0xf7fd8bed - 0xf7fd8c21 is .altinstructions in system-supplied DSO at 0xf7fd8000
	0xf7fd8c21 - 0xf7fd8c2f is .altinstr_replacement in system-supplied DSO at 0xf7fd8000
	0xf7fc5114 - 0xf7fc5138 is .note.gnu.build-id in /lib/i386-linux-gnu/libdl.so.2
	0xf7fc5138 - 0xf7fc5158 is .note.ABI-tag in /lib/i386-linux-gnu/libdl.so.2
	0xf7fc5158 - 0xf7fc5210 is .gnu.hash in /lib/i386-linux-gnu/libdl.so.2
	0xf7fc5210 - 0xf7fc54b0 is .dynsym in /lib/i386-linux-gnu/libdl.so.2
	0xf7fc54b0 - 0xf7fc56be is .dynstr in /lib/i386-linux-gnu/libdl.so.2
	0xf7fc56be - 0xf7fc5712 is .gnu.version in /lib/i386-linux-gnu/libdl.so.2
	0xf7fc5714 - 0xf7fc57dc is .gnu.version_d in /lib/i386-linux-gnu/libdl.so.2
	0xf7fc57dc - 0xf7fc584c is .gnu.version_r in /lib/i386-linux-gnu/libdl.so.2
	0xf7fc584c - 0xf7fc58dc is .rel.dyn in /lib/i386-linux-gnu/libdl.so.2
	0xf7fc58dc - 0xf7fc592c is .rel.plt in /lib/i386-linux-gnu/libdl.so.2
	0xf7fc592c - 0xf7fc594f is .init in /lib/i386-linux-gnu/libdl.so.2
	0xf7fc5950 - 0xf7fc5a00 is .plt in /lib/i386-linux-gnu/libdl.so.2
	0xf7fc5a00 - 0xf7fc5a30 is .plt.got in /lib/i386-linux-gnu/libdl.so.2
	0xf7fc5a30 - 0xf7fc6961 is .text in /lib/i386-linux-gnu/libdl.so.2
	0xf7fc6964 - 0xf7fc6978 is .fini in /lib/i386-linux-gnu/libdl.so.2
	0xf7fc6978 - 0xf7fc6a1b is .rodata in /lib/i386-linux-gnu/libdl.so.2
	0xf7fc6a1c - 0xf7fc6af8 is .eh_frame_hdr in /lib/i386-linux-gnu/libdl.so.2
	0xf7fc6af8 - 0xf7fc7320 is .eh_frame in /lib/i386-linux-gnu/libdl.so.2
	0xf7fc7320 - 0xf7fc74d4 is .hash in /lib/i386-linux-gnu/libdl.so.2
	0xf7fc8eb0 - 0xf7fc8eb8 is .init_array in /lib/i386-linux-gnu/libdl.so.2
	0xf7fc8eb8 - 0xf7fc8ec0 is .fini_array in /lib/i386-linux-gnu/libdl.so.2
	0xf7fc8ec0 - 0xf7fc8ec4 is .jcr in /lib/i386-linux-gnu/libdl.so.2
	0xf7fc8ec4 - 0xf7fc8fcc is .dynamic in /lib/i386-linux-gnu/libdl.so.2
	0xf7fc8fcc - 0xf7fc9000 is .got in /lib/i386-linux-gnu/libdl.so.2
	0xf7fc9000 - 0xf7fc9034 is .got.plt in /lib/i386-linux-gnu/libdl.so.2
	0xf7fc9034 - 0xf7fc9038 is .data in /lib/i386-linux-gnu/libdl.so.2
	0xf7fc9038 - 0xf7fc9068 is .bss in /lib/i386-linux-gnu/libdl.so.2
	0xf7fa8154 - 0xf7fa8178 is .note.gnu.build-id in /lib/i386-linux-gnu/libpthread.so.0
	0xf7fa8178 - 0xf7fa8198 is .note.ABI-tag in /lib/i386-linux-gnu/libpthread.so.0
	0xf7fa8198 - 0xf7fa8ee0 is .gnu.hash in /lib/i386-linux-gnu/libpthread.so.0
	0xf7fa8ee0 - 0xf7faa500 is .dynsym in /lib/i386-linux-gnu/libpthread.so.0
	0xf7faa500 - 0xf7fab93b is .dynstr in /lib/i386-linux-gnu/libpthread.so.0
	0xf7fab93c - 0xf7fabc00 is .gnu.version in /lib/i386-linux-gnu/libpthread.so.0
	0xf7fabc00 - 0xf7fabe30 is .gnu.version_d in /lib/i386-linux-gnu/libpthread.so.0
	0xf7fabe30 - 0xf7fabed0 is .gnu.version_r in /lib/i386-linux-gnu/libpthread.so.0
	0xf7fabed0 - 0xf7fac140 is .rel.dyn in /lib/i386-linux-gnu/libpthread.so.0
	0xf7fac140 - 0xf7fac388 is .rel.plt in /lib/i386-linux-gnu/libpthread.so.0
	0xf7fac388 - 0xf7fac3a1 is .init in /lib/i386-linux-gnu/libpthread.so.0
	0xf7fac3b0 - 0xf7fac850 is .plt in /lib/i386-linux-gnu/libpthread.so.0
	0xf7fac850 - 0xf7fac868 is .plt.got in /lib/i386-linux-gnu/libpthread.so.0
	0xf7fac870 - 0xf7fb9ef1 is .text in /lib/i386-linux-gnu/libpthread.so.0
	0xf7fb9f00 - 0xf7fb9f94 is __libc_freeres_fn in /lib/i386-linux-gnu/libpthread.so.0
	0xf7fb9f94 - 0xf7fb9fa8 is .fini in /lib/i386-linux-gnu/libpthread.so.0
	0xf7fb9fc0 - 0xf7fbac94 is .rodata in /lib/i386-linux-gnu/libpthread.so.0
	0xf7fbac94 - 0xf7fbaca7 is .interp in /lib/i386-linux-gnu/libpthread.so.0
	0xf7fbaca7 - 0xf7fbaca8 is .stapsdt.base in /lib/i386-linux-gnu/libpthread.so.0
	0xf7fbaca8 - 0xf7fbb5cc is .eh_frame_hdr in /lib/i386-linux-gnu/libpthread.so.0
	0xf7fbb5cc - 0xf7fbf3cc is .eh_frame in /lib/i386-linux-gnu/libpthread.so.0
	0xf7fbf3cc - 0xf7fbf470 is .gcc_except_table in /lib/i386-linux-gnu/libpthread.so.0
	0xf7fbf470 - 0xf7fc0434 is .hash in /lib/i386-linux-gnu/libpthread.so.0
	0xf7fc1dac - 0xf7fc1db4 is .init_array in /lib/i386-linux-gnu/libpthread.so.0
	0xf7fc1db4 - 0xf7fc1db8 is .fini_array in /lib/i386-linux-gnu/libpthread.so.0
	0xf7fc1db8 - 0xf7fc1dbc is .jcr in /lib/i386-linux-gnu/libpthread.so.0
	0xf7fc1dbc - 0xf7fc1dc0 is __libc_subfreeres in /lib/i386-linux-gnu/libpthread.so.0
	0xf7fc1dc0 - 0xf7fc1e98 is .data.rel.ro in /lib/i386-linux-gnu/libpthread.so.0
	0xf7fc1e98 - 0xf7fc1fb0 is .dynamic in /lib/i386-linux-gnu/libpthread.so.0
	0xf7fc1fb0 - 0xf7fc1fe8 is .got in /lib/i386-linux-gnu/libpthread.so.0
	0xf7fc2000 - 0xf7fc2130 is .got.plt in /lib/i386-linux-gnu/libpthread.so.0
	0xf7fc2130 - 0xf7fc2164 is .data in /lib/i386-linux-gnu/libpthread.so.0
	0xf7fc2180 - 0xf7fc4260 is .bss in /lib/i386-linux-gnu/libpthread.so.0
	0xf7e31134 - 0xf7e31158 is .note.gnu.build-id in /usr/lib/i386-linux-gnu/libstdc++.so.6
	0xf7e31158 - 0xf7e392ec is .gnu.hash in /usr/lib/i386-linux-gnu/libstdc++.so.6
	0xf7e392ec - 0xf7e4e32c is .dynsym in /usr/lib/i386-linux-gnu/libstdc++.so.6
	0xf7e4e32c - 0xf7e8dea5 is .dynstr in /usr/lib/i386-linux-gnu/libstdc++.so.6
	0xf7e8dea6 - 0xf7e908ae is .gnu.version in /usr/lib/i386-linux-gnu/libstdc++.so.6
	0xf7e908b0 - 0xf7e90d74 is .gnu.version_d in /usr/lib/i386-linux-gnu/libstdc++.so.6
	0xf7e90d74 - 0xf7e90eb4 is .gnu.version_r in /usr/lib/i386-linux-gnu/libstdc++.so.6
	0xf7e90eb4 - 0xf7e986f4 is .rel.dyn in /usr/lib/i386-linux-gnu/libstdc++.so.6
	0xf7e986f4 - 0xf7e9a01c is .rel.plt in /usr/lib/i386-linux-gnu/libstdc++.so.6
	0xf7e9a01c - 0xf7e9a03f is .init in /usr/lib/i386-linux-gnu/libstdc++.so.6
	0xf7e9a040 - 0xf7e9d2a0 is .plt in /usr/lib/i386-linux-gnu/libstdc++.so.6
	0xf7e9d2a0 - 0xf7e9d360 is .plt.got in /usr/lib/i386-linux-gnu/libstdc++.so.6
	0xf7e9d360 - 0xf7f51ca4 is .text in /usr/lib/i386-linux-gnu/libstdc++.so.6
	0xf7f51ca4 - 0xf7f51cb8 is .fini in /usr/lib/i386-linux-gnu/libstdc++.so.6
	0xf7f51cc0 - 0xf7f58fe4 is .rodata in /usr/lib/i386-linux-gnu/libstdc++.so.6
	0xf7f58fe4 - 0xf7f58fe5 is .stapsdt.base in /usr/lib/i386-linux-gnu/libstdc++.so.6
	0xf7f58fe8 - 0xf7f604cc is .eh_frame_hdr in /usr/lib/i386-linux-gnu/libstdc++.so.6
	0xf7f604cc - 0xf7f97228 is .eh_frame in /usr/lib/i386-linux-gnu/libstdc++.so.6
	0xf7f97228 - 0xf7f9d3db is .gcc_except_table in /usr/lib/i386-linux-gnu/libstdc++.so.6
	0xf7f9f08c - 0xf7f9f09c is .tbss in /usr/lib/i386-linux-gnu/libstdc++.so.6
	0xf7f9f08c - 0xf7f9f0b8 is .init_array in /usr/lib/i386-linux-gnu/libstdc++.so.6
	0xf7f9f0b8 - 0xf7f9f0bc is .fini_array in /usr/lib/i386-linux-gnu/libstdc++.so.6
	0xf7f9f0bc - 0xf7f9f0c0 is .jcr in /usr/lib/i386-linux-gnu/libstdc++.so.6
	0xf7f9f0c0 - 0xf7fa3664 is .data.rel.ro in /usr/lib/i386-linux-gnu/libstdc++.so.6
	0xf7fa3664 - 0xf7fa3774 is .dynamic in /usr/lib/i386-linux-gnu/libstdc++.so.6
	0xf7fa3774 - 0xf7fa3ff4 is .got in /usr/lib/i386-linux-gnu/libstdc++.so.6
	0xf7fa4000 - 0xf7fa4ca0 is .got.plt in /usr/lib/i386-linux-gnu/libstdc++.so.6
	0xf7fa4ca0 - 0xf7fa4e44 is .data in /usr/lib/i386-linux-gnu/libstdc++.so.6
	0xf7fa4e60 - 0xf7fa7260 is .bss in /usr/lib/i386-linux-gnu/libstdc++.so.6
	0xf7ddc114 - 0xf7ddc138 is .note.gnu.build-id in /lib/i386-linux-gnu/libm.so.6
	0xf7ddc138 - 0xf7ddc158 is .note.ABI-tag in /lib/i386-linux-gnu/libm.so.6
	0xf7ddc158 - 0xf7ddd688 is .gnu.hash in /lib/i386-linux-gnu/libm.so.6
	0xf7ddd688 - 0xf7ddf1b8 is .dynsym in /lib/i386-linux-gnu/libm.so.6
	0xf7ddf1b8 - 0xf7ddfebb is .dynstr in /lib/i386-linux-gnu/libm.so.6
	0xf7ddfebc - 0xf7de0222 is .gnu.version in /lib/i386-linux-gnu/libm.so.6
	0xf7de0224 - 0xf7de0334 is .gnu.version_d in /lib/i386-linux-gnu/libm.so.6
	0xf7de0334 - 0xf7de0394 is .gnu.version_r in /lib/i386-linux-gnu/libm.so.6
	0xf7de0394 - 0xf7de040c is .rel.dyn in /lib/i386-linux-gnu/libm.so.6
	0xf7de040c - 0xf7de0474 is .rel.plt in /lib/i386-linux-gnu/libm.so.6
	0xf7de0474 - 0xf7de0497 is .init in /lib/i386-linux-gnu/libm.so.6
	0xf7de04a0 - 0xf7de0580 is .plt in /lib/i386-linux-gnu/libm.so.6
	0xf7de0580 - 0xf7de0590 is .plt.got in /lib/i386-linux-gnu/libm.so.6
	0xf7de0590 - 0xf7e180f7 is .text in /lib/i386-linux-gnu/libm.so.6
	0xf7e180f8 - 0xf7e1810c is .fini in /lib/i386-linux-gnu/libm.so.6
	0xf7e18120 - 0xf7e233d4 is .rodata in /lib/i386-linux-gnu/libm.so.6
	0xf7e233d4 - 0xf7e233d5 is .stapsdt.base in /lib/i386-linux-gnu/libm.so.6
	0xf7e233d8 - 0xf7e2440c is .eh_frame_hdr in /lib/i386-linux-gnu/libm.so.6
	0xf7e2440c - 0xf7e2d778 is .eh_frame in /lib/i386-linux-gnu/libm.so.6
	0xf7e2d778 - 0xf7e2eba0 is .hash in /lib/i386-linux-gnu/libm.so.6
	0xf7e2feb4 - 0xf7e2feb8 is .init_array in /lib/i386-linux-gnu/libm.so.6
	0xf7e2feb8 - 0xf7e2febc is .fini_array in /lib/i386-linux-gnu/libm.so.6
	0xf7e2febc - 0xf7e2fec0 is .jcr in /lib/i386-linux-gnu/libm.so.6
	0xf7e2fec0 - 0xf7e2ffd0 is .dynamic in /lib/i386-linux-gnu/libm.so.6
	0xf7e2ffd0 - 0xf7e30000 is .got in /lib/i386-linux-gnu/libm.so.6
	0xf7e30000 - 0xf7e30040 is .got.plt in /lib/i386-linux-gnu/libm.so.6
	0xf7e30040 - 0xf7e30048 is .data in /lib/i386-linux-gnu/libm.so.6
	0xf7e30048 - 0xf7e30050 is .bss in /lib/i386-linux-gnu/libm.so.6
	0xf7dbf0f4 - 0xf7dbf118 is .note.gnu.build-id in /lib/i386-linux-gnu/libgcc_s.so.1
	0xf7dbf118 - 0xf7dbf5e0 is .gnu.hash in /lib/i386-linux-gnu/libgcc_s.so.1
	0xf7dbf5e0 - 0xf7dbfff0 is .dynsym in /lib/i386-linux-gnu/libgcc_s.so.1
	0xf7dbfff0 - 0xf7dc0872 is .dynstr in /lib/i386-linux-gnu/libgcc_s.so.1
	0xf7dc0872 - 0xf7dc09b4 is .gnu.version in /lib/i386-linux-gnu/libgcc_s.so.1
	0xf7dc09b4 - 0xf7dc0b9c is .gnu.version_d in /lib/i386-linux-gnu/libgcc_s.so.1
	0xf7dc0b9c - 0xf7dc0bdc is .gnu.version_r in /lib/i386-linux-gnu/libgcc_s.so.1
	0xf7dc0bdc - 0xf7dc0c34 is .rel.dyn in /lib/i386-linux-gnu/libgcc_s.so.1
	0xf7dc0c34 - 0xf7dc0d8c is .rel.plt in /lib/i386-linux-gnu/libgcc_s.so.1
	0xf7dc0d8c - 0xf7dc0daf is .init in /lib/i386-linux-gnu/libgcc_s.so.1
	0xf7dc0db0 - 0xf7dc1070 is .plt in /lib/i386-linux-gnu/libgcc_s.so.1
	0xf7dc1070 - 0xf7dc1080 is .plt.got in /lib/i386-linux-gnu/libgcc_s.so.1
	0xf7dc1080 - 0xf7dd6d35 is .text in /lib/i386-linux-gnu/libgcc_s.so.1
	0xf7dd6d38 - 0xf7dd6d4c is .fini in /lib/i386-linux-gnu/libgcc_s.so.1
	0xf7dd6d60 - 0xf7dd76e0 is .rodata in /lib/i386-linux-gnu/libgcc_s.so.1
	0xf7dd76e0 - 0xf7dd7c14 is .eh_frame_hdr in /lib/i386-linux-gnu/libgcc_s.so.1
	0xf7dd7c14 - 0xf7dda824 is .eh_frame in /lib/i386-linux-gnu/libgcc_s.so.1
	0xf7ddb824 - 0xf7ddb82c is .init_array in /lib/i386-linux-gnu/libgcc_s.so.1
	0xf7ddb82c - 0xf7ddb830 is .fini_array in /lib/i386-linux-gnu/libgcc_s.so.1
	0xf7ddb830 - 0xf7ddb834 is .jcr in /lib/i386-linux-gnu/libgcc_s.so.1
	0xf7ddb834 - 0xf7ddb92c is .dynamic in /lib/i386-linux-gnu/libgcc_s.so.1
	0xf7ddb92c - 0xf7ddb948 is .got in /lib/i386-linux-gnu/libgcc_s.so.1
	0xf7ddb948 - 0xf7ddba00 is .got.plt in /lib/i386-linux-gnu/libgcc_s.so.1
	0xf7ddba00 - 0xf7ddba10 is .data in /lib/i386-linux-gnu/libgcc_s.so.1
	0xf7ddba20 - 0xf7ddbb94 is .bss in /lib/i386-linux-gnu/libgcc_s.so.1
	0xf7c09174 - 0xf7c09198 is .note.gnu.build-id in /lib/i386-linux-gnu/libc.so.6
	0xf7c09198 - 0xf7c091b8 is .note.ABI-tag in /lib/i386-linux-gnu/libc.so.6
	0xf7c091b8 - 0xf7c0cf28 is .gnu.hash in /lib/i386-linux-gnu/libc.so.6
	0xf7c0cf28 - 0xf7c16618 is .dynsym in /lib/i386-linux-gnu/libc.so.6
	0xf7c16618 - 0xf7c1c45c is .dynstr in /lib/i386-linux-gnu/libc.so.6
	0xf7c1c45c - 0xf7c1d73a is .gnu.version in /lib/i386-linux-gnu/libc.so.6
	0xf7c1d73c - 0xf7c1dc10 is .gnu.version_d in /lib/i386-linux-gnu/libc.so.6
	0xf7c1dc10 - 0xf7c1dc50 is .gnu.version_r in /lib/i386-linux-gnu/libc.so.6
	0xf7c1dc50 - 0xf7c20650 is .rel.dyn in /lib/i386-linux-gnu/libc.so.6
	0xf7c20650 - 0xf7c20698 is .rel.plt in /lib/i386-linux-gnu/libc.so.6
	0xf7c206a0 - 0xf7c20740 is .plt in /lib/i386-linux-gnu/libc.so.6
	0xf7c20740 - 0xf7c20750 is .plt.got in /lib/i386-linux-gnu/libc.so.6
	0xf7c20750 - 0xf7d4c04d is .text in /lib/i386-linux-gnu/libc.so.6
	0xf7d4c050 - 0xf7d4d07e is __libc_freeres_fn in /lib/i386-linux-gnu/libc.so.6
	0xf7d4d080 - 0xf7d4d2b9 is __libc_thread_freeres_fn in /lib/i386-linux-gnu/libc.so.6
	0xf7d4d2c0 - 0xf7d6de74 is .rodata in /lib/i386-linux-gnu/libc.so.6
	0xf7d6de74 - 0xf7d6de75 is .stapsdt.base in /lib/i386-linux-gnu/libc.so.6
	0xf7d6de78 - 0xf7d6de8b is .interp in /lib/i386-linux-gnu/libc.so.6
	0xf7d6de8c - 0xf7d74028 is .eh_frame_hdr in /lib/i386-linux-gnu/libc.so.6
	0xf7d74028 - 0xf7db44d4 is .eh_frame in /lib/i386-linux-gnu/libc.so.6
	0xf7db44d4 - 0xf7db4949 is .gcc_except_table in /lib/i386-linux-gnu/libc.so.6
	0xf7db494c - 0xf7db7f0c is .hash in /lib/i386-linux-gnu/libc.so.6
	0xf7db923c - 0xf7db9244 is .tdata in /lib/i386-linux-gnu/libc.so.6
	0xf7db9244 - 0xf7db9284 is .tbss in /lib/i386-linux-gnu/libc.so.6
	0xf7db9244 - 0xf7db9250 is .init_array in /lib/i386-linux-gnu/libc.so.6
	0xf7db9250 - 0xf7db92cc is __libc_subfreeres in /lib/i386-linux-gnu/libc.so.6
	0xf7db92cc - 0xf7db92d0 is __libc_atexit in /lib/i386-linux-gnu/libc.so.6
	0xf7db92d0 - 0xf7db92e0 is __libc_thread_subfreeres in /lib/i386-linux-gnu/libc.so.6
	0xf7db92e0 - 0xf7dbadb0 is .data.rel.ro in /lib/i386-linux-gnu/libc.so.6
	0xf7dbadb0 - 0xf7dbaea0 is .dynamic in /lib/i386-linux-gnu/libc.so.6
	0xf7dbaea0 - 0xf7dbaff0 is .got in /lib/i386-linux-gnu/libc.so.6
	0xf7dbb000 - 0xf7dbb030 is .got.plt in /lib/i386-linux-gnu/libc.so.6
	0xf7dbb040 - 0xf7dbbed4 is .data in /lib/i386-linux-gnu/libc.so.6
	0xf7dbbee0 - 0xf7dbea1c is .bss in /lib/i386-linux-gnu/libc.so.6
	0xf7adf114 - 0xf7adf138 is .note.gnu.build-id in plugins/mysql.so
	0xf7adf138 - 0xf7ae3c24 is .gnu.hash in plugins/mysql.so
	0xf7ae3c24 - 0xf7aed534 is .dynsym in plugins/mysql.so
	0xf7aed534 - 0xf7b2135c is .dynstr in plugins/mysql.so
	0xf7b2135c - 0xf7b2267e is .gnu.version in plugins/mysql.so
	0xf7b22680 - 0xf7b22830 is .gnu.version_r in plugins/mysql.so
	0xf7b22830 - 0xf7b24dc8 is .rel.dyn in plugins/mysql.so
	0xf7b24dc8 - 0xf7b27cb0 is .rel.plt in plugins/mysql.so
	0xf7b27cb0 - 0xf7b27cd3 is .init in plugins/mysql.so
	0xf7b27ce0 - 0xf7b2dac0 is .plt in plugins/mysql.so
	0xf7b2dac0 - 0xf7b2dae8 is .plt.got in plugins/mysql.so
	0xf7b2daf0 - 0xf7bb22e4 is .text in plugins/mysql.so
	0xf7bb22e4 - 0xf7bb22f8 is .fini in plugins/mysql.so
	0xf7bb2300 - 0xf7bbdf94 is .rodata in plugins/mysql.so
	0xf7bbdf94 - 0xf7bc99d8 is .eh_frame_hdr in plugins/mysql.so
	0xf7bc99d8 - 0xf7bfd1fc is .eh_frame in plugins/mysql.so
	0xf7bfd1fc - 0xf7c01878 is .gcc_except_table in plugins/mysql.so
	0xf7c032c4 - 0xf7c032d8 is .init_array in plugins/mysql.so
	0xf7c032d8 - 0xf7c032dc is .fini_array in plugins/mysql.so
	0xf7c032dc - 0xf7c032e0 is .jcr in plugins/mysql.so
	0xf7c032e0 - 0xf7c03e08 is .data.rel.ro in plugins/mysql.so
	0xf7c03e08 - 0xf7c03f28 is .dynamic in plugins/mysql.so
	0xf7c03f28 - 0xf7c03ff4 is .got in plugins/mysql.so
	0xf7c04000 - 0xf7c05780 is .got.plt in plugins/mysql.so
	0xf7c05780 - 0xf7c05949 is .data in plugins/mysql.so
	0xf7c05950 - 0xf7c05ae8 is .bss in plugins/mysql.so
	0xf7a77114 - 0xf7a77138 is .note.gnu.build-id in log-core.so
	0xf7a77138 - 0xf7a785f0 is .gnu.hash in log-core.so
	0xf7a785f0 - 0xf7a7b9e0 is .dynsym in log-core.so
	0xf7a7b9e0 - 0xf7a8b603 is .dynstr in log-core.so
	0xf7a8b604 - 0xf7a8bc82 is .gnu.version in log-core.so
	0xf7a8bc84 - 0xf7a8bda4 is .gnu.version_r in log-core.so
	0xf7a8bda4 - 0xf7a8f95c is .rel.dyn in log-core.so
	0xf7a8f95c - 0xf7a90b54 is .rel.plt in log-core.so
	0xf7a90b54 - 0xf7a90b77 is .init in log-core.so
	0xf7a90b80 - 0xf7a92f80 is .plt in log-core.so
	0xf7a92f80 - 0xf7a92f90 is .plt.got in log-core.so
	0xf7a92f90 - 0xf7ac42d4 is .text in log-core.so
	0xf7ac42d4 - 0xf7ac42e8 is .fini in log-core.so
	0xf7ac4300 - 0xf7ac75a4 is .rodata in log-core.so
	0xf7ac75a4 - 0xf7acb2f8 is .eh_frame_hdr in log-core.so
	0xf7acb2f8 - 0xf7adba9c is .eh_frame in log-core.so
	0xf7adba9c - 0xf7adc864 is .gcc_except_table in log-core.so
	0xf7addcdc - 0xf7addce4 is .init_array in log-core.so
	0xf7addce4 - 0xf7addce8 is .fini_array in log-core.so
	0xf7addce8 - 0xf7addcec is .jcr in log-core.so
	0xf7addcec - 0xf7addec0 is .data.rel.ro in log-core.so
	0xf7addec0 - 0xf7addfc0 is .dynamic in log-core.so
	0xf7addfc0 - 0xf7ade000 is .got in log-core.so
	0xf7ade000 - 0xf7ade908 is .got.plt in log-core.so
	0xf7ade920 - 0xf7adeae9 is .data in log-core.so
	0xf7adeaec - 0xf7adeb34 is .bss in log-core.so
	0xf7696114 - 0xf7696138 is .note.gnu.build-id in /usr/lib/i386-linux-gnu/libmysqlclient.so.20
	0xf7696138 - 0xf7696528 is .gnu.hash in /usr/lib/i386-linux-gnu/libmysqlclient.so.20
	0xf7696528 - 0xf76976b8 is .dynsym in /usr/lib/i386-linux-gnu/libmysqlclient.so.20
	0xf76976b8 - 0xf76986fc is .dynstr in /usr/lib/i386-linux-gnu/libmysqlclient.so.20
	0xf76986fc - 0xf769892e is .gnu.version in /usr/lib/i386-linux-gnu/libmysqlclient.so.20
	0xf7698930 - 0xf769898c is .gnu.version_d in /usr/lib/i386-linux-gnu/libmysqlclient.so.20
	0xf769898c - 0xf7698aec is .gnu.version_r in /usr/lib/i386-linux-gnu/libmysqlclient.so.20
	0xf7698aec - 0xf76a397c is .rel.dyn in /usr/lib/i386-linux-gnu/libmysqlclient.so.20
	0xf76a397c - 0xf76a399f is .init in /usr/lib/i386-linux-gnu/libmysqlclient.so.20
	0xf76a39a0 - 0xf76a39b0 is .plt in /usr/lib/i386-linux-gnu/libmysqlclient.so.20
	0xf76a39b0 - 0xf76a3e60 is .plt.got in /usr/lib/i386-linux-gnu/libmysqlclient.so.20
	0xf76a3e60 - 0xf77335b4 is .text in /usr/lib/i386-linux-gnu/libmysqlclient.so.20
	0xf77335b4 - 0xf77335c8 is .fini in /usr/lib/i386-linux-gnu/libmysqlclient.so.20
	0xf77335e0 - 0xf79ef2fe is .rodata in /usr/lib/i386-linux-gnu/libmysqlclient.so.20
	0xf79ef300 - 0xf79f3f9c is .eh_frame_hdr in /usr/lib/i386-linux-gnu/libmysqlclient.so.20
	0xf79f3f9c - 0xf7a0e0fc is .eh_frame in /usr/lib/i386-linux-gnu/libmysqlclient.so.20
	0xf7a0e0fc - 0xf7a10095 is .gcc_except_table in /usr/lib/i386-linux-gnu/libmysqlclient.so.20
	0xf7a111f4 - 0xf7a111f8 is .init_array in /usr/lib/i386-linux-gnu/libmysqlclient.so.20
	0xf7a111f8 - 0xf7a111fc is .fini_array in /usr/lib/i386-linux-gnu/libmysqlclient.so.20
	0xf7a111fc - 0xf7a11200 is .jcr in /usr/lib/i386-linux-gnu/libmysqlclient.so.20
	0xf7a11200 - 0xf7a13980 is .data.rel.ro in /usr/lib/i386-linux-gnu/libmysqlclient.so.20
	0xf7a13980 - 0xf7a13aa0 is .dynamic in /usr/lib/i386-linux-gnu/libmysqlclient.so.20
	0xf7a13aa0 - 0xf7a13fe8 is .got in /usr/lib/i386-linux-gnu/libmysqlclient.so.20
	0xf7a14000 - 0xf7a73c10 is .data in /usr/lib/i386-linux-gnu/libmysqlclient.so.20
	0xf7a73c20 - 0xf7a76b9c is .bss in /usr/lib/i386-linux-gnu/libmysqlclient.so.20
	0xf767b114 - 0xf767b138 is .note.gnu.build-id in /lib/i386-linux-gnu/libz.so.1
	0xf767b138 - 0xf767b3fc is .gnu.hash in /lib/i386-linux-gnu/libz.so.1
	0xf767b3fc - 0xf767bb0c is .dynsym in /lib/i386-linux-gnu/libz.so.1
	0xf767bb0c - 0xf767c059 is .dynstr in /lib/i386-linux-gnu/libz.so.1
	0xf767c05a - 0xf767c13c is .gnu.version in /lib/i386-linux-gnu/libz.so.1
	0xf767c13c - 0xf767c300 is .gnu.version_d in /lib/i386-linux-gnu/libz.so.1
	0xf767c300 - 0xf767c360 is .gnu.version_r in /lib/i386-linux-gnu/libz.so.1
	0xf767c360 - 0xf767c468 is .rel.dyn in /lib/i386-linux-gnu/libz.so.1
	0xf767c468 - 0xf767c500 is .rel.plt in /lib/i386-linux-gnu/libz.so.1
	0xf767c500 - 0xf767c523 is .init in /lib/i386-linux-gnu/libz.so.1
	0xf767c530 - 0xf767c670 is .plt in /lib/i386-linux-gnu/libz.so.1
	0xf767c670 - 0xf768c17d is .text in /lib/i386-linux-gnu/libz.so.1
	0xf768c180 - 0xf768c194 is .fini in /lib/i386-linux-gnu/libz.so.1
	0xf768c1a0 - 0xf7690464 is .rodata in /lib/i386-linux-gnu/libz.so.1
	0xf7690464 - 0xf76907f0 is .eh_frame_hdr in /lib/i386-linux-gnu/libz.so.1
	0xf76907f0 - 0xf7693274 is .eh_frame in /lib/i386-linux-gnu/libz.so.1
	0xf7694e34 - 0xf7694e38 is .init_array in /lib/i386-linux-gnu/libz.so.1
	0xf7694e38 - 0xf7694e3c is .fini_array in /lib/i386-linux-gnu/libz.so.1
	0xf7694e3c - 0xf7694e40 is .jcr in /lib/i386-linux-gnu/libz.so.1
	0xf7694e40 - 0xf7694ee8 is .data.rel.ro in /lib/i386-linux-gnu/libz.so.1
	0xf7694ee8 - 0xf7694fe0 is .dynamic in /lib/i386-linux-gnu/libz.so.1
	0xf7694fe0 - 0xf7694ff4 is .got in /lib/i386-linux-gnu/libz.so.1
	0xf7695000 - 0xf7695058 is .got.plt in /lib/i386-linux-gnu/libz.so.1
	0xf7695058 - 0xf7695098 is .data in /lib/i386-linux-gnu/libz.so.1
	0xf7695098 - 0xf769509c is .bss in /lib/i386-linux-gnu/libz.so.1
	0xf6e67114 - 0xf6e67138 is .note.gnu.build-id in /lib/i386-linux-gnu/libnss_files.so.2
	0xf6e67138 - 0xf6e67158 is .note.ABI-tag in /lib/i386-linux-gnu/libnss_files.so.2
	0xf6e67158 - 0xf6e67468 is .gnu.hash in /lib/i386-linux-gnu/libnss_files.so.2
	0xf6e67468 - 0xf6e67ba8 is .dynsym in /lib/i386-linux-gnu/libnss_files.so.2
	0xf6e67ba8 - 0xf6e68486 is .dynstr in /lib/i386-linux-gnu/libnss_files.so.2
	0xf6e68486 - 0xf6e6856e is .gnu.version in /lib/i386-linux-gnu/libnss_files.so.2
	0xf6e68570 - 0xf6e685a8 is .gnu.version_d in /lib/i386-linux-gnu/libnss_files.so.2
	0xf6e685a8 - 0xf6e68618 is .gnu.version_r in /lib/i386-linux-gnu/libnss_files.so.2
	0xf6e68618 - 0xf6e68680 is .rel.dyn in /lib/i386-linux-gnu/libnss_files.so.2
	0xf6e68680 - 0xf6e687a8 is .rel.plt in /lib/i386-linux-gnu/libnss_files.so.2
	0xf6e687a8 - 0xf6e687cb is .init in /lib/i386-linux-gnu/libnss_files.so.2
	0xf6e687d0 - 0xf6e68a30 is .plt in /lib/i386-linux-gnu/libnss_files.so.2
	0xf6e68a30 - 0xf6e68a50 is .plt.got in /lib/i386-linux-gnu/libnss_files.so.2
	0xf6e68a50 - 0xf6e6eb62 is .text in /lib/i386-linux-gnu/libnss_files.so.2
	0xf6e6eb64 - 0xf6e6eb78 is .fini in /lib/i386-linux-gnu/libnss_files.so.2
	0xf6e6eb78 - 0xf6e6ed46 is .rodata in /lib/i386-linux-gnu/libnss_files.so.2
	0xf6e6ed48 - 0xf6e6f04c is .eh_frame_hdr in /lib/i386-linux-gnu/libnss_files.so.2
	0xf6e6f04c - 0xf6e71384 is .eh_frame in /lib/i386-linux-gnu/libnss_files.so.2
	0xf6e71384 - 0xf6e718c0 is .hash in /lib/i386-linux-gnu/libnss_files.so.2
	0xf6e72ec4 - 0xf6e72ec8 is .init_array in /lib/i386-linux-gnu/libnss_files.so.2
	0xf6e72ec8 - 0xf6e72ecc is .fini_array in /lib/i386-linux-gnu/libnss_files.so.2
	0xf6e72ecc - 0xf6e72ed0 is .jcr in /lib/i386-linux-gnu/libnss_files.so.2
	0xf6e72ed0 - 0xf6e72fd8 is .dynamic in /lib/i386-linux-gnu/libnss_files.so.2
	0xf6e72fd8 - 0xf6e73000 is .got in /lib/i386-linux-gnu/libnss_files.so.2
	0xf6e73000 - 0xf6e730a0 is .got.plt in /lib/i386-linux-gnu/libnss_files.so.2
	0xf6e730a0 - 0xf6e730a4 is .data in /lib/i386-linux-gnu/libnss_files.so.2
	0xf6e730c0 - 0xf6e79364 is .bss in /lib/i386-linux-gnu/libnss_files.so.2
	0xf6df00f4 - 0xf6df1764 is .hash in plugins/irc.so
	0xf6df1764 - 0xf6df2c98 is .gnu.hash in plugins/irc.so
	0xf6df2c98 - 0xf6df65a8 is .dynsym in plugins/irc.so
	0xf6df65a8 - 0xf6e0644d is .dynstr in plugins/irc.so
	0xf6e0644e - 0xf6e06b70 is .gnu.version in plugins/irc.so
	0xf6e06b70 - 0xf6e06c50 is .gnu.version_r in plugins/irc.so
	0xf6e06c50 - 0xf6e192d8 is .rel.dyn in plugins/irc.so
	0xf6e192d8 - 0xf6e192e8 is .rel.plt in plugins/irc.so
	0xf6e192e8 - 0xf6e19318 is .init in plugins/irc.so
	0xf6e19318 - 0xf6e19348 is .plt in plugins/irc.so
	0xf6e19350 - 0xf6e56708 is .text in plugins/irc.so
	0xf6e56708 - 0xf6e56724 is .fini in plugins/irc.so
	0xf6e56740 - 0xf6e5b60c is .rodata in plugins/irc.so
	0xf6e5b60c - 0xf6e5c4d8 is .eh_frame_hdr in plugins/irc.so
	0xf6e5c4d8 - 0xf6e6067c is .eh_frame in plugins/irc.so
	0xf6e6067c - 0xf6e65765 is .gcc_except_table in plugins/irc.so
	0xf6e66768 - 0xf6e6676c is .tbss in plugins/irc.so
	0xf6e66768 - 0xf6e6678c is .ctors in plugins/irc.so
	0xf6e6678c - 0xf6e66794 is .dtors in plugins/irc.so
	0xf6e66794 - 0xf6e66798 is .jcr in plugins/irc.so
	0xf6e66798 - 0xf6e66890 is .dynamic in plugins/irc.so
	0xf6e66890 - 0xf6e6689c is .got in plugins/irc.so
	0xf6e6689c - 0xf6e668b0 is .got.plt in plugins/irc.so
	0xf6e668c0 - 0xf6e669a8 is .data in plugins/irc.so
	0xf6e669c0 - 0xf6e66b98 is .bss in plugins/irc.so
	0xf6de7114 - 0xf6de7138 is .note.gnu.build-id in /lib/i386-linux-gnu/librt.so.1
	0xf6de7138 - 0xf6de7158 is .note.ABI-tag in /lib/i386-linux-gnu/librt.so.1
	0xf6de7158 - 0xf6de7380 is .gnu.hash in /lib/i386-linux-gnu/librt.so.1
	0xf6de7380 - 0xf6de7a80 is .dynsym in /lib/i386-linux-gnu/librt.so.1
	0xf6de7a80 - 0xf6de801b is .dynstr in /lib/i386-linux-gnu/librt.so.1
	0xf6de801c - 0xf6de80fc is .gnu.version in /lib/i386-linux-gnu/librt.so.1
	0xf6de80fc - 0xf6de81c4 is .gnu.version_d in /lib/i386-linux-gnu/librt.so.1
	0xf6de81c4 - 0xf6de8274 is .gnu.version_r in /lib/i386-linux-gnu/librt.so.1
	0xf6de8274 - 0xf6de82fc is .rel.dyn in /lib/i386-linux-gnu/librt.so.1
	0xf6de82fc - 0xf6de84a4 is .rel.plt in /lib/i386-linux-gnu/librt.so.1
	0xf6de84a4 - 0xf6de84c7 is .init in /lib/i386-linux-gnu/librt.so.1
	0xf6de84d0 - 0xf6de8830 is .plt in /lib/i386-linux-gnu/librt.so.1
	0xf6de8830 - 0xf6de8840 is .plt.got in /lib/i386-linux-gnu/librt.so.1
	0xf6de8840 - 0xf6dec05c is .text in /lib/i386-linux-gnu/librt.so.1
	0xf6dec060 - 0xf6dec0af is __libc_freeres_fn in /lib/i386-linux-gnu/librt.so.1
	0xf6dec0b0 - 0xf6dec0c4 is .fini in /lib/i386-linux-gnu/librt.so.1
	0xf6dec0c4 - 0xf6dec3c8 is .rodata in /lib/i386-linux-gnu/librt.so.1
	0xf6dec3c8 - 0xf6dec624 is .eh_frame_hdr in /lib/i386-linux-gnu/librt.so.1
	0xf6dec624 - 0xf6ded994 is .eh_frame in /lib/i386-linux-gnu/librt.so.1
	0xf6ded994 - 0xf6ded9a8 is .gcc_except_table in /lib/i386-linux-gnu/librt.so.1
	0xf6ded9a8 - 0xf6dede94 is .hash in /lib/i386-linux-gnu/librt.so.1
	0xf6deeea8 - 0xf6deeeac is .init_array in /lib/i386-linux-gnu/librt.so.1
	0xf6deeeac - 0xf6deeeb0 is .fini_array in /lib/i386-linux-gnu/librt.so.1
	0xf6deeeb0 - 0xf6deeeb4 is .jcr in /lib/i386-linux-gnu/librt.so.1
	0xf6deeeb4 - 0xf6deeeb8 is __libc_subfreeres in /lib/i386-linux-gnu/librt.so.1
	0xf6deeeb8 - 0xf6deefd0 is .dynamic in /lib/i386-linux-gnu/librt.so.1
	0xf6deefd0 - 0xf6def000 is .got in /lib/i386-linux-gnu/librt.so.1
	0xf6def000 - 0xf6def0e0 is .got.plt in /lib/i386-linux-gnu/librt.so.1
	0xf6def0e0 - 0xf6def148 is .data in /lib/i386-linux-gnu/librt.so.1
	0xf6def160 - 0xf6def218 is .bss in /lib/i386-linux-gnu/librt.so.1
	0xf629c114 - 0xf629c138 is .note.gnu.build-id in plugins/streamerdebug.so
	0xf629c138 - 0xf62aee04 is .gnu.hash in plugins/streamerdebug.so
	0xf62aee04 - 0xf62d26c4 is .dynsym in plugins/streamerdebug.so
	0xf62d26c4 - 0xf63cc27f is .dynstr in plugins/streamerdebug.so
	0xf63cc280 - 0xf63d0998 is .gnu.version in plugins/streamerdebug.so
	0xf63d0998 - 0xf63d0a98 is .gnu.version_r in plugins/streamerdebug.so
	0xf63d0a98 - 0xf63d1e58 is .rel.dyn in plugins/streamerdebug.so
	0xf63d1e58 - 0xf63df168 is .rel.plt in plugins/streamerdebug.so
	0xf63df168 - 0xf63df18b is .init in plugins/streamerdebug.so
	0xf63df190 - 0xf63f97c0 is .plt in plugins/streamerdebug.so
	0xf63f97c0 - 0xf63f9810 is .plt.got in plugins/streamerdebug.so
	0xf63f9810 - 0xf64e1a64 is .text in plugins/streamerdebug.so
	0xf64e1a64 - 0xf64e1a78 is .fini in plugins/streamerdebug.so
	0xf64e1a80 - 0xf6580927 is .rodata in plugins/streamerdebug.so
	0xf6580928 - 0xf658f154 is .eh_frame_hdr in plugins/streamerdebug.so
	0xf658f154 - 0xf65d1718 is .eh_frame in plugins/streamerdebug.so
	0xf65d1718 - 0xf65dbc0e is .gcc_except_table in plugins/streamerdebug.so
	0xf65ddabc - 0xf65ddb38 is .init_array in plugins/streamerdebug.so
	0xf65ddb38 - 0xf65ddb3c is .fini_array in plugins/streamerdebug.so
	0xf65ddb3c - 0xf65ddb40 is .jcr in plugins/streamerdebug.so
	0xf65ddb40 - 0xf65dddf0 is .data.rel.ro in plugins/streamerdebug.so
	0xf65dddf0 - 0xf65ddef0 is .dynamic in plugins/streamerdebug.so
	0xf65ddef0 - 0xf65de000 is .got in plugins/streamerdebug.so
	0xf65de000 - 0xf65e4994 is .got.plt in plugins/streamerdebug.so
	0xf65e49a0 - 0xf65e51c8 is .data in plugins/streamerdebug.so
	0xf65e51e0 - 0xf65e5c44 is .bss in plugins/streamerdebug.so
	0xf628c0f4 - 0xf628c118 is .note.gnu.build-id in plugins/sscanf.so
	0xf628c118 - 0xf628c610 is .gnu.hash in plugins/sscanf.so
	0xf628c610 - 0xf628d080 is .dynsym in plugins/sscanf.so
	0xf628d080 - 0xf628da0f is .dynstr in plugins/sscanf.so
	0xf628da10 - 0xf628db5e is .gnu.version in plugins/sscanf.so
	0xf628db60 - 0xf628dbc0 is .gnu.version_r in plugins/sscanf.so
	0xf628dbc0 - 0xf628dcc0 is .rel.dyn in plugins/sscanf.so
	0xf628dcc0 - 0xf628dfd8 is .rel.plt in plugins/sscanf.so
	0xf628dfd8 - 0xf628e008 is .init in plugins/sscanf.so
	0xf628e008 - 0xf628e648 is .plt in plugins/sscanf.so
	0xf628e650 - 0xf62973d8 is .text in plugins/sscanf.so
	0xf62973d8 - 0xf62973f4 is .fini in plugins/sscanf.so
	0xf62973f4 - 0xf6298dce is .rodata in plugins/sscanf.so
	0xf6298dd0 - 0xf6299244 is .eh_frame_hdr in plugins/sscanf.so
	0xf6299244 - 0xf629ab24 is .eh_frame in plugins/sscanf.so
	0xf629bb24 - 0xf629bb2c is .ctors in plugins/sscanf.so
	0xf629bb2c - 0xf629bb34 is .dtors in plugins/sscanf.so
	0xf629bb34 - 0xf629bb38 is .jcr in plugins/sscanf.so
	0xf629bb38 - 0xf629bb3c is .data.rel.ro in plugins/sscanf.so
	0xf629bb3c - 0xf629bc14 is .dynamic in plugins/sscanf.so
	0xf629bc14 - 0xf629bc58 is .got in plugins/sscanf.so
	0xf629bc58 - 0xf629bdf0 is .got.plt in plugins/sscanf.so
	0xf629be00 - 0xf629be5c is .data in plugins/sscanf.so
	0xf629be5c - 0xf629be9c is .bss in plugins/sscanf.so
	0xf7fca0d4 - 0xf7fca2ac is .gnu.hash in plugins/Whirlpool.so
	0xf7fca2ac - 0xf7fca72c is .dynsym in plugins/Whirlpool.so
	0xf7fca72c - 0xf7fcaaf7 is .dynstr in plugins/Whirlpool.so
	0xf7fcaaf8 - 0xf7fcab88 is .gnu.version in plugins/Whirlpool.so
	0xf7fcab88 - 0xf7fcabd8 is .gnu.version_r in plugins/Whirlpool.so
	0xf7fcabd8 - 0xf7fcb768 is .rel.dyn in plugins/Whirlpool.so
	0xf7fcb768 - 0xf7fcb778 is .rel.plt in plugins/Whirlpool.so
	0xf7fcb778 - 0xf7fcb78f is .init in plugins/Whirlpool.so
	0xf7fcb790 - 0xf7fcb7c0 is .plt in plugins/Whirlpool.so
	0xf7fcb7c0 - 0xf7fce8a4 is .text in plugins/Whirlpool.so
	0xf7fce8a4 - 0xf7fce8c0 is .fini in plugins/Whirlpool.so
	0xf7fce8c0 - 0xf7fd2a18 is .rodata in plugins/Whirlpool.so
	0xf7fd2a18 - 0xf7fd2a44 is .eh_frame_hdr in plugins/Whirlpool.so
	0xf7fd2a44 - 0xf7fd2ad8 is .eh_frame in plugins/Whirlpool.so
	0xf7fd3ad8 - 0xf7fd3ae0 is .ctors in plugins/Whirlpool.so
	0xf7fd3ae0 - 0xf7fd3ae8 is .dtors in plugins/Whirlpool.so
	0xf7fd3ae8 - 0xf7fd3aec is .jcr in plugins/Whirlpool.so
	0xf7fd3aec - 0xf7fd3af0 is .data.rel.ro in plugins/Whirlpool.so
	0xf7fd3af0 - 0xf7fd3bd0 is .dynamic in plugins/Whirlpool.so
	0xf7fd3bd0 - 0xf7fd3bdc is .got in plugins/Whirlpool.so
	0xf7fd3bdc - 0xf7fd3bf0 is .got.plt in plugins/Whirlpool.so
	0xf7fd3bf0 - 0xf7fd3c00 is .data in plugins/Whirlpool.so
	0xf7fd3c00 - 0xf7fd3c10 is .bss in plugins/Whirlpool.so
	0xf6286114 - 0xf6286138 is .note.gnu.build-id in plugins/MapAndreas.so
	0xf6286138 - 0xf62863d4 is .gnu.hash in plugins/MapAndreas.so
	0xf62863d4 - 0xf62869d4 is .dynsym in plugins/MapAndreas.so
	0xf62869d4 - 0xf6286f81 is .dynstr in plugins/MapAndreas.so
	0xf6286f82 - 0xf6287042 is .gnu.version in plugins/MapAndreas.so
	0xf6287044 - 0xf62870b4 is .gnu.version_r in plugins/MapAndreas.so
	0xf62870b4 - 0xf628755c is .rel.dyn in plugins/MapAndreas.so
	0xf628755c - 0xf628756c is .rel.plt in plugins/MapAndreas.so
	0xf628756c - 0xf628758f is .init in plugins/MapAndreas.so
	0xf6287590 - 0xf62875c0 is .plt in plugins/MapAndreas.so
	0xf62875c0 - 0xf6288583 is .text in plugins/MapAndreas.so
	0xf6288584 - 0xf6288598 is .fini in plugins/MapAndreas.so
	0xf6288598 - 0xf62886e6 is .rodata in plugins/MapAndreas.so
	0xf62886e8 - 0xf628891c is .eh_frame_hdr in plugins/MapAndreas.so
	0xf628891c - 0xf628902c is .eh_frame in plugins/MapAndreas.so
	0xf628aeec - 0xf628aef4 is .init_array in plugins/MapAndreas.so
	0xf628aef4 - 0xf628aef8 is .fini_array in plugins/MapAndreas.so
	0xf628aef8 - 0xf628aefc is .jcr in plugins/MapAndreas.so
	0xf628aefc - 0xf628afec is .dynamic in plugins/MapAndreas.so
	0xf628afec - 0xf628b000 is .got in plugins/MapAndreas.so
	0xf628b000 - 0xf628b014 is .got.plt in plugins/MapAndreas.so
	0xf628b014 - 0xf628b018 is .data in plugins/MapAndreas.so
	0xf628b018 - 0xf628b03c is .bss in plugins/MapAndreas.so
	0xf623c114 - 0xf623c138 is .note.gnu.build-id in plugins/FCNPC.so
	0xf623c138 - 0xf623d718 is .gnu.hash in plugins/FCNPC.so
	0xf623d718 - 0xf62409b8 is .dynsym in plugins/FCNPC.so
	0xf62409b8 - 0xf6246f8d is .dynstr in plugins/FCNPC.so
	0xf6246f8e - 0xf62475e2 is .gnu.version in plugins/FCNPC.so
	0xf62475e4 - 0xf62476c4 is .gnu.version_r in plugins/FCNPC.so
	0xf62476c4 - 0xf624839c is .rel.dyn in plugins/FCNPC.so
	0xf624839c - 0xf624903c is .rel.plt in plugins/FCNPC.so
	0xf624903c - 0xf624905f is .init in plugins/FCNPC.so
	0xf6249060 - 0xf624a9b0 is .plt in plugins/FCNPC.so
	0xf624a9b0 - 0xf624a9c0 is .plt.got in plugins/FCNPC.so
	0xf624a9c0 - 0xf6263444 is .text in plugins/FCNPC.so
	0xf6263444 - 0xf6263458 is .fini in plugins/FCNPC.so
	0xf6263460 - 0xf626531b is .rodata in plugins/FCNPC.so
	0xf626531c - 0xf62666f0 is .eh_frame_hdr in plugins/FCNPC.so
	0xf62666f0 - 0xf62725c4 is .eh_frame in plugins/FCNPC.so
	0xf62725c4 - 0xf62727e9 is .gcc_except_table in plugins/FCNPC.so
	0xf6273d98 - 0xf6273da4 is .init_array in plugins/FCNPC.so
	0xf6273da4 - 0xf6273da8 is .fini_array in plugins/FCNPC.so
	0xf6273da8 - 0xf6273dac is .jcr in plugins/FCNPC.so
	0xf6273dac - 0xf6273eac is .dynamic in plugins/FCNPC.so
	0xf6273eac - 0xf6274000 is .got in plugins/FCNPC.so
	0xf6274000 - 0xf627465c is .got.plt in plugins/FCNPC.so
	0xf6274660 - 0xf6284f94 is .data in plugins/FCNPC.so
	0xf6284fa0 - 0xf6285168 is .bss in plugins/FCNPC.so
	0xf6238114 - 0xf6238138 is .note.gnu.build-id in plugins/nativechecker.so
	0xf6238138 - 0xf62382f4 is .gnu.hash in plugins/nativechecker.so
	0xf62382f4 - 0xf62386a4 is .dynsym in plugins/nativechecker.so
	0xf62386a4 - 0xf62389b5 is .dynstr in plugins/nativechecker.so
	0xf62389b6 - 0xf6238a2c is .gnu.version in plugins/nativechecker.so
	0xf6238a2c - 0xf6238a6c is .gnu.version_r in plugins/nativechecker.so
	0xf6238a6c - 0xf6238c0c is .rel.dyn in plugins/nativechecker.so
	0xf6238c0c - 0xf6238c1c is .rel.plt in plugins/nativechecker.so
	0xf6238c1c - 0xf6238c4c is .init in plugins/nativechecker.so
	0xf6238c4c - 0xf6238c7c is .plt in plugins/nativechecker.so
	0xf6238c80 - 0xf6239378 is .text in plugins/nativechecker.so
	0xf6239378 - 0xf6239394 is .fini in plugins/nativechecker.so
	0xf6239394 - 0xf62393bc is .rodata in plugins/nativechecker.so
	0xf62393bc - 0xf6239548 is .eh_frame_hdr in plugins/nativechecker.so
	0xf6239548 - 0xf6239aac is .eh_frame in plugins/nativechecker.so
	0xf623aef4 - 0xf623aefc is .ctors in plugins/nativechecker.so
	0xf623aefc - 0xf623af04 is .dtors in plugins/nativechecker.so
	0xf623af04 - 0xf623af08 is .jcr in plugins/nativechecker.so
	0xf623af08 - 0xf623afe8 is .dynamic in plugins/nativechecker.so
	0xf623afe8 - 0xf623aff4 is .got in plugins/nativechecker.so
	0xf623aff4 - 0xf623b008 is .got.plt in plugins/nativechecker.so
	0xf623b008 - 0xf623b00c is .data in plugins/nativechecker.so
	0xf623b00c - 0xf623b01c is .bss in plugins/nativechecker.so
	0xf613e114 - 0xf613e138 is .note.gnu.build-id in /lib/i386-linux-gnu/libnss_dns.so.2
	0xf613e138 - 0xf613e158 is .note.ABI-tag in /lib/i386-linux-gnu/libnss_dns.so.2
	0xf613e158 - 0xf613e1cc is .gnu.hash in /lib/i386-linux-gnu/libnss_dns.so.2
	0xf613e1cc - 0xf613e47c is .dynsym in /lib/i386-linux-gnu/libnss_dns.so.2
	0xf613e47c - 0xf613e759 is .dynstr in /lib/i386-linux-gnu/libnss_dns.so.2
	0xf613e75a - 0xf613e7b0 is .gnu.version in /lib/i386-linux-gnu/libnss_dns.so.2
	0xf613e7b0 - 0xf613e7e8 is .gnu.version_d in /lib/i386-linux-gnu/libnss_dns.so.2
	0xf613e7e8 - 0xf613e878 is .gnu.version_r in /lib/i386-linux-gnu/libnss_dns.so.2
	0xf613e878 - 0xf613e8e0 is .rel.dyn in /lib/i386-linux-gnu/libnss_dns.so.2
	0xf613e8e0 - 0xf613e990 is .rel.plt in /lib/i386-linux-gnu/libnss_dns.so.2
	0xf613e990 - 0xf613e9b3 is .init in /lib/i386-linux-gnu/libnss_dns.so.2
	0xf613e9c0 - 0xf613eb30 is .plt in /lib/i386-linux-gnu/libnss_dns.so.2
	0xf613eb30 - 0xf613eb50 is .plt.got in /lib/i386-linux-gnu/libnss_dns.so.2
	0xf613eb50 - 0xf6141933 is .text in /lib/i386-linux-gnu/libnss_dns.so.2
	0xf6141934 - 0xf6141948 is .fini in /lib/i386-linux-gnu/libnss_dns.so.2
	0xf6141948 - 0xf6141a2c is .rodata in /lib/i386-linux-gnu/libnss_dns.so.2
	0xf6141a2c - 0xf6141ab8 is .eh_frame_hdr in /lib/i386-linux-gnu/libnss_dns.so.2
	0xf6141ab8 - 0xf6142384 is .eh_frame in /lib/i386-linux-gnu/libnss_dns.so.2
	0xf6142384 - 0xf6142564 is .hash in /lib/i386-linux-gnu/libnss_dns.so.2
	0xf6143ebc - 0xf6143ec0 is .init_array in /lib/i386-linux-gnu/libnss_dns.so.2
	0xf6143ec0 - 0xf6143ec4 is .fini_array in /lib/i386-linux-gnu/libnss_dns.so.2
	0xf6143ec4 - 0xf6143ec8 is .jcr in /lib/i386-linux-gnu/libnss_dns.so.2
	0xf6143ec8 - 0xf6143fd8 is .dynamic in /lib/i386-linux-gnu/libnss_dns.so.2
	0xf6143fd8 - 0xf6144000 is .got in /lib/i386-linux-gnu/libnss_dns.so.2
	0xf6144000 - 0xf6144064 is .got.plt in /lib/i386-linux-gnu/libnss_dns.so.2
	0xf6144064 - 0xf6144068 is .data in /lib/i386-linux-gnu/libnss_dns.so.2
	0xf6144068 - 0xf614406c is .bss in /lib/i386-linux-gnu/libnss_dns.so.2
	0xf6125114 - 0xf6125138 is .note.gnu.build-id in /lib/i386-linux-gnu/libresolv.so.2
	0xf6125138 - 0xf6125158 is .note.ABI-tag in /lib/i386-linux-gnu/libresolv.so.2
	0xf6125158 - 0xf61256d8 is .gnu.hash in /lib/i386-linux-gnu/libresolv.so.2
	0xf61256d8 - 0xf6126168 is .dynsym in /lib/i386-linux-gnu/libresolv.so.2
	0xf6126168 - 0xf6126906 is .dynstr in /lib/i386-linux-gnu/libresolv.so.2
	0xf6126906 - 0xf6126a58 is .gnu.version in /lib/i386-linux-gnu/libresolv.so.2
	0xf6126a58 - 0xf6126b20 is .gnu.version_d in /lib/i386-linux-gnu/libresolv.so.2
	0xf6126b20 - 0xf6126b90 is .gnu.version_r in /lib/i386-linux-gnu/libresolv.so.2
	0xf6126b90 - 0xf6127148 is .rel.dyn in /lib/i386-linux-gnu/libresolv.so.2
	0xf6127148 - 0xf61272e0 is .rel.plt in /lib/i386-linux-gnu/libresolv.so.2
	0xf61272e0 - 0xf6127303 is .init in /lib/i386-linux-gnu/libresolv.so.2
	0xf6127310 - 0xf6127650 is .plt in /lib/i386-linux-gnu/libresolv.so.2
	0xf6127650 - 0xf6127660 is .plt.got in /lib/i386-linux-gnu/libresolv.so.2
	0xf6127660 - 0xf6133f04 is .text in /lib/i386-linux-gnu/libresolv.so.2
	0xf6133f04 - 0xf6133f18 is .fini in /lib/i386-linux-gnu/libresolv.so.2
	0xf6133f20 - 0xf6135410 is .rodata in /lib/i386-linux-gnu/libresolv.so.2
	0xf6135410 - 0xf61357f4 is .eh_frame_hdr in /lib/i386-linux-gnu/libresolv.so.2
	0xf61357f4 - 0xf6138484 is .eh_frame in /lib/i386-linux-gnu/libresolv.so.2
	0xf6138484 - 0xf6138ba4 is .hash in /lib/i386-linux-gnu/libresolv.so.2
	0xf613aa14 - 0xf613aa18 is .init_array in /lib/i386-linux-gnu/libresolv.so.2
	0xf613aa18 - 0xf613aa1c is .fini_array in /lib/i386-linux-gnu/libresolv.so.2
	0xf613aa1c - 0xf613aa20 is .jcr in /lib/i386-linux-gnu/libresolv.so.2
	0xf613aa20 - 0xf613aeb4 is .data.rel.ro in /lib/i386-linux-gnu/libresolv.so.2
	0xf613aeb4 - 0xf613afbc is .dynamic in /lib/i386-linux-gnu/libresolv.so.2
	0xf613afbc - 0xf613afe4 is .got in /lib/i386-linux-gnu/libresolv.so.2
	0xf613b000 - 0xf613b0d8 is .got.plt in /lib/i386-linux-gnu/libresolv.so.2
	0xf613b0e0 - 0xf613b140 is .data in /lib/i386-linux-gnu/libresolv.so.2
	0xf613b140 - 0xf613d7e8 is .bss in /lib/i386-linux-gnu/libresolv.so.2
Saved corefile core.26228
```

**Comment by karimcambridge** [comment]
this is one

```
backtrace:
#0  0xf7fd8be9 in __kernel_vsyscall ()
No symbol table info available.
#1  0xf7c34ea9 in raise () from /lib/i386-linux-gnu/libc.so.6
No symbol table info available.
#2  0xf7c36407 in abort () from /lib/i386-linux-gnu/libc.so.6
No symbol table info available.
#3  0xf7c7037c in ?? () from /lib/i386-linux-gnu/libc.so.6
No symbol table info available.
#4  0xf7c762f7 in ?? () from /lib/i386-linux-gnu/libc.so.6
No symbol table info available.
#5  0xf7c7868c in ?? () from /lib/i386-linux-gnu/libc.so.6
No symbol table info available.
#6  0xf7c79e45 in malloc () from /lib/i386-linux-gnu/libc.so.6
No symbol table info available.
#7  0xf7ea2187 in operator new(unsigned int) () from /usr/lib/i386-linux-gnu/libstdc++.so.6
No symbol table info available.
#8  0xf7ea225a in operator new[](unsigned int) () from /usr/lib/i386-linux-gnu/libstdc++.so.6
No symbol table info available.
#9  0x0806e9be in ?? ()
No symbol table info available.
#10 0x0806eb03 in ?? ()
No symbol table info available.
#11 0x0807bba8 in ?? ()
No symbol table info available.
#12 0x08071b43 in ?? ()
No symbol table info available.
#13 0x0807c193 in ?? ()
No symbol table info available.
#14 0x0806d61f in ?? ()
No symbol table info available.
#15 0x0807c30f in ?? ()
No symbol table info available.
#16 0x080ac299 in ?? ()
No symbol table info available.
#17 0x080e22ba in ?? ()
No symbol table info available.
#18 0xf640c63e in sampgdk_DestroyPlayerObject (playerid=18, objectid=814) at lib/sampgdk/sampgdk.c:7253
        native = 0x80e21b0
        retval = -163463990
        params = {8, 18, 814}
#19 0xf646d7f1 in sampgdk::DestroyPlayerObject (playerid=18, objectid=814) at lib/sampgdk/sampgdk.h:4281
No locals.
#20 0xf64b418f in Streamer::streamObjects (this=0x81dd648, player=..., automatic=true) at src/streamer.cpp:1082
        o = {<std::iterator<std::forward_iterator_tag, std::pair<int const, boost::intrusive_ptr<Item::Object> >, int, std::pair<int const, boost::intrusive_ptr<Item::Object> >*, std::pair<int const, boost::intrusive_ptr<Item::Object> >&>> = {<No data fields>}, node_ = 0xffffd3b8}
        i = {<std::iterator<std::forward_iterator_tag, std::pair<int const, int>, int, std::pair<int const, int>*, std::pair<int const, int>&>> = {<No data fields>}, node_ = 0x9db67a8}
        r = 481
        chunkCount = 1
#21 0xf64add8d in Streamer::performPlayerChunkUpdate (this=0x81dd648, player=..., automatic=true) at src/streamer.cpp:262
        t = 0
#22 0xf64ad684 in Streamer::startAutomaticUpdate (this=0x81dd648) at src/streamer.cpp:132
        p = {<std::iterator<std::forward_iterator_tag, std::pair<int const, Player>, int, std::pair<int const, Player>*, std::pair<int const, Player>&>> = {<No data fields>}, node_ = 0xa1cea18}
        updatedActiveItems = false
        currentTime = {static boost_chrono_test_159 = <optimized out>, d_ = {static boost_chrono_test_424 = <optimized out>, static boost_chrono_test_426 = <optimized out>, static boost_chrono_test_428 = <optimized out>, rep_ = 586814141118514}}
#23 0xf645bf93 in ProcessTick () at src/main.cpp:280
No locals.
#24 0x080d1ce2 in ?? ()
No symbol table info available.
#25 0x080aef6c in ?? ()
No symbol table info available.
#26 0x080aa13a in ?? ()
No symbol table info available.
#27 0xf7c21637 in __libc_start_main () from /lib/i386-linux-gnu/libc.so.6
No symbol table info available.
#28 0x0804b4e1 in ?? ()
No symbol table info available.


registers:
eax            0x0	0
ecx            0x1ea6	7846
edx            0x6	6
ebx            0xf65de000	-161619968
esp            0xffffd470	0xffffd470
ebp            0xffffd488	0xffffd488
esi            0x81d41d0	136135120
edi            0x8159cf3	135634163
eip            0xf645bf93	0xf645bf93 <ProcessTick()+57>
eflags         0x206	[ PF IF ]
cs             0x23	35
ss             0x2b	43
ds             0x2b	43
es             0x2b	43
fs             0x0	0
gs             0x63	99


current instructions:
=> 0xf645bf93 <ProcessTick()+57>:	add    $0x10,%esp
   0xf645bf96 <ProcessTick()+60>:	nop
   0xf645bf97 <ProcessTick()+61>:	mov    -0x4(%ebp),%ebx
   0xf645bf9a <ProcessTick()+64>:	leave  
   0xf645bf9b <ProcessTick()+65>:	ret    
   0xf645bf9c <__static_initialization_and_destruction_0(int, int)>:	push   %ebp
   0xf645bf9d <__static_initialization_and_destruction_0(int, int)+1>:	mov    %esp,%ebp
   0xf645bf9f <__static_initialization_and_destruction_0(int, int)+3>:	push   %ebx
   0xf645bfa0 <__static_initialization_and_destruction_0(int, int)+4>:	sub    $0x4,%esp
   0xf645bfa3 <__static_initialization_and_destruction_0(int, int)+7>:	call   0xf63f9810 <__x86.get_pc_thunk.bx>
   0xf645bfa8 <__static_initialization_and_destruction_0(int, int)+12>:	add    $0x182058,%ebx
   0xf645bfae <__static_initialization_and_destruction_0(int, int)+18>:	cmpl   $0x1,0x8(%ebp)
   0xf645bfb2 <__static_initialization_and_destruction_0(int, int)+22>:	jne    0xf645c010 <__static_initialization_and_destruction_0(int, int)+116>
   0xf645bfb4 <__static_initialization_and_destruction_0(int, int)+24>:	cmpl   $0xffff,0xc(%ebp)
   0xf645bfbb <__static_initialization_and_destruction_0(int, int)+31>:	jne    0xf645c010 <__static_initialization_and_destruction_0(int, int)+116>
   0xf645bfbd <__static_initialization_and_destruction_0(int, int)+33>:	sub    $0xc,%esp


threads backtrace:

Thread 11 (Thread 0xec14eb40 (LWP 7878)):
#0  0xf7fd8be9 in __kernel_vsyscall ()
#1  0xf7fb3a6c in pthread_cond_wait@@GLIBC_2.3.2 () from /lib/i386-linux-gnu/libpthread.so.0
#2  0xf6e48880 in boost::asio::detail::posix_thread::func<boost::asio::detail::resolver_service_base::work_io_service_runner>::run() () from plugins/irc.so
#3  0xf6e30a37 in boost_asio_detail_posix_thread_function () from plugins/irc.so
#4  0xf7fae295 in start_thread () from /lib/i386-linux-gnu/libpthread.so.0
#5  0xf7cefeee in clone () from /lib/i386-linux-gnu/libc.so.6

Thread 9 (Thread 0xf15fbb40 (LWP 7876)):
#0  0xf7fd8be9 in __kernel_vsyscall ()
#1  0xf7fb3a6c in pthread_cond_wait@@GLIBC_2.3.2 () from /lib/i386-linux-gnu/libpthread.so.0
#2  0xf7ec8c6e in std::condition_variable::wait(std::unique_lock<std::mutex>&) () from /usr/lib/i386-linux-gnu/libstdc++.so.6
#3  0xf7b43106 in CThreadedConnection::WorkerFunc() () from plugins/mysql.so
#4  0xf7b4d68f in void std::_Mem_fn_base<void (CThreadedConnection::*)(), true>::operator()<, void>(CThreadedConnection*) const () from plugins/mysql.so
#5  0xf7b4d5f5 in void std::_Bind<std::_Mem_fn<void (CThreadedConnection::*)()> (CThreadedConnection*)>::__call<void, , 0u>(std::tuple<>&&, std::_Index_tuple<0u>) () from plugins/mysql.so
#6  0xf7b4d53d in void std::_Bind<std::_Mem_fn<void (CThreadedConnection::*)()> (CThreadedConnection*)>::operator()<, void>() () from plugins/mysql.so
#7  0xf7b4d4f2 in void std::_Bind_simple<std::_Bind<std::_Mem_fn<void (CThreadedConnection::*)()> (CThreadedConnection*)> ()>::_M_invoke<>(std::_Index_tuple<>) () from plugins/mysql.so
#8  0xf7b4d42f in std::_Bind_simple<std::_Bind<std::_Mem_fn<void (CThreadedConnection::*)()> (CThreadedConnection*)> ()>::operator()() () from plugins/mysql.so
#9  0xf7b4d2f9 in std::thread::_Impl<std::_Bind_simple<std::_Bind<std::_Mem_fn<void (CThreadedConnection::*)()> (CThreadedConnection*)> ()> >::_M_run() () from plugins/mysql.so
#10 0xf7ece62e in ?? () from /usr/lib/i386-linux-gnu/libstdc++.so.6
#11 0xf7fae295 in start_thread () from /lib/i386-linux-gnu/libpthread.so.0
#12 0xf7cefeee in clone () from /lib/i386-linux-gnu/libc.so.6

Thread 8 (Thread 0xf1e7db40 (LWP 7875)):
#0  0xf7fd8be9 in __kernel_vsyscall ()
#1  0xf7fb3a6c in pthread_cond_wait@@GLIBC_2.3.2 () from /lib/i386-linux-gnu/libpthread.so.0
#2  0xf7ec8c6e in std::condition_variable::wait(std::unique_lock<std::mutex>&) () from /usr/lib/i386-linux-gnu/libstdc++.so.6
#3  0xf7b43106 in CThreadedConnection::WorkerFunc() () from plugins/mysql.so
#4  0xf7b4d68f in void std::_Mem_fn_base<void (CThreadedConnection::*)(), true>::operator()<, void>(CThreadedConnection*) const () from plugins/mysql.so
#5  0xf7b4d5f5 in void std::_Bind<std::_Mem_fn<void (CThreadedConnection::*)()> (CThreadedConnection*)>::__call<void, , 0u>(std::tuple<>&&, std::_Index_tuple<0u>) () from plugins/mysql.so
#6  0xf7b4d53d in void std::_Bind<std::_Mem_fn<void (CThreadedConnection::*)()> (CThreadedConnection*)>::operator()<, void>() () from plugins/mysql.so
#7  0xf7b4d4f2 in void std::_Bind_simple<std::_Bind<std::_Mem_fn<void (CThreadedConnection::*)()> (CThreadedConnection*)> ()>::_M_invoke<>(std::_Index_tuple<>) () from plugins/mysql.so
#8  0xf7b4d42f in std::_Bind_simple<std::_Bind<std::_Mem_fn<void (CThreadedConnection::*)()> (CThreadedConnection*)> ()>::operator()() () from plugins/mysql.so
#9  0xf7b4d2f9 in std::thread::_Impl<std::_Bind_simple<std::_Bind<std::_Mem_fn<void (CThreadedConnection::*)()> (CThreadedConnection*)> ()> >::_M_run() () from plugins/mysql.so
#10 0xf7ece62e in ?? () from /usr/lib/i386-linux-gnu/libstdc++.so.6
#11 0xf7fae295 in start_thread () from /lib/i386-linux-gnu/libpthread.so.0
#12 0xf7cefeee in clone () from /lib/i386-linux-gnu/libc.so.6

Thread 7 (Thread 0xf26ffb40 (LWP 7874)):
#0  0xf7fd8be9 in __kernel_vsyscall ()
#1  0xf7fb3a6c in pthread_cond_wait@@GLIBC_2.3.2 () from /lib/i386-linux-gnu/libpthread.so.0
#2  0xf7ec8c6e in std::condition_variable::wait(std::unique_lock<std::mutex>&) () from /usr/lib/i386-linux-gnu/libstdc++.so.6
#3  0xf7b43106 in CThreadedConnection::WorkerFunc() () from plugins/mysql.so
#4  0xf7b4d68f in void std::_Mem_fn_base<void (CThreadedConnection::*)(), true>::operator()<, void>(CThreadedConnection*) const () from plugins/mysql.so
#5  0xf7b4d5f5 in void std::_Bind<std::_Mem_fn<void (CThreadedConnection::*)()> (CThreadedConnection*)>::__call<void, , 0u>(std::tuple<>&&, std::_Index_tuple<0u>) () from plugins/mysql.so
#6  0xf7b4d53d in void std::_Bind<std::_Mem_fn<void (CThreadedConnection::*)()> (CThreadedConnection*)>::operator()<, void>() () from plugins/mysql.so
#7  0xf7b4d4f2 in void std::_Bind_simple<std::_Bind<std::_Mem_fn<void (CThreadedConnection::*)()> (CThreadedConnection*)> ()>::_M_invoke<>(std::_Index_tuple<>) () from plugins/mysql.so
#8  0xf7b4d42f in std::_Bind_simple<std::_Bind<std::_Mem_fn<void (CThreadedConnection::*)()> (CThreadedConnection*)> ()>::operator()() () from plugins/mysql.so
#9  0xf7b4d2f9 in std::thread::_Impl<std::_Bind_simple<std::_Bind<std::_Mem_fn<void (CThreadedConnection::*)()> (CThreadedConnection*)> ()> >::_M_run() () from plugins/mysql.so
#10 0xf7ece62e in ?? () from /usr/lib/i386-linux-gnu/libstdc++.so.6
#11 0xf7fae295 in start_thread () from /lib/i386-linux-gnu/libpthread.so.0
#12 0xf7cefeee in clone () from /lib/i386-linux-gnu/libc.so.6

Thread 6 (Thread 0xf32c5b40 (LWP 7873)):
#0  0xf7fd8be9 in __kernel_vsyscall ()
#1  0xf7fb3a6c in pthread_cond_wait@@GLIBC_2.3.2 () from /lib/i386-linux-gnu/libpthread.so.0
#2  0xf7ec8c6e in std::condition_variable::wait(std::unique_lock<std::mutex>&) () from /usr/lib/i386-linux-gnu/libstdc++.so.6
#3  0xf7b43106 in CThreadedConnection::WorkerFunc() () from plugins/mysql.so
#4  0xf7b4d68f in void std::_Mem_fn_base<void (CThreadedConnection::*)(), true>::operator()<, void>(CThreadedConnection*) const () from plugins/mysql.so
#5  0xf7b4d5f5 in void std::_Bind<std::_Mem_fn<void (CThreadedConnection::*)()> (CThreadedConnection*)>::__call<void, , 0u>(std::tuple<>&&, std::_Index_tuple<0u>) () from plugins/mysql.so
#6  0xf7b4d53d in void std::_Bind<std::_Mem_fn<void (CThreadedConnection::*)()> (CThreadedConnection*)>::operator()<, void>() () from plugins/mysql.so
#7  0xf7b4d4f2 in void std::_Bind_simple<std::_Bind<std::_Mem_fn<void (CThreadedConnection::*)()> (CThreadedConnection*)> ()>::_M_invoke<>(std::_Index_tuple<>) () from plugins/mysql.so
#8  0xf7b4d42f in std::_Bind_simple<std::_Bind<std::_Mem_fn<void (CThreadedConnection::*)()> (CThreadedConnection*)> ()>::operator()() () from plugins/mysql.so
#9  0xf7b4d2f9 in std::thread::_Impl<std::_Bind_simple<std::_Bind<std::_Mem_fn<void (CThreadedConnection::*)()> (CThreadedConnection*)> ()> >::_M_run() () from plugins/mysql.so
#10 0xf7ece62e in ?? () from /usr/lib/i386-linux-gnu/libstdc++.so.6
#11 0xf7fae295 in start_thread () from /lib/i386-linux-gnu/libpthread.so.0
#12 0xf7cefeee in clone () from /lib/i386-linux-gnu/libc.so.6

Thread 4 (Thread 0xf6124b40 (LWP 7852)):
#0  0xf7fd8be9 in __kernel_vsyscall ()
#1  0xf7cfc9a2 in ?? () from /lib/i386-linux-gnu/libc.so.6
#2  0xf7c76f2f in ?? () from /lib/i386-linux-gnu/libc.so.6
#3  0xf7e9fd88 in operator delete(void*) () from /usr/lib/i386-linux-gnu/libstdc++.so.6
#4  0xf7e9fde8 in operator delete[](void*) () from /usr/lib/i386-linux-gnu/libstdc++.so.6
#5  0x0807fbf8 in ?? ()
#6  0x0808013d in ?? ()
#7  0x08074c3a in ?? ()
#8  0x080763fe in ?? ()
#9  0xf7fae295 in start_thread () from /lib/i386-linux-gnu/libpthread.so.0
#10 0xf7cefeee in clone () from /lib/i386-linux-gnu/libc.so.6

Thread 3 (Thread 0xf6de6b40 (LWP 7851)):
#0  0xf7fd8be9 in __kernel_vsyscall ()
#1  0xf7cf06ca in epoll_wait () from /lib/i386-linux-gnu/libc.so.6
#2  0xf6e3300b in ?? () from plugins/irc.so
#3  0xf6e4d04d in ?? () from plugins/irc.so
#4  0xf6e4c162 in ?? () from plugins/irc.so
#5  0xf6e1db61 in ?? () from plugins/irc.so
#6  0xf7fae295 in start_thread () from /lib/i386-linux-gnu/libpthread.so.0
#7  0xf7cefeee in clone () from /lib/i386-linux-gnu/libc.so.6

Thread 2 (Thread 0xf767ab40 (LWP 7850)):
#0  0xf7fd8be9 in __kernel_vsyscall ()
#1  0xf7fb3a6c in pthread_cond_wait@@GLIBC_2.3.2 () from /lib/i386-linux-gnu/libpthread.so.0
#2  0xf7ec8c6e in std::condition_variable::wait(std::unique_lock<std::mutex>&) () from /usr/lib/i386-linux-gnu/libstdc++.so.6
#3  0xf7a9b884 in CLogManager::Process() () from log-core.so
#4  0xf7aa730b in void std::_Mem_fn_base<void (CLogManager::*)(), true>::operator()<, void>(CLogManager*) const () from log-core.so
#5  0xf7aa71f3 in void std::_Bind<std::_Mem_fn<void (CLogManager::*)()> (CLogManager*)>::__call<void, , 0u>(std::tuple<>&&, std::_Index_tuple<0u>) () from log-core.so
#6  0xf7aa70e1 in void std::_Bind<std::_Mem_fn<void (CLogManager::*)()> (CLogManager*)>::operator()<, void>() () from log-core.so
#7  0xf7aa706a in void std::_Bind_simple<std::_Bind<std::_Mem_fn<void (CLogManager::*)()> (CLogManager*)> ()>::_M_invoke<>(std::_Index_tuple<>) () from log-core.so
#8  0xf7aa6f33 in std::_Bind_simple<std::_Bind<std::_Mem_fn<void (CLogManager::*)()> (CLogManager*)> ()>::operator()() () from log-core.so
#9  0xf7aa6de7 in std::thread::_Impl<std::_Bind_simple<std::_Bind<std::_Mem_fn<void (CLogManager::*)()> (CLogManager*)> ()> >::_M_run() () from log-core.so
#10 0xf7ece62e in ?? () from /usr/lib/i386-linux-gnu/libstdc++.so.6
#11 0xf7fae295 in start_thread () from /lib/i386-linux-gnu/libpthread.so.0
#12 0xf7cefeee in clone () from /lib/i386-linux-gnu/libc.so.6

Thread 1 (Thread 0xf7c07700 (LWP 7846)):
#0  0xf7fd8be9 in __kernel_vsyscall ()
#1  0xf7c34ea9 in raise () from /lib/i386-linux-gnu/libc.so.6
#2  0xf7c36407 in abort () from /lib/i386-linux-gnu/libc.so.6
#3  0xf7c7037c in ?? () from /lib/i386-linux-gnu/libc.so.6
#4  0xf7c762f7 in ?? () from /lib/i386-linux-gnu/libc.so.6
#5  0xf7c7868c in ?? () from /lib/i386-linux-gnu/libc.so.6
#6  0xf7c79e45 in malloc () from /lib/i386-linux-gnu/libc.so.6
#7  0xf7ea2187 in operator new(unsigned int) () from /usr/lib/i386-linux-gnu/libstdc++.so.6
#8  0xf7ea225a in operator new[](unsigned int) () from /usr/lib/i386-linux-gnu/libstdc++.so.6
#9  0x0806e9be in ?? ()
#10 0x0806eb03 in ?? ()
#11 0x0807bba8 in ?? ()
#12 0x08071b43 in ?? ()
#13 0x0807c193 in ?? ()
#14 0x0806d61f in ?? ()
#15 0x0807c30f in ?? ()
#16 0x080ac299 in ?? ()
#17 0x080e22ba in ?? ()
#18 0xf640c63e in sampgdk_DestroyPlayerObject (playerid=18, objectid=814) at lib/sampgdk/sampgdk.c:7253
#19 0xf646d7f1 in sampgdk::DestroyPlayerObject (playerid=18, objectid=814) at lib/sampgdk/sampgdk.h:4281
#20 0xf64b418f in Streamer::streamObjects (this=0x81dd648, player=..., automatic=true) at src/streamer.cpp:1082
#21 0xf64add8d in Streamer::performPlayerChunkUpdate (this=0x81dd648, player=..., automatic=true) at src/streamer.cpp:262
#22 0xf64ad684 in Streamer::startAutomaticUpdate (this=0x81dd648) at src/streamer.cpp:132
#23 0xf645bf93 in ProcessTick () at src/main.cpp:280
#24 0x080d1ce2 in ?? ()
#25 0x080aef6c in ?? ()
#26 0x080aa13a in ?? ()
#27 0xf7c21637 in __libc_start_main () from /lib/i386-linux-gnu/libc.so.6
#28 0x0804b4e1 in ?? ()


Memory map:
Symbols from "/home/ubuntu/kcnr/samp03svr".
Native process:
	Using the running image of child Thread 0xf7c07700 (LWP 7846).
	While running this, GDB does not access memory from...
Local exec file:
	`/home/ubuntu/kcnr/samp03svr', file type elf32-i386.
	Entry point: 0x804b4c0
	0x08048134 - 0x08048147 is .interp
	0x08048148 - 0x08048168 is .note.ABI-tag
	0x08048168 - 0x080487c0 is .hash
	0x080487c0 - 0x080494b0 is .dynsym
	0x080494b0 - 0x08049ed4 is .dynstr
	0x08049ed4 - 0x0804a072 is .gnu.version
	0x0804a074 - 0x0804a1d4 is .gnu.version_r
	0x0804a1d4 - 0x0804a21c is .rel.dyn
	0x0804a21c - 0x0804a83c is .rel.plt
	0x0804a83c - 0x0804a86c is .init
	0x0804a86c - 0x0804b4bc is .plt
	0x0804b4c0 - 0x081506d4 is .text
	0x081506d4 - 0x081506f0 is .fini
	0x08150700 - 0x0816a2c0 is .rodata
	0x0816a2c0 - 0x0816d4bc is .eh_frame_hdr
	0x0816d4bc - 0x0817b468 is .eh_frame
	0x0817b468 - 0x0817fef8 is .gcc_except_table
	0x08180000 - 0x08180024 is .ctors
	0x08180024 - 0x0818002c is .dtors
	0x0818002c - 0x08180030 is .jcr
	0x08180030 - 0x08180120 is .dynamic
	0x08180120 - 0x08180124 is .got
	0x08180124 - 0x08180440 is .got.plt
	0x08180440 - 0x081a188c is .data
	0x081a18a0 - 0x081ccaac is .bss
	0xf7fd9114 - 0xf7fd9138 is .note.gnu.build-id in /lib/ld-linux.so.2
	0xf7fd9138 - 0xf7fd91fc is .hash in /lib/ld-linux.so.2
	0xf7fd91fc - 0xf7fd92e4 is .gnu.hash in /lib/ld-linux.so.2
	0xf7fd92e4 - 0xf7fd94c4 is .dynsym in /lib/ld-linux.so.2
	0xf7fd94c4 - 0xf7fd966d is .dynstr in /lib/ld-linux.so.2
	0xf7fd966e - 0xf7fd96aa is .gnu.version in /lib/ld-linux.so.2
	0xf7fd96ac - 0xf7fd9774 is .gnu.version_d in /lib/ld-linux.so.2
	0xf7fd9774 - 0xf7fd97dc is .rel.dyn in /lib/ld-linux.so.2
	0xf7fd97dc - 0xf7fd97fc is .rel.plt in /lib/ld-linux.so.2
	0xf7fd9800 - 0xf7fd9850 is .plt in /lib/ld-linux.so.2
	0xf7fd9850 - 0xf7fd9858 is .plt.got in /lib/ld-linux.so.2
	0xf7fd9860 - 0xf7ff261d is .text in /lib/ld-linux.so.2
	0xf7ff2620 - 0xf7ff68c0 is .rodata in /lib/ld-linux.so.2
	0xf7ff68c0 - 0xf7ff68c1 is .stapsdt.base in /lib/ld-linux.so.2
	0xf7ff68c4 - 0xf7ff6f78 is .eh_frame_hdr in /lib/ld-linux.so.2
	0xf7ff6f78 - 0xf7ffae30 is .eh_frame in /lib/ld-linux.so.2
	0xf7ffcc80 - 0xf7ffcf3c is .data.rel.ro in /lib/ld-linux.so.2
	0xf7ffcf3c - 0xf7ffcff4 is .dynamic in /lib/ld-linux.so.2
	0xf7ffcff4 - 0xf7ffcffc is .got in /lib/ld-linux.so.2
	0xf7ffd000 - 0xf7ffd01c is .got.plt in /lib/ld-linux.so.2
	0xf7ffd020 - 0xf7ffd858 is .data in /lib/ld-linux.so.2
	0xf7ffd858 - 0xf7ffd918 is .bss in /lib/ld-linux.so.2
	0xf7fd80b4 - 0xf7fd80ec is .hash in system-supplied DSO at 0xf7fd8000
	0xf7fd80ec - 0xf7fd8130 is .gnu.hash in system-supplied DSO at 0xf7fd8000
	0xf7fd8130 - 0xf7fd81c0 is .dynsym in system-supplied DSO at 0xf7fd8000
	0xf7fd81c0 - 0xf7fd8255 is .dynstr in system-supplied DSO at 0xf7fd8000
	0xf7fd8256 - 0xf7fd8268 is .gnu.version in system-supplied DSO at 0xf7fd8000
	0xf7fd8268 - 0xf7fd82bc is .gnu.version_d in system-supplied DSO at 0xf7fd8000
	0xf7fd82bc - 0xf7fd8344 is .dynamic in system-supplied DSO at 0xf7fd8000
	0xf7fd8344 - 0xf7fd8558 is .rodata in system-supplied DSO at 0xf7fd8000
	0xf7fd8558 - 0xf7fd85b8 is .note in system-supplied DSO at 0xf7fd8000
	0xf7fd85b8 - 0xf7fd85dc is .eh_frame_hdr in system-supplied DSO at 0xf7fd8000
	0xf7fd85dc - 0xf7fd86e8 is .eh_frame in system-supplied DSO at 0xf7fd8000
	0xf7fd86f0 - 0xf7fd8bed is .text in system-supplied DSO at 0xf7fd8000
	0xf7fd8bed - 0xf7fd8c21 is .altinstructions in system-supplied DSO at 0xf7fd8000
	0xf7fd8c21 - 0xf7fd8c2f is .altinstr_replacement in system-supplied DSO at 0xf7fd8000
	0xf7fc5114 - 0xf7fc5138 is .note.gnu.build-id in /lib/i386-linux-gnu/libdl.so.2
	0xf7fc5138 - 0xf7fc5158 is .note.ABI-tag in /lib/i386-linux-gnu/libdl.so.2
	0xf7fc5158 - 0xf7fc5210 is .gnu.hash in /lib/i386-linux-gnu/libdl.so.2
	0xf7fc5210 - 0xf7fc54b0 is .dynsym in /lib/i386-linux-gnu/libdl.so.2
	0xf7fc54b0 - 0xf7fc56be is .dynstr in /lib/i386-linux-gnu/libdl.so.2
	0xf7fc56be - 0xf7fc5712 is .gnu.version in /lib/i386-linux-gnu/libdl.so.2
	0xf7fc5714 - 0xf7fc57dc is .gnu.version_d in /lib/i386-linux-gnu/libdl.so.2
	0xf7fc57dc - 0xf7fc584c is .gnu.version_r in /lib/i386-linux-gnu/libdl.so.2
	0xf7fc584c - 0xf7fc58dc is .rel.dyn in /lib/i386-linux-gnu/libdl.so.2
	0xf7fc58dc - 0xf7fc592c is .rel.plt in /lib/i386-linux-gnu/libdl.so.2
	0xf7fc592c - 0xf7fc594f is .init in /lib/i386-linux-gnu/libdl.so.2
	0xf7fc5950 - 0xf7fc5a00 is .plt in /lib/i386-linux-gnu/libdl.so.2
	0xf7fc5a00 - 0xf7fc5a30 is .plt.got in /lib/i386-linux-gnu/libdl.so.2
	0xf7fc5a30 - 0xf7fc6961 is .text in /lib/i386-linux-gnu/libdl.so.2
	0xf7fc6964 - 0xf7fc6978 is .fini in /lib/i386-linux-gnu/libdl.so.2
	0xf7fc6978 - 0xf7fc6a1b is .rodata in /lib/i386-linux-gnu/libdl.so.2
	0xf7fc6a1c - 0xf7fc6af8 is .eh_frame_hdr in /lib/i386-linux-gnu/libdl.so.2
	0xf7fc6af8 - 0xf7fc7320 is .eh_frame in /lib/i386-linux-gnu/libdl.so.2
	0xf7fc7320 - 0xf7fc74d4 is .hash in /lib/i386-linux-gnu/libdl.so.2
	0xf7fc8eb0 - 0xf7fc8eb8 is .init_array in /lib/i386-linux-gnu/libdl.so.2
	0xf7fc8eb8 - 0xf7fc8ec0 is .fini_array in /lib/i386-linux-gnu/libdl.so.2
	0xf7fc8ec0 - 0xf7fc8ec4 is .jcr in /lib/i386-linux-gnu/libdl.so.2
	0xf7fc8ec4 - 0xf7fc8fcc is .dynamic in /lib/i386-linux-gnu/libdl.so.2
	0xf7fc8fcc - 0xf7fc9000 is .got in /lib/i386-linux-gnu/libdl.so.2
	0xf7fc9000 - 0xf7fc9034 is .got.plt in /lib/i386-linux-gnu/libdl.so.2
	0xf7fc9034 - 0xf7fc9038 is .data in /lib/i386-linux-gnu/libdl.so.2
	0xf7fc9038 - 0xf7fc9068 is .bss in /lib/i386-linux-gnu/libdl.so.2
	0xf7fa8154 - 0xf7fa8178 is .note.gnu.build-id in /lib/i386-linux-gnu/libpthread.so.0
	0xf7fa8178 - 0xf7fa8198 is .note.ABI-tag in /lib/i386-linux-gnu/libpthread.so.0
	0xf7fa8198 - 0xf7fa8ee0 is .gnu.hash in /lib/i386-linux-gnu/libpthread.so.0
	0xf7fa8ee0 - 0xf7faa500 is .dynsym in /lib/i386-linux-gnu/libpthread.so.0
	0xf7faa500 - 0xf7fab93b is .dynstr in /lib/i386-linux-gnu/libpthread.so.0
	0xf7fab93c - 0xf7fabc00 is .gnu.version in /lib/i386-linux-gnu/libpthread.so.0
	0xf7fabc00 - 0xf7fabe30 is .gnu.version_d in /lib/i386-linux-gnu/libpthread.so.0
	0xf7fabe30 - 0xf7fabed0 is .gnu.version_r in /lib/i386-linux-gnu/libpthread.so.0
	0xf7fabed0 - 0xf7fac140 is .rel.dyn in /lib/i386-linux-gnu/libpthread.so.0
	0xf7fac140 - 0xf7fac388 is .rel.plt in /lib/i386-linux-gnu/libpthread.so.0
	0xf7fac388 - 0xf7fac3a1 is .init in /lib/i386-linux-gnu/libpthread.so.0
	0xf7fac3b0 - 0xf7fac850 is .plt in /lib/i386-linux-gnu/libpthread.so.0
	0xf7fac850 - 0xf7fac868 is .plt.got in /lib/i386-linux-gnu/libpthread.so.0
	0xf7fac870 - 0xf7fb9ef1 is .text in /lib/i386-linux-gnu/libpthread.so.0
	0xf7fb9f00 - 0xf7fb9f94 is __libc_freeres_fn in /lib/i386-linux-gnu/libpthread.so.0
	0xf7fb9f94 - 0xf7fb9fa8 is .fini in /lib/i386-linux-gnu/libpthread.so.0
	0xf7fb9fc0 - 0xf7fbac94 is .rodata in /lib/i386-linux-gnu/libpthread.so.0
	0xf7fbac94 - 0xf7fbaca7 is .interp in /lib/i386-linux-gnu/libpthread.so.0
	0xf7fbaca7 - 0xf7fbaca8 is .stapsdt.base in /lib/i386-linux-gnu/libpthread.so.0
	0xf7fbaca8 - 0xf7fbb5cc is .eh_frame_hdr in /lib/i386-linux-gnu/libpthread.so.0
	0xf7fbb5cc - 0xf7fbf3cc is .eh_frame in /lib/i386-linux-gnu/libpthread.so.0
	0xf7fbf3cc - 0xf7fbf470 is .gcc_except_table in /lib/i386-linux-gnu/libpthread.so.0
	0xf7fbf470 - 0xf7fc0434 is .hash in /lib/i386-linux-gnu/libpthread.so.0
	0xf7fc1dac - 0xf7fc1db4 is .init_array in /lib/i386-linux-gnu/libpthread.so.0
	0xf7fc1db4 - 0xf7fc1db8 is .fini_array in /lib/i386-linux-gnu/libpthread.so.0
	0xf7fc1db8 - 0xf7fc1dbc is .jcr in /lib/i386-linux-gnu/libpthread.so.0
	0xf7fc1dbc - 0xf7fc1dc0 is __libc_subfreeres in /lib/i386-linux-gnu/libpthread.so.0
	0xf7fc1dc0 - 0xf7fc1e98 is .data.rel.ro in /lib/i386-linux-gnu/libpthread.so.0
	0xf7fc1e98 - 0xf7fc1fb0 is .dynamic in /lib/i386-linux-gnu/libpthread.so.0
	0xf7fc1fb0 - 0xf7fc1fe8 is .got in /lib/i386-linux-gnu/libpthread.so.0
	0xf7fc2000 - 0xf7fc2130 is .got.plt in /lib/i386-linux-gnu/libpthread.so.0
	0xf7fc2130 - 0xf7fc2164 is .data in /lib/i386-linux-gnu/libpthread.so.0
	0xf7fc2180 - 0xf7fc4260 is .bss in /lib/i386-linux-gnu/libpthread.so.0
	0xf7e31134 - 0xf7e31158 is .note.gnu.build-id in /usr/lib/i386-linux-gnu/libstdc++.so.6
	0xf7e31158 - 0xf7e392ec is .gnu.hash in /usr/lib/i386-linux-gnu/libstdc++.so.6
	0xf7e392ec - 0xf7e4e32c is .dynsym in /usr/lib/i386-linux-gnu/libstdc++.so.6
	0xf7e4e32c - 0xf7e8dea5 is .dynstr in /usr/lib/i386-linux-gnu/libstdc++.so.6
	0xf7e8dea6 - 0xf7e908ae is .gnu.version in /usr/lib/i386-linux-gnu/libstdc++.so.6
	0xf7e908b0 - 0xf7e90d74 is .gnu.version_d in /usr/lib/i386-linux-gnu/libstdc++.so.6
	0xf7e90d74 - 0xf7e90eb4 is .gnu.version_r in /usr/lib/i386-linux-gnu/libstdc++.so.6
	0xf7e90eb4 - 0xf7e986f4 is .rel.dyn in /usr/lib/i386-linux-gnu/libstdc++.so.6
	0xf7e986f4 - 0xf7e9a01c is .rel.plt in /usr/lib/i386-linux-gnu/libstdc++.so.6
	0xf7e9a01c - 0xf7e9a03f is .init in /usr/lib/i386-linux-gnu/libstdc++.so.6
	0xf7e9a040 - 0xf7e9d2a0 is .plt in /usr/lib/i386-linux-gnu/libstdc++.so.6
	0xf7e9d2a0 - 0xf7e9d360 is .plt.got in /usr/lib/i386-linux-gnu/libstdc++.so.6
	0xf7e9d360 - 0xf7f51ca4 is .text in /usr/lib/i386-linux-gnu/libstdc++.so.6
	0xf7f51ca4 - 0xf7f51cb8 is .fini in /usr/lib/i386-linux-gnu/libstdc++.so.6
	0xf7f51cc0 - 0xf7f58fe4 is .rodata in /usr/lib/i386-linux-gnu/libstdc++.so.6
	0xf7f58fe4 - 0xf7f58fe5 is .stapsdt.base in /usr/lib/i386-linux-gnu/libstdc++.so.6
	0xf7f58fe8 - 0xf7f604cc is .eh_frame_hdr in /usr/lib/i386-linux-gnu/libstdc++.so.6
	0xf7f604cc - 0xf7f97228 is .eh_frame in /usr/lib/i386-linux-gnu/libstdc++.so.6
	0xf7f97228 - 0xf7f9d3db is .gcc_except_table in /usr/lib/i386-linux-gnu/libstdc++.so.6
	0xf7f9f08c - 0xf7f9f09c is .tbss in /usr/lib/i386-linux-gnu/libstdc++.so.6
	0xf7f9f08c - 0xf7f9f0b8 is .init_array in /usr/lib/i386-linux-gnu/libstdc++.so.6
	0xf7f9f0b8 - 0xf7f9f0bc is .fini_array in /usr/lib/i386-linux-gnu/libstdc++.so.6
	0xf7f9f0bc - 0xf7f9f0c0 is .jcr in /usr/lib/i386-linux-gnu/libstdc++.so.6
	0xf7f9f0c0 - 0xf7fa3664 is .data.rel.ro in /usr/lib/i386-linux-gnu/libstdc++.so.6
	0xf7fa3664 - 0xf7fa3774 is .dynamic in /usr/lib/i386-linux-gnu/libstdc++.so.6
	0xf7fa3774 - 0xf7fa3ff4 is .got in /usr/lib/i386-linux-gnu/libstdc++.so.6
	0xf7fa4000 - 0xf7fa4ca0 is .got.plt in /usr/lib/i386-linux-gnu/libstdc++.so.6
	0xf7fa4ca0 - 0xf7fa4e44 is .data in /usr/lib/i386-linux-gnu/libstdc++.so.6
	0xf7fa4e60 - 0xf7fa7260 is .bss in /usr/lib/i386-linux-gnu/libstdc++.so.6
	0xf7ddc114 - 0xf7ddc138 is .note.gnu.build-id in /lib/i386-linux-gnu/libm.so.6
	0xf7ddc138 - 0xf7ddc158 is .note.ABI-tag in /lib/i386-linux-gnu/libm.so.6
	0xf7ddc158 - 0xf7ddd688 is .gnu.hash in /lib/i386-linux-gnu/libm.so.6
	0xf7ddd688 - 0xf7ddf1b8 is .dynsym in /lib/i386-linux-gnu/libm.so.6
	0xf7ddf1b8 - 0xf7ddfebb is .dynstr in /lib/i386-linux-gnu/libm.so.6
	0xf7ddfebc - 0xf7de0222 is .gnu.version in /lib/i386-linux-gnu/libm.so.6
	0xf7de0224 - 0xf7de0334 is .gnu.version_d in /lib/i386-linux-gnu/libm.so.6
	0xf7de0334 - 0xf7de0394 is .gnu.version_r in /lib/i386-linux-gnu/libm.so.6
	0xf7de0394 - 0xf7de040c is .rel.dyn in /lib/i386-linux-gnu/libm.so.6
	0xf7de040c - 0xf7de0474 is .rel.plt in /lib/i386-linux-gnu/libm.so.6
	0xf7de0474 - 0xf7de0497 is .init in /lib/i386-linux-gnu/libm.so.6
	0xf7de04a0 - 0xf7de0580 is .plt in /lib/i386-linux-gnu/libm.so.6
	0xf7de0580 - 0xf7de0590 is .plt.got in /lib/i386-linux-gnu/libm.so.6
	0xf7de0590 - 0xf7e180f7 is .text in /lib/i386-linux-gnu/libm.so.6
	0xf7e180f8 - 0xf7e1810c is .fini in /lib/i386-linux-gnu/libm.so.6
	0xf7e18120 - 0xf7e233d4 is .rodata in /lib/i386-linux-gnu/libm.so.6
	0xf7e233d4 - 0xf7e233d5 is .stapsdt.base in /lib/i386-linux-gnu/libm.so.6
	0xf7e233d8 - 0xf7e2440c is .eh_frame_hdr in /lib/i386-linux-gnu/libm.so.6
	0xf7e2440c - 0xf7e2d778 is .eh_frame in /lib/i386-linux-gnu/libm.so.6
	0xf7e2d778 - 0xf7e2eba0 is .hash in /lib/i386-linux-gnu/libm.so.6
	0xf7e2feb4 - 0xf7e2feb8 is .init_array in /lib/i386-linux-gnu/libm.so.6
	0xf7e2feb8 - 0xf7e2febc is .fini_array in /lib/i386-linux-gnu/libm.so.6
	0xf7e2febc - 0xf7e2fec0 is .jcr in /lib/i386-linux-gnu/libm.so.6
	0xf7e2fec0 - 0xf7e2ffd0 is .dynamic in /lib/i386-linux-gnu/libm.so.6
	0xf7e2ffd0 - 0xf7e30000 is .got in /lib/i386-linux-gnu/libm.so.6
	0xf7e30000 - 0xf7e30040 is .got.plt in /lib/i386-linux-gnu/libm.so.6
	0xf7e30040 - 0xf7e30048 is .data in /lib/i386-linux-gnu/libm.so.6
	0xf7e30048 - 0xf7e30050 is .bss in /lib/i386-linux-gnu/libm.so.6
	0xf7dbf0f4 - 0xf7dbf118 is .note.gnu.build-id in /lib/i386-linux-gnu/libgcc_s.so.1
	0xf7dbf118 - 0xf7dbf5e0 is .gnu.hash in /lib/i386-linux-gnu/libgcc_s.so.1
	0xf7dbf5e0 - 0xf7dbfff0 is .dynsym in /lib/i386-linux-gnu/libgcc_s.so.1
	0xf7dbfff0 - 0xf7dc0872 is .dynstr in /lib/i386-linux-gnu/libgcc_s.so.1
	0xf7dc0872 - 0xf7dc09b4 is .gnu.version in /lib/i386-linux-gnu/libgcc_s.so.1
	0xf7dc09b4 - 0xf7dc0b9c is .gnu.version_d in /lib/i386-linux-gnu/libgcc_s.so.1
	0xf7dc0b9c - 0xf7dc0bdc is .gnu.version_r in /lib/i386-linux-gnu/libgcc_s.so.1
	0xf7dc0bdc - 0xf7dc0c34 is .rel.dyn in /lib/i386-linux-gnu/libgcc_s.so.1
	0xf7dc0c34 - 0xf7dc0d8c is .rel.plt in /lib/i386-linux-gnu/libgcc_s.so.1
	0xf7dc0d8c - 0xf7dc0daf is .init in /lib/i386-linux-gnu/libgcc_s.so.1
	0xf7dc0db0 - 0xf7dc1070 is .plt in /lib/i386-linux-gnu/libgcc_s.so.1
	0xf7dc1070 - 0xf7dc1080 is .plt.got in /lib/i386-linux-gnu/libgcc_s.so.1
	0xf7dc1080 - 0xf7dd6d35 is .text in /lib/i386-linux-gnu/libgcc_s.so.1
	0xf7dd6d38 - 0xf7dd6d4c is .fini in /lib/i386-linux-gnu/libgcc_s.so.1
	0xf7dd6d60 - 0xf7dd76e0 is .rodata in /lib/i386-linux-gnu/libgcc_s.so.1
	0xf7dd76e0 - 0xf7dd7c14 is .eh_frame_hdr in /lib/i386-linux-gnu/libgcc_s.so.1
	0xf7dd7c14 - 0xf7dda824 is .eh_frame in /lib/i386-linux-gnu/libgcc_s.so.1
	0xf7ddb824 - 0xf7ddb82c is .init_array in /lib/i386-linux-gnu/libgcc_s.so.1
	0xf7ddb82c - 0xf7ddb830 is .fini_array in /lib/i386-linux-gnu/libgcc_s.so.1
	0xf7ddb830 - 0xf7ddb834 is .jcr in /lib/i386-linux-gnu/libgcc_s.so.1
	0xf7ddb834 - 0xf7ddb92c is .dynamic in /lib/i386-linux-gnu/libgcc_s.so.1
	0xf7ddb92c - 0xf7ddb948 is .got in /lib/i386-linux-gnu/libgcc_s.so.1
	0xf7ddb948 - 0xf7ddba00 is .got.plt in /lib/i386-linux-gnu/libgcc_s.so.1
	0xf7ddba00 - 0xf7ddba10 is .data in /lib/i386-linux-gnu/libgcc_s.so.1
	0xf7ddba20 - 0xf7ddbb94 is .bss in /lib/i386-linux-gnu/libgcc_s.so.1
	0xf7c09174 - 0xf7c09198 is .note.gnu.build-id in /lib/i386-linux-gnu/libc.so.6
	0xf7c09198 - 0xf7c091b8 is .note.ABI-tag in /lib/i386-linux-gnu/libc.so.6
	0xf7c091b8 - 0xf7c0cf28 is .gnu.hash in /lib/i386-linux-gnu/libc.so.6
	0xf7c0cf28 - 0xf7c16618 is .dynsym in /lib/i386-linux-gnu/libc.so.6
	0xf7c16618 - 0xf7c1c45c is .dynstr in /lib/i386-linux-gnu/libc.so.6
	0xf7c1c45c - 0xf7c1d73a is .gnu.version in /lib/i386-linux-gnu/libc.so.6
	0xf7c1d73c - 0xf7c1dc10 is .gnu.version_d in /lib/i386-linux-gnu/libc.so.6
	0xf7c1dc10 - 0xf7c1dc50 is .gnu.version_r in /lib/i386-linux-gnu/libc.so.6
	0xf7c1dc50 - 0xf7c20650 is .rel.dyn in /lib/i386-linux-gnu/libc.so.6
	0xf7c20650 - 0xf7c20698 is .rel.plt in /lib/i386-linux-gnu/libc.so.6
	0xf7c206a0 - 0xf7c20740 is .plt in /lib/i386-linux-gnu/libc.so.6
	0xf7c20740 - 0xf7c20750 is .plt.got in /lib/i386-linux-gnu/libc.so.6
	0xf7c20750 - 0xf7d4c04d is .text in /lib/i386-linux-gnu/libc.so.6
	0xf7d4c050 - 0xf7d4d07e is __libc_freeres_fn in /lib/i386-linux-gnu/libc.so.6
	0xf7d4d080 - 0xf7d4d2b9 is __libc_thread_freeres_fn in /lib/i386-linux-gnu/libc.so.6
	0xf7d4d2c0 - 0xf7d6de74 is .rodata in /lib/i386-linux-gnu/libc.so.6
	0xf7d6de74 - 0xf7d6de75 is .stapsdt.base in /lib/i386-linux-gnu/libc.so.6
	0xf7d6de78 - 0xf7d6de8b is .interp in /lib/i386-linux-gnu/libc.so.6
	0xf7d6de8c - 0xf7d74028 is .eh_frame_hdr in /lib/i386-linux-gnu/libc.so.6
	0xf7d74028 - 0xf7db44d4 is .eh_frame in /lib/i386-linux-gnu/libc.so.6
	0xf7db44d4 - 0xf7db4949 is .gcc_except_table in /lib/i386-linux-gnu/libc.so.6
	0xf7db494c - 0xf7db7f0c is .hash in /lib/i386-linux-gnu/libc.so.6
	0xf7db923c - 0xf7db9244 is .tdata in /lib/i386-linux-gnu/libc.so.6
	0xf7db9244 - 0xf7db9284 is .tbss in /lib/i386-linux-gnu/libc.so.6
	0xf7db9244 - 0xf7db9250 is .init_array in /lib/i386-linux-gnu/libc.so.6
	0xf7db9250 - 0xf7db92cc is __libc_subfreeres in /lib/i386-linux-gnu/libc.so.6
	0xf7db92cc - 0xf7db92d0 is __libc_atexit in /lib/i386-linux-gnu/libc.so.6
	0xf7db92d0 - 0xf7db92e0 is __libc_thread_subfreeres in /lib/i386-linux-gnu/libc.so.6
	0xf7db92e0 - 0xf7dbadb0 is .data.rel.ro in /lib/i386-linux-gnu/libc.so.6
	0xf7dbadb0 - 0xf7dbaea0 is .dynamic in /lib/i386-linux-gnu/libc.so.6
	0xf7dbaea0 - 0xf7dbaff0 is .got in /lib/i386-linux-gnu/libc.so.6
	0xf7dbb000 - 0xf7dbb030 is .got.plt in /lib/i386-linux-gnu/libc.so.6
	0xf7dbb040 - 0xf7dbbed4 is .data in /lib/i386-linux-gnu/libc.so.6
	0xf7dbbee0 - 0xf7dbea1c is .bss in /lib/i386-linux-gnu/libc.so.6
	0xf7adf114 - 0xf7adf138 is .note.gnu.build-id in plugins/mysql.so
	0xf7adf138 - 0xf7ae3c24 is .gnu.hash in plugins/mysql.so
	0xf7ae3c24 - 0xf7aed534 is .dynsym in plugins/mysql.so
	0xf7aed534 - 0xf7b2135c is .dynstr in plugins/mysql.so
	0xf7b2135c - 0xf7b2267e is .gnu.version in plugins/mysql.so
	0xf7b22680 - 0xf7b22830 is .gnu.version_r in plugins/mysql.so
	0xf7b22830 - 0xf7b24dc8 is .rel.dyn in plugins/mysql.so
	0xf7b24dc8 - 0xf7b27cb0 is .rel.plt in plugins/mysql.so
	0xf7b27cb0 - 0xf7b27cd3 is .init in plugins/mysql.so
	0xf7b27ce0 - 0xf7b2dac0 is .plt in plugins/mysql.so
	0xf7b2dac0 - 0xf7b2dae8 is .plt.got in plugins/mysql.so
	0xf7b2daf0 - 0xf7bb22e4 is .text in plugins/mysql.so
	0xf7bb22e4 - 0xf7bb22f8 is .fini in plugins/mysql.so
	0xf7bb2300 - 0xf7bbdf94 is .rodata in plugins/mysql.so
	0xf7bbdf94 - 0xf7bc99d8 is .eh_frame_hdr in plugins/mysql.so
	0xf7bc99d8 - 0xf7bfd1fc is .eh_frame in plugins/mysql.so
	0xf7bfd1fc - 0xf7c01878 is .gcc_except_table in plugins/mysql.so
	0xf7c032c4 - 0xf7c032d8 is .init_array in plugins/mysql.so
	0xf7c032d8 - 0xf7c032dc is .fini_array in plugins/mysql.so
	0xf7c032dc - 0xf7c032e0 is .jcr in plugins/mysql.so
	0xf7c032e0 - 0xf7c03e08 is .data.rel.ro in plugins/mysql.so
	0xf7c03e08 - 0xf7c03f28 is .dynamic in plugins/mysql.so
	0xf7c03f28 - 0xf7c03ff4 is .got in plugins/mysql.so
	0xf7c04000 - 0xf7c05780 is .got.plt in plugins/mysql.so
	0xf7c05780 - 0xf7c05949 is .data in plugins/mysql.so
	0xf7c05950 - 0xf7c05ae8 is .bss in plugins/mysql.so
	0xf7a77114 - 0xf7a77138 is .note.gnu.build-id in log-core.so
	0xf7a77138 - 0xf7a785f0 is .gnu.hash in log-core.so
	0xf7a785f0 - 0xf7a7b9e0 is .dynsym in log-core.so
	0xf7a7b9e0 - 0xf7a8b603 is .dynstr in log-core.so
	0xf7a8b604 - 0xf7a8bc82 is .gnu.version in log-core.so
	0xf7a8bc84 - 0xf7a8bda4 is .gnu.version_r in log-core.so
	0xf7a8bda4 - 0xf7a8f95c is .rel.dyn in log-core.so
	0xf7a8f95c - 0xf7a90b54 is .rel.plt in log-core.so
	0xf7a90b54 - 0xf7a90b77 is .init in log-core.so
	0xf7a90b80 - 0xf7a92f80 is .plt in log-core.so
	0xf7a92f80 - 0xf7a92f90 is .plt.got in log-core.so
	0xf7a92f90 - 0xf7ac42d4 is .text in log-core.so
	0xf7ac42d4 - 0xf7ac42e8 is .fini in log-core.so
	0xf7ac4300 - 0xf7ac75a4 is .rodata in log-core.so
	0xf7ac75a4 - 0xf7acb2f8 is .eh_frame_hdr in log-core.so
	0xf7acb2f8 - 0xf7adba9c is .eh_frame in log-core.so
	0xf7adba9c - 0xf7adc864 is .gcc_except_table in log-core.so
	0xf7addcdc - 0xf7addce4 is .init_array in log-core.so
	0xf7addce4 - 0xf7addce8 is .fini_array in log-core.so
	0xf7addce8 - 0xf7addcec is .jcr in log-core.so
	0xf7addcec - 0xf7addec0 is .data.rel.ro in log-core.so
	0xf7addec0 - 0xf7addfc0 is .dynamic in log-core.so
	0xf7addfc0 - 0xf7ade000 is .got in log-core.so
	0xf7ade000 - 0xf7ade908 is .got.plt in log-core.so
	0xf7ade920 - 0xf7adeae9 is .data in log-core.so
	0xf7adeaec - 0xf7adeb34 is .bss in log-core.so
	0xf7696114 - 0xf7696138 is .note.gnu.build-id in /usr/lib/i386-linux-gnu/libmysqlclient.so.20
	0xf7696138 - 0xf7696528 is .gnu.hash in /usr/lib/i386-linux-gnu/libmysqlclient.so.20
	0xf7696528 - 0xf76976b8 is .dynsym in /usr/lib/i386-linux-gnu/libmysqlclient.so.20
	0xf76976b8 - 0xf76986fc is .dynstr in /usr/lib/i386-linux-gnu/libmysqlclient.so.20
	0xf76986fc - 0xf769892e is .gnu.version in /usr/lib/i386-linux-gnu/libmysqlclient.so.20
	0xf7698930 - 0xf769898c is .gnu.version_d in /usr/lib/i386-linux-gnu/libmysqlclient.so.20
	0xf769898c - 0xf7698aec is .gnu.version_r in /usr/lib/i386-linux-gnu/libmysqlclient.so.20
	0xf7698aec - 0xf76a397c is .rel.dyn in /usr/lib/i386-linux-gnu/libmysqlclient.so.20
	0xf76a397c - 0xf76a399f is .init in /usr/lib/i386-linux-gnu/libmysqlclient.so.20
	0xf76a39a0 - 0xf76a39b0 is .plt in /usr/lib/i386-linux-gnu/libmysqlclient.so.20
	0xf76a39b0 - 0xf76a3e60 is .plt.got in /usr/lib/i386-linux-gnu/libmysqlclient.so.20
	0xf76a3e60 - 0xf77335b4 is .text in /usr/lib/i386-linux-gnu/libmysqlclient.so.20
	0xf77335b4 - 0xf77335c8 is .fini in /usr/lib/i386-linux-gnu/libmysqlclient.so.20
	0xf77335e0 - 0xf79ef2fe is .rodata in /usr/lib/i386-linux-gnu/libmysqlclient.so.20
	0xf79ef300 - 0xf79f3f9c is .eh_frame_hdr in /usr/lib/i386-linux-gnu/libmysqlclient.so.20
	0xf79f3f9c - 0xf7a0e0fc is .eh_frame in /usr/lib/i386-linux-gnu/libmysqlclient.so.20
	0xf7a0e0fc - 0xf7a10095 is .gcc_except_table in /usr/lib/i386-linux-gnu/libmysqlclient.so.20
	0xf7a111f4 - 0xf7a111f8 is .init_array in /usr/lib/i386-linux-gnu/libmysqlclient.so.20
	0xf7a111f8 - 0xf7a111fc is .fini_array in /usr/lib/i386-linux-gnu/libmysqlclient.so.20
	0xf7a111fc - 0xf7a11200 is .jcr in /usr/lib/i386-linux-gnu/libmysqlclient.so.20
	0xf7a11200 - 0xf7a13980 is .data.rel.ro in /usr/lib/i386-linux-gnu/libmysqlclient.so.20
	0xf7a13980 - 0xf7a13aa0 is .dynamic in /usr/lib/i386-linux-gnu/libmysqlclient.so.20
	0xf7a13aa0 - 0xf7a13fe8 is .got in /usr/lib/i386-linux-gnu/libmysqlclient.so.20
	0xf7a14000 - 0xf7a73c10 is .data in /usr/lib/i386-linux-gnu/libmysqlclient.so.20
	0xf7a73c20 - 0xf7a76b9c is .bss in /usr/lib/i386-linux-gnu/libmysqlclient.so.20
	0xf767b114 - 0xf767b138 is .note.gnu.build-id in /lib/i386-linux-gnu/libz.so.1
	0xf767b138 - 0xf767b3fc is .gnu.hash in /lib/i386-linux-gnu/libz.so.1
	0xf767b3fc - 0xf767bb0c is .dynsym in /lib/i386-linux-gnu/libz.so.1
	0xf767bb0c - 0xf767c059 is .dynstr in /lib/i386-linux-gnu/libz.so.1
	0xf767c05a - 0xf767c13c is .gnu.version in /lib/i386-linux-gnu/libz.so.1
	0xf767c13c - 0xf767c300 is .gnu.version_d in /lib/i386-linux-gnu/libz.so.1
	0xf767c300 - 0xf767c360 is .gnu.version_r in /lib/i386-linux-gnu/libz.so.1
	0xf767c360 - 0xf767c468 is .rel.dyn in /lib/i386-linux-gnu/libz.so.1
	0xf767c468 - 0xf767c500 is .rel.plt in /lib/i386-linux-gnu/libz.so.1
	0xf767c500 - 0xf767c523 is .init in /lib/i386-linux-gnu/libz.so.1
	0xf767c530 - 0xf767c670 is .plt in /lib/i386-linux-gnu/libz.so.1
	0xf767c670 - 0xf768c17d is .text in /lib/i386-linux-gnu/libz.so.1
	0xf768c180 - 0xf768c194 is .fini in /lib/i386-linux-gnu/libz.so.1
	0xf768c1a0 - 0xf7690464 is .rodata in /lib/i386-linux-gnu/libz.so.1
	0xf7690464 - 0xf76907f0 is .eh_frame_hdr in /lib/i386-linux-gnu/libz.so.1
	0xf76907f0 - 0xf7693274 is .eh_frame in /lib/i386-linux-gnu/libz.so.1
	0xf7694e34 - 0xf7694e38 is .init_array in /lib/i386-linux-gnu/libz.so.1
	0xf7694e38 - 0xf7694e3c is .fini_array in /lib/i386-linux-gnu/libz.so.1
	0xf7694e3c - 0xf7694e40 is .jcr in /lib/i386-linux-gnu/libz.so.1
	0xf7694e40 - 0xf7694ee8 is .data.rel.ro in /lib/i386-linux-gnu/libz.so.1
	0xf7694ee8 - 0xf7694fe0 is .dynamic in /lib/i386-linux-gnu/libz.so.1
	0xf7694fe0 - 0xf7694ff4 is .got in /lib/i386-linux-gnu/libz.so.1
	0xf7695000 - 0xf7695058 is .got.plt in /lib/i386-linux-gnu/libz.so.1
	0xf7695058 - 0xf7695098 is .data in /lib/i386-linux-gnu/libz.so.1
	0xf7695098 - 0xf769509c is .bss in /lib/i386-linux-gnu/libz.so.1
	0xf6e67114 - 0xf6e67138 is .note.gnu.build-id in /lib/i386-linux-gnu/libnss_files.so.2
	0xf6e67138 - 0xf6e67158 is .note.ABI-tag in /lib/i386-linux-gnu/libnss_files.so.2
	0xf6e67158 - 0xf6e67468 is .gnu.hash in /lib/i386-linux-gnu/libnss_files.so.2
	0xf6e67468 - 0xf6e67ba8 is .dynsym in /lib/i386-linux-gnu/libnss_files.so.2
	0xf6e67ba8 - 0xf6e68486 is .dynstr in /lib/i386-linux-gnu/libnss_files.so.2
	0xf6e68486 - 0xf6e6856e is .gnu.version in /lib/i386-linux-gnu/libnss_files.so.2
	0xf6e68570 - 0xf6e685a8 is .gnu.version_d in /lib/i386-linux-gnu/libnss_files.so.2
	0xf6e685a8 - 0xf6e68618 is .gnu.version_r in /lib/i386-linux-gnu/libnss_files.so.2
	0xf6e68618 - 0xf6e68680 is .rel.dyn in /lib/i386-linux-gnu/libnss_files.so.2
	0xf6e68680 - 0xf6e687a8 is .rel.plt in /lib/i386-linux-gnu/libnss_files.so.2
	0xf6e687a8 - 0xf6e687cb is .init in /lib/i386-linux-gnu/libnss_files.so.2
	0xf6e687d0 - 0xf6e68a30 is .plt in /lib/i386-linux-gnu/libnss_files.so.2
	0xf6e68a30 - 0xf6e68a50 is .plt.got in /lib/i386-linux-gnu/libnss_files.so.2
	0xf6e68a50 - 0xf6e6eb62 is .text in /lib/i386-linux-gnu/libnss_files.so.2
	0xf6e6eb64 - 0xf6e6eb78 is .fini in /lib/i386-linux-gnu/libnss_files.so.2
	0xf6e6eb78 - 0xf6e6ed46 is .rodata in /lib/i386-linux-gnu/libnss_files.so.2
	0xf6e6ed48 - 0xf6e6f04c is .eh_frame_hdr in /lib/i386-linux-gnu/libnss_files.so.2
	0xf6e6f04c - 0xf6e71384 is .eh_frame in /lib/i386-linux-gnu/libnss_files.so.2
	0xf6e71384 - 0xf6e718c0 is .hash in /lib/i386-linux-gnu/libnss_files.so.2
	0xf6e72ec4 - 0xf6e72ec8 is .init_array in /lib/i386-linux-gnu/libnss_files.so.2
	0xf6e72ec8 - 0xf6e72ecc is .fini_array in /lib/i386-linux-gnu/libnss_files.so.2
	0xf6e72ecc - 0xf6e72ed0 is .jcr in /lib/i386-linux-gnu/libnss_files.so.2
	0xf6e72ed0 - 0xf6e72fd8 is .dynamic in /lib/i386-linux-gnu/libnss_files.so.2
	0xf6e72fd8 - 0xf6e73000 is .got in /lib/i386-linux-gnu/libnss_files.so.2
	0xf6e73000 - 0xf6e730a0 is .got.plt in /lib/i386-linux-gnu/libnss_files.so.2
	0xf6e730a0 - 0xf6e730a4 is .data in /lib/i386-linux-gnu/libnss_files.so.2
	0xf6e730c0 - 0xf6e79364 is .bss in /lib/i386-linux-gnu/libnss_files.so.2
	0xf6df00f4 - 0xf6df1764 is .hash in plugins/irc.so
	0xf6df1764 - 0xf6df2c98 is .gnu.hash in plugins/irc.so
	0xf6df2c98 - 0xf6df65a8 is .dynsym in plugins/irc.so
	0xf6df65a8 - 0xf6e0644d is .dynstr in plugins/irc.so
	0xf6e0644e - 0xf6e06b70 is .gnu.version in plugins/irc.so
	0xf6e06b70 - 0xf6e06c50 is .gnu.version_r in plugins/irc.so
	0xf6e06c50 - 0xf6e192d8 is .rel.dyn in plugins/irc.so
	0xf6e192d8 - 0xf6e192e8 is .rel.plt in plugins/irc.so
	0xf6e192e8 - 0xf6e19318 is .init in plugins/irc.so
	0xf6e19318 - 0xf6e19348 is .plt in plugins/irc.so
	0xf6e19350 - 0xf6e56708 is .text in plugins/irc.so
	0xf6e56708 - 0xf6e56724 is .fini in plugins/irc.so
	0xf6e56740 - 0xf6e5b60c is .rodata in plugins/irc.so
	0xf6e5b60c - 0xf6e5c4d8 is .eh_frame_hdr in plugins/irc.so
	0xf6e5c4d8 - 0xf6e6067c is .eh_frame in plugins/irc.so
	0xf6e6067c - 0xf6e65765 is .gcc_except_table in plugins/irc.so
	0xf6e66768 - 0xf6e6676c is .tbss in plugins/irc.so
	0xf6e66768 - 0xf6e6678c is .ctors in plugins/irc.so
	0xf6e6678c - 0xf6e66794 is .dtors in plugins/irc.so
	0xf6e66794 - 0xf6e66798 is .jcr in plugins/irc.so
	0xf6e66798 - 0xf6e66890 is .dynamic in plugins/irc.so
	0xf6e66890 - 0xf6e6689c is .got in plugins/irc.so
	0xf6e6689c - 0xf6e668b0 is .got.plt in plugins/irc.so
	0xf6e668c0 - 0xf6e669a8 is .data in plugins/irc.so
	0xf6e669c0 - 0xf6e66b98 is .bss in plugins/irc.so
	0xf6de7114 - 0xf6de7138 is .note.gnu.build-id in /lib/i386-linux-gnu/librt.so.1
	0xf6de7138 - 0xf6de7158 is .note.ABI-tag in /lib/i386-linux-gnu/librt.so.1
	0xf6de7158 - 0xf6de7380 is .gnu.hash in /lib/i386-linux-gnu/librt.so.1
	0xf6de7380 - 0xf6de7a80 is .dynsym in /lib/i386-linux-gnu/librt.so.1
	0xf6de7a80 - 0xf6de801b is .dynstr in /lib/i386-linux-gnu/librt.so.1
	0xf6de801c - 0xf6de80fc is .gnu.version in /lib/i386-linux-gnu/librt.so.1
	0xf6de80fc - 0xf6de81c4 is .gnu.version_d in /lib/i386-linux-gnu/librt.so.1
	0xf6de81c4 - 0xf6de8274 is .gnu.version_r in /lib/i386-linux-gnu/librt.so.1
	0xf6de8274 - 0xf6de82fc is .rel.dyn in /lib/i386-linux-gnu/librt.so.1
	0xf6de82fc - 0xf6de84a4 is .rel.plt in /lib/i386-linux-gnu/librt.so.1
	0xf6de84a4 - 0xf6de84c7 is .init in /lib/i386-linux-gnu/librt.so.1
	0xf6de84d0 - 0xf6de8830 is .plt in /lib/i386-linux-gnu/librt.so.1
	0xf6de8830 - 0xf6de8840 is .plt.got in /lib/i386-linux-gnu/librt.so.1
	0xf6de8840 - 0xf6dec05c is .text in /lib/i386-linux-gnu/librt.so.1
	0xf6dec060 - 0xf6dec0af is __libc_freeres_fn in /lib/i386-linux-gnu/librt.so.1
	0xf6dec0b0 - 0xf6dec0c4 is .fini in /lib/i386-linux-gnu/librt.so.1
	0xf6dec0c4 - 0xf6dec3c8 is .rodata in /lib/i386-linux-gnu/librt.so.1
	0xf6dec3c8 - 0xf6dec624 is .eh_frame_hdr in /lib/i386-linux-gnu/librt.so.1
	0xf6dec624 - 0xf6ded994 is .eh_frame in /lib/i386-linux-gnu/librt.so.1
	0xf6ded994 - 0xf6ded9a8 is .gcc_except_table in /lib/i386-linux-gnu/librt.so.1
	0xf6ded9a8 - 0xf6dede94 is .hash in /lib/i386-linux-gnu/librt.so.1
	0xf6deeea8 - 0xf6deeeac is .init_array in /lib/i386-linux-gnu/librt.so.1
	0xf6deeeac - 0xf6deeeb0 is .fini_array in /lib/i386-linux-gnu/librt.so.1
	0xf6deeeb0 - 0xf6deeeb4 is .jcr in /lib/i386-linux-gnu/librt.so.1
	0xf6deeeb4 - 0xf6deeeb8 is __libc_subfreeres in /lib/i386-linux-gnu/librt.so.1
	0xf6deeeb8 - 0xf6deefd0 is .dynamic in /lib/i386-linux-gnu/librt.so.1
	0xf6deefd0 - 0xf6def000 is .got in /lib/i386-linux-gnu/librt.so.1
	0xf6def000 - 0xf6def0e0 is .got.plt in /lib/i386-linux-gnu/librt.so.1
	0xf6def0e0 - 0xf6def148 is .data in /lib/i386-linux-gnu/librt.so.1
	0xf6def160 - 0xf6def218 is .bss in /lib/i386-linux-gnu/librt.so.1
	0xf629c114 - 0xf629c138 is .note.gnu.build-id in plugins/streamerdebug.so
	0xf629c138 - 0xf62aee04 is .gnu.hash in plugins/streamerdebug.so
	0xf62aee04 - 0xf62d26c4 is .dynsym in plugins/streamerdebug.so
	0xf62d26c4 - 0xf63cc27f is .dynstr in plugins/streamerdebug.so
	0xf63cc280 - 0xf63d0998 is .gnu.version in plugins/streamerdebug.so
	0xf63d0998 - 0xf63d0a98 is .gnu.version_r in plugins/streamerdebug.so
	0xf63d0a98 - 0xf63d1e58 is .rel.dyn in plugins/streamerdebug.so
	0xf63d1e58 - 0xf63df168 is .rel.plt in plugins/streamerdebug.so
	0xf63df168 - 0xf63df18b is .init in plugins/streamerdebug.so
	0xf63df190 - 0xf63f97c0 is .plt in plugins/streamerdebug.so
	0xf63f97c0 - 0xf63f9810 is .plt.got in plugins/streamerdebug.so
	0xf63f9810 - 0xf64e1a64 is .text in plugins/streamerdebug.so
	0xf64e1a64 - 0xf64e1a78 is .fini in plugins/streamerdebug.so
	0xf64e1a80 - 0xf6580927 is .rodata in plugins/streamerdebug.so
	0xf6580928 - 0xf658f154 is .eh_frame_hdr in plugins/streamerdebug.so
	0xf658f154 - 0xf65d1718 is .eh_frame in plugins/streamerdebug.so
	0xf65d1718 - 0xf65dbc0e is .gcc_except_table in plugins/streamerdebug.so
	0xf65ddabc - 0xf65ddb38 is .init_array in plugins/streamerdebug.so
	0xf65ddb38 - 0xf65ddb3c is .fini_array in plugins/streamerdebug.so
	0xf65ddb3c - 0xf65ddb40 is .jcr in plugins/streamerdebug.so
	0xf65ddb40 - 0xf65dddf0 is .data.rel.ro in plugins/streamerdebug.so
	0xf65dddf0 - 0xf65ddef0 is .dynamic in plugins/streamerdebug.so
	0xf65ddef0 - 0xf65de000 is .got in plugins/streamerdebug.so
	0xf65de000 - 0xf65e4994 is .got.plt in plugins/streamerdebug.so
	0xf65e49a0 - 0xf65e51c8 is .data in plugins/streamerdebug.so
	0xf65e51e0 - 0xf65e5c44 is .bss in plugins/streamerdebug.so
	0xf628c0f4 - 0xf628c118 is .note.gnu.build-id in plugins/sscanf.so
	0xf628c118 - 0xf628c610 is .gnu.hash in plugins/sscanf.so
	0xf628c610 - 0xf628d080 is .dynsym in plugins/sscanf.so
	0xf628d080 - 0xf628da0f is .dynstr in plugins/sscanf.so
	0xf628da10 - 0xf628db5e is .gnu.version in plugins/sscanf.so
	0xf628db60 - 0xf628dbc0 is .gnu.version_r in plugins/sscanf.so
	0xf628dbc0 - 0xf628dcc0 is .rel.dyn in plugins/sscanf.so
	0xf628dcc0 - 0xf628dfd8 is .rel.plt in plugins/sscanf.so
	0xf628dfd8 - 0xf628e008 is .init in plugins/sscanf.so
	0xf628e008 - 0xf628e648 is .plt in plugins/sscanf.so
	0xf628e650 - 0xf62973d8 is .text in plugins/sscanf.so
	0xf62973d8 - 0xf62973f4 is .fini in plugins/sscanf.so
	0xf62973f4 - 0xf6298dce is .rodata in plugins/sscanf.so
	0xf6298dd0 - 0xf6299244 is .eh_frame_hdr in plugins/sscanf.so
	0xf6299244 - 0xf629ab24 is .eh_frame in plugins/sscanf.so
	0xf629bb24 - 0xf629bb2c is .ctors in plugins/sscanf.so
	0xf629bb2c - 0xf629bb34 is .dtors in plugins/sscanf.so
	0xf629bb34 - 0xf629bb38 is .jcr in plugins/sscanf.so
	0xf629bb38 - 0xf629bb3c is .data.rel.ro in plugins/sscanf.so
	0xf629bb3c - 0xf629bc14 is .dynamic in plugins/sscanf.so
	0xf629bc14 - 0xf629bc58 is .got in plugins/sscanf.so
	0xf629bc58 - 0xf629bdf0 is .got.plt in plugins/sscanf.so
	0xf629be00 - 0xf629be5c is .data in plugins/sscanf.so
	0xf629be5c - 0xf629be9c is .bss in plugins/sscanf.so
	0xf7fca0d4 - 0xf7fca2ac is .gnu.hash in plugins/Whirlpool.so
	0xf7fca2ac - 0xf7fca72c is .dynsym in plugins/Whirlpool.so
	0xf7fca72c - 0xf7fcaaf7 is .dynstr in plugins/Whirlpool.so
	0xf7fcaaf8 - 0xf7fcab88 is .gnu.version in plugins/Whirlpool.so
	0xf7fcab88 - 0xf7fcabd8 is .gnu.version_r in plugins/Whirlpool.so
	0xf7fcabd8 - 0xf7fcb768 is .rel.dyn in plugins/Whirlpool.so
	0xf7fcb768 - 0xf7fcb778 is .rel.plt in plugins/Whirlpool.so
	0xf7fcb778 - 0xf7fcb78f is .init in plugins/Whirlpool.so
	0xf7fcb790 - 0xf7fcb7c0 is .plt in plugins/Whirlpool.so
	0xf7fcb7c0 - 0xf7fce8a4 is .text in plugins/Whirlpool.so
	0xf7fce8a4 - 0xf7fce8c0 is .fini in plugins/Whirlpool.so
	0xf7fce8c0 - 0xf7fd2a18 is .rodata in plugins/Whirlpool.so
	0xf7fd2a18 - 0xf7fd2a44 is .eh_frame_hdr in plugins/Whirlpool.so
	0xf7fd2a44 - 0xf7fd2ad8 is .eh_frame in plugins/Whirlpool.so
	0xf7fd3ad8 - 0xf7fd3ae0 is .ctors in plugins/Whirlpool.so
	0xf7fd3ae0 - 0xf7fd3ae8 is .dtors in plugins/Whirlpool.so
	0xf7fd3ae8 - 0xf7fd3aec is .jcr in plugins/Whirlpool.so
	0xf7fd3aec - 0xf7fd3af0 is .data.rel.ro in plugins/Whirlpool.so
	0xf7fd3af0 - 0xf7fd3bd0 is .dynamic in plugins/Whirlpool.so
	0xf7fd3bd0 - 0xf7fd3bdc is .got in plugins/Whirlpool.so
	0xf7fd3bdc - 0xf7fd3bf0 is .got.plt in plugins/Whirlpool.so
	0xf7fd3bf0 - 0xf7fd3c00 is .data in plugins/Whirlpool.so
	0xf7fd3c00 - 0xf7fd3c10 is .bss in plugins/Whirlpool.so
	0xf6286114 - 0xf6286138 is .note.gnu.build-id in plugins/MapAndreas.so
	0xf6286138 - 0xf62863d4 is .gnu.hash in plugins/MapAndreas.so
	0xf62863d4 - 0xf62869d4 is .dynsym in plugins/MapAndreas.so
	0xf62869d4 - 0xf6286f81 is .dynstr in plugins/MapAndreas.so
	0xf6286f82 - 0xf6287042 is .gnu.version in plugins/MapAndreas.so
	0xf6287044 - 0xf62870b4 is .gnu.version_r in plugins/MapAndreas.so
	0xf62870b4 - 0xf628755c is .rel.dyn in plugins/MapAndreas.so
	0xf628755c - 0xf628756c is .rel.plt in plugins/MapAndreas.so
	0xf628756c - 0xf628758f is .init in plugins/MapAndreas.so
	0xf6287590 - 0xf62875c0 is .plt in plugins/MapAndreas.so
	0xf62875c0 - 0xf6288583 is .text in plugins/MapAndreas.so
	0xf6288584 - 0xf6288598 is .fini in plugins/MapAndreas.so
	0xf6288598 - 0xf62886e6 is .rodata in plugins/MapAndreas.so
	0xf62886e8 - 0xf628891c is .eh_frame_hdr in plugins/MapAndreas.so
	0xf628891c - 0xf628902c is .eh_frame in plugins/MapAndreas.so
	0xf628aeec - 0xf628aef4 is .init_array in plugins/MapAndreas.so
	0xf628aef4 - 0xf628aef8 is .fini_array in plugins/MapAndreas.so
	0xf628aef8 - 0xf628aefc is .jcr in plugins/MapAndreas.so
	0xf628aefc - 0xf628afec is .dynamic in plugins/MapAndreas.so
	0xf628afec - 0xf628b000 is .got in plugins/MapAndreas.so
	0xf628b000 - 0xf628b014 is .got.plt in plugins/MapAndreas.so
	0xf628b014 - 0xf628b018 is .data in plugins/MapAndreas.so
	0xf628b018 - 0xf628b03c is .bss in plugins/MapAndreas.so
	0xf623c114 - 0xf623c138 is .note.gnu.build-id in plugins/FCNPCdebug.so
	0xf623c138 - 0xf623d718 is .gnu.hash in plugins/FCNPCdebug.so
	0xf623d718 - 0xf62409b8 is .dynsym in plugins/FCNPCdebug.so
	0xf62409b8 - 0xf6246f8d is .dynstr in plugins/FCNPCdebug.so
	0xf6246f8e - 0xf62475e2 is .gnu.version in plugins/FCNPCdebug.so
	0xf62475e4 - 0xf62476c4 is .gnu.version_r in plugins/FCNPCdebug.so
	0xf62476c4 - 0xf624839c is .rel.dyn in plugins/FCNPCdebug.so
	0xf624839c - 0xf624903c is .rel.plt in plugins/FCNPCdebug.so
	0xf624903c - 0xf624905f is .init in plugins/FCNPCdebug.so
	0xf6249060 - 0xf624a9b0 is .plt in plugins/FCNPCdebug.so
	0xf624a9b0 - 0xf624a9c0 is .plt.got in plugins/FCNPCdebug.so
	0xf624a9c0 - 0xf6263444 is .text in plugins/FCNPCdebug.so
	0xf6263444 - 0xf6263458 is .fini in plugins/FCNPCdebug.so
	0xf6263460 - 0xf626531b is .rodata in plugins/FCNPCdebug.so
	0xf626531c - 0xf62666f0 is .eh_frame_hdr in plugins/FCNPCdebug.so
	0xf62666f0 - 0xf62725c4 is .eh_frame in plugins/FCNPCdebug.so
	0xf62725c4 - 0xf62727e9 is .gcc_except_table in plugins/FCNPCdebug.so
	0xf6273d98 - 0xf6273da4 is .init_array in plugins/FCNPCdebug.so
	0xf6273da4 - 0xf6273da8 is .fini_array in plugins/FCNPCdebug.so
	0xf6273da8 - 0xf6273dac is .jcr in plugins/FCNPCdebug.so
	0xf6273dac - 0xf6273eac is .dynamic in plugins/FCNPCdebug.so
	0xf6273eac - 0xf6274000 is .got in plugins/FCNPCdebug.so
	0xf6274000 - 0xf627465c is .got.plt in plugins/FCNPCdebug.so
	0xf6274660 - 0xf6284f94 is .data in plugins/FCNPCdebug.so
	0xf6284fa0 - 0xf6285168 is .bss in plugins/FCNPCdebug.so
	0xf6238114 - 0xf6238138 is .note.gnu.build-id in plugins/nativechecker.so
	0xf6238138 - 0xf62382f4 is .gnu.hash in plugins/nativechecker.so
	0xf62382f4 - 0xf62386a4 is .dynsym in plugins/nativechecker.so
	0xf62386a4 - 0xf62389b5 is .dynstr in plugins/nativechecker.so
	0xf62389b6 - 0xf6238a2c is .gnu.version in plugins/nativechecker.so
	0xf6238a2c - 0xf6238a6c is .gnu.version_r in plugins/nativechecker.so
	0xf6238a6c - 0xf6238c0c is .rel.dyn in plugins/nativechecker.so
	0xf6238c0c - 0xf6238c1c is .rel.plt in plugins/nativechecker.so
	0xf6238c1c - 0xf6238c4c is .init in plugins/nativechecker.so
	0xf6238c4c - 0xf6238c7c is .plt in plugins/nativechecker.so
	0xf6238c80 - 0xf6239378 is .text in plugins/nativechecker.so
	0xf6239378 - 0xf6239394 is .fini in plugins/nativechecker.so
	0xf6239394 - 0xf62393bc is .rodata in plugins/nativechecker.so
	0xf62393bc - 0xf6239548 is .eh_frame_hdr in plugins/nativechecker.so
	0xf6239548 - 0xf6239aac is .eh_frame in plugins/nativechecker.so
	0xf623aef4 - 0xf623aefc is .ctors in plugins/nativechecker.so
	0xf623aefc - 0xf623af04 is .dtors in plugins/nativechecker.so
	0xf623af04 - 0xf623af08 is .jcr in plugins/nativechecker.so
	0xf623af08 - 0xf623afe8 is .dynamic in plugins/nativechecker.so
	0xf623afe8 - 0xf623aff4 is .got in plugins/nativechecker.so
	0xf623aff4 - 0xf623b008 is .got.plt in plugins/nativechecker.so
	0xf623b008 - 0xf623b00c is .data in plugins/nativechecker.so
	0xf623b00c - 0xf623b01c is .bss in plugins/nativechecker.so
	0xf613e114 - 0xf613e138 is .note.gnu.build-id in /lib/i386-linux-gnu/libnss_dns.so.2
	0xf613e138 - 0xf613e158 is .note.ABI-tag in /lib/i386-linux-gnu/libnss_dns.so.2
	0xf613e158 - 0xf613e1cc is .gnu.hash in /lib/i386-linux-gnu/libnss_dns.so.2
	0xf613e1cc - 0xf613e47c is .dynsym in /lib/i386-linux-gnu/libnss_dns.so.2
	0xf613e47c - 0xf613e759 is .dynstr in /lib/i386-linux-gnu/libnss_dns.so.2
	0xf613e75a - 0xf613e7b0 is .gnu.version in /lib/i386-linux-gnu/libnss_dns.so.2
	0xf613e7b0 - 0xf613e7e8 is .gnu.version_d in /lib/i386-linux-gnu/libnss_dns.so.2
	0xf613e7e8 - 0xf613e878 is .gnu.version_r in /lib/i386-linux-gnu/libnss_dns.so.2
	0xf613e878 - 0xf613e8e0 is .rel.dyn in /lib/i386-linux-gnu/libnss_dns.so.2
	0xf613e8e0 - 0xf613e990 is .rel.plt in /lib/i386-linux-gnu/libnss_dns.so.2
	0xf613e990 - 0xf613e9b3 is .init in /lib/i386-linux-gnu/libnss_dns.so.2
	0xf613e9c0 - 0xf613eb30 is .plt in /lib/i386-linux-gnu/libnss_dns.so.2
	0xf613eb30 - 0xf613eb50 is .plt.got in /lib/i386-linux-gnu/libnss_dns.so.2
	0xf613eb50 - 0xf6141933 is .text in /lib/i386-linux-gnu/libnss_dns.so.2
	0xf6141934 - 0xf6141948 is .fini in /lib/i386-linux-gnu/libnss_dns.so.2
	0xf6141948 - 0xf6141a2c is .rodata in /lib/i386-linux-gnu/libnss_dns.so.2
	0xf6141a2c - 0xf6141ab8 is .eh_frame_hdr in /lib/i386-linux-gnu/libnss_dns.so.2
	0xf6141ab8 - 0xf6142384 is .eh_frame in /lib/i386-linux-gnu/libnss_dns.so.2
	0xf6142384 - 0xf6142564 is .hash in /lib/i386-linux-gnu/libnss_dns.so.2
	0xf6143ebc - 0xf6143ec0 is .init_array in /lib/i386-linux-gnu/libnss_dns.so.2
	0xf6143ec0 - 0xf6143ec4 is .fini_array in /lib/i386-linux-gnu/libnss_dns.so.2
	0xf6143ec4 - 0xf6143ec8 is .jcr in /lib/i386-linux-gnu/libnss_dns.so.2
	0xf6143ec8 - 0xf6143fd8 is .dynamic in /lib/i386-linux-gnu/libnss_dns.so.2
	0xf6143fd8 - 0xf6144000 is .got in /lib/i386-linux-gnu/libnss_dns.so.2
	0xf6144000 - 0xf6144064 is .got.plt in /lib/i386-linux-gnu/libnss_dns.so.2
	0xf6144064 - 0xf6144068 is .data in /lib/i386-linux-gnu/libnss_dns.so.2
	0xf6144068 - 0xf614406c is .bss in /lib/i386-linux-gnu/libnss_dns.so.2
	0xf6125114 - 0xf6125138 is .note.gnu.build-id in /lib/i386-linux-gnu/libresolv.so.2
	0xf6125138 - 0xf6125158 is .note.ABI-tag in /lib/i386-linux-gnu/libresolv.so.2
	0xf6125158 - 0xf61256d8 is .gnu.hash in /lib/i386-linux-gnu/libresolv.so.2
	0xf61256d8 - 0xf6126168 is .dynsym in /lib/i386-linux-gnu/libresolv.so.2
	0xf6126168 - 0xf6126906 is .dynstr in /lib/i386-linux-gnu/libresolv.so.2
	0xf6126906 - 0xf6126a58 is .gnu.version in /lib/i386-linux-gnu/libresolv.so.2
	0xf6126a58 - 0xf6126b20 is .gnu.version_d in /lib/i386-linux-gnu/libresolv.so.2
	0xf6126b20 - 0xf6126b90 is .gnu.version_r in /lib/i386-linux-gnu/libresolv.so.2
	0xf6126b90 - 0xf6127148 is .rel.dyn in /lib/i386-linux-gnu/libresolv.so.2
	0xf6127148 - 0xf61272e0 is .rel.plt in /lib/i386-linux-gnu/libresolv.so.2
	0xf61272e0 - 0xf6127303 is .init in /lib/i386-linux-gnu/libresolv.so.2
	0xf6127310 - 0xf6127650 is .plt in /lib/i386-linux-gnu/libresolv.so.2
	0xf6127650 - 0xf6127660 is .plt.got in /lib/i386-linux-gnu/libresolv.so.2
	0xf6127660 - 0xf6133f04 is .text in /lib/i386-linux-gnu/libresolv.so.2
	0xf6133f04 - 0xf6133f18 is .fini in /lib/i386-linux-gnu/libresolv.so.2
	0xf6133f20 - 0xf6135410 is .rodata in /lib/i386-linux-gnu/libresolv.so.2
	0xf6135410 - 0xf61357f4 is .eh_frame_hdr in /lib/i386-linux-gnu/libresolv.so.2
	0xf61357f4 - 0xf6138484 is .eh_frame in /lib/i386-linux-gnu/libresolv.so.2
	0xf6138484 - 0xf6138ba4 is .hash in /lib/i386-linux-gnu/libresolv.so.2
	0xf613aa14 - 0xf613aa18 is .init_array in /lib/i386-linux-gnu/libresolv.so.2
	0xf613aa18 - 0xf613aa1c is .fini_array in /lib/i386-linux-gnu/libresolv.so.2
	0xf613aa1c - 0xf613aa20 is .jcr in /lib/i386-linux-gnu/libresolv.so.2
	0xf613aa20 - 0xf613aeb4 is .data.rel.ro in /lib/i386-linux-gnu/libresolv.so.2
	0xf613aeb4 - 0xf613afbc is .dynamic in /lib/i386-linux-gnu/libresolv.so.2
	0xf613afbc - 0xf613afe4 is .got in /lib/i386-linux-gnu/libresolv.so.2
	0xf613b000 - 0xf613b0d8 is .got.plt in /lib/i386-linux-gnu/libresolv.so.2
	0xf613b0e0 - 0xf613b140 is .data in /lib/i386-linux-gnu/libresolv.so.2
	0xf613b140 - 0xf613d7e8 is .bss in /lib/i386-linux-gnu/libresolv.so.2
Saved corefile core.7846

```

**Comment by karimcambridge** [comment]
Hopefully this one is useful

https://pastebin.com/GRjSTatJ

**Comment by samp-incognito** [comment]
The plugin is pretty far down in both of those backtraces. It seems to me that something else caused those crashes, though I don't know what.

**Comment by karimcambridge** [comment]
I got it!

https://pastebin.com/hEedQBMa

**Comment by karimcambridge** [comment]
Something?

https://pastebin.com/WuHZ3Twc

**Comment by karimcambridge** [comment]
https://pastebin.com/hCAexLnf

Another one!

**Comment by samp-incognito** [comment]
It looks like it just simply crashed those last few times when elements were being added or removed from containers. That would normally be caused by something like invalidated iterators, but in your case, it seems to be happening when memory is being allocated or deallocated.

I would say that there are some memory errors occurring somewhere which are corrupting the heap. If you run the server in Valgrind, you might get a clearer picture of where they might be originating (it could be a different plugin causing this as well).

**Comment by karimcambridge** [comment]
Argh.

**Comment by karimcambridge** [comment]
As far as I can see, over the recent updates there has been more and more crash issues arising after updating streamer and alot of people are getting these issues. I have not updated anything else so I'm convinced streamer is the cause of these memory issues.

**Comment by samp-incognito** [comment]
Has it crashed on 2.8.2? Someone else said that version was more stable.

**Comment by karimcambridge** [comment]
It is. It's weird right, take a look at https://github.com/pBlueG/SA-MP-MySQL/issues/155 and https://github.com/pBlueG/SA-MP-MySQL/issues/152

It's like when using 2.9.1 my mysql_real_connect was hanging, it was weird af, now my server is always starting? I don't understand. Tbh The last REAL stable versions we're 2.7.*. My server lasted WEEKS with those, now in 2.8.2 it has an occasional freeze (memory issue with a plugin I assume). But idk how to explain it really, like gdb isn't giving any helpful feedback. I'm trying to setup valgrind to help.

**Comment by IstuntmanI** [comment]
This issue looks related to #205. @karimcambridge, if you are still using v2.9.0 or v2.9.1 you should update to the version I linked there.

I think that this issue should be closed. Let's just keep everyone with this issue in one place.

**Comment by karimcambridge** [comment]
Nah it's fine rn, sick of risking my live server to crashes. 2.8.2 works great.

Thanks.

**Comment by rt-2** [comment]
Same here, I'm monitoring to see when it will be considered stable.
When updating I get a crash every 2-3 days but not always.
It's important that those who crashes way more often and that can actually test this, does.
rt-2
